#
# There is insufficient memory for the Java Runtime Environment to continue.
# Native memory allocation (malloc) failed to allocate 176576 bytes for Chunk::new
# Possible reasons:
#   The system is out of physical RAM or swap space
#   The process is running with CompressedOops enabled, and the Java Heap may be blocking the growth of the native heap
# Possible solutions:
#   Reduce memory load on the system
#   Increase physical memory or swap space
#   Check if swap backing store is full
#   Decrease Java heap size (-Xmx/-Xms)
#   Decrease number of Java threads
#   Decrease Java thread stack sizes (-Xss)
#   Set larger code cache with -XX:ReservedCodeCacheSize=
#   JVM is running with Unscaled Compressed Oops mode in which the Java heap is
#     placed in the first 4GB address space. The Java Heap base address is the
#     maximum limit for the native heap growth. Please use -XX:HeapBaseMinAddress
#     to set the Java Heap base and to place the Java Heap above 4GB virtual address.
# This output file may be truncated or incomplete.
#
#  Out of Memory Error (./open/src/hotspot/share/memory/arena.cpp:197), pid=872, tid=10096
#
# JRE version: Java(TM) SE Runtime Environment 18.9 (11.0.15+8) (build 11.0.15+8-LTS-149)
# Java VM: Java HotSpot(TM) 64-Bit Server VM 18.9 (11.0.15+8-LTS-149, mixed mode, tiered, compressed oops, g1 gc, windows-amd64)
# No core dump will be written. Minidumps are not enabled by default on client versions of Windows
#

---------------  S U M M A R Y ------------

Command Line: -javaagent:C:\Program Files\JetBrains\IntelliJ IDEA Community Edition 2022.2.1\lib\idea_rt.jar=52809:C:\Program Files\JetBrains\IntelliJ IDEA Community Edition 2022.2.1\bin -Dfile.encoding=UTF-8 com.training.springboot.SpringBootH2Application

Host: Intel(R) Xeon(R) Platinum 8272CL CPU @ 2.60GHz, 2 cores, 7G,  Windows 10 , 64 bit Build 19041 (10.0.19041.1889)
Time: Tue Sep  6 06:18:36 2022 Coordinated Universal Time elapsed time: 91.733618 seconds (0d 0h 1m 31s)

---------------  T H R E A D  ---------------

Current thread (0x00000248ff27e000):  JavaThread "C2 CompilerThread0" daemon [_thread_in_native, id=10096, stack(0x000000ab74100000,0x000000ab74200000)]


Current CompileTask:
C2:  91733 5419       4       org.springframework.boot.devtools.filewatch.FileSnapshot::hashCode (49 bytes)

Stack: [0x000000ab74100000,0x000000ab74200000]
Native frames: (J=compiled Java code, j=interpreted, Vv=VM code, C=native code)
V  [jvm.dll+0x629d8a]
V  [jvm.dll+0x7638ff]
V  [jvm.dll+0x764fa9]
V  [jvm.dll+0x765633]
V  [jvm.dll+0x23d9c8]
V  [jvm.dll+0xb2a1c]
V  [jvm.dll+0xb2fdc]
V  [jvm.dll+0x2ae744]
V  [jvm.dll+0x53d4c6]
V  [jvm.dll+0x20089d]
V  [jvm.dll+0x1fa64a]
V  [jvm.dll+0x1f762d]
V  [jvm.dll+0x177c51]
V  [jvm.dll+0x207026]
V  [jvm.dll+0x2051bb]
V  [jvm.dll+0x729820]
V  [jvm.dll+0x7223f4]
V  [jvm.dll+0x628c26]
C  [ucrtbase.dll+0x21bb2]
C  [KERNEL32.DLL+0x17034]
C  [ntdll.dll+0x52651]


---------------  P R O C E S S  ---------------

Threads class SMR info:
_java_thread_list=0x0000024886a5f170, length=19, elements={
0x00000248ff26d800, 0x00000248ff264000, 0x00000248ffbf2800, 0x00000248ff277000,
0x00000248ff27a000, 0x00000248ff27e000, 0x00000248ff27f000, 0x00000248ff2ab800,
0x00000248ffd37000, 0x00000248ffe83800, 0x000002488744e000, 0x000002488a5c2000,
0x00000248891f1800, 0x0000024888eb4800, 0x0000024888eb5800, 0x0000024888eb8000,
0x0000024888ebc000, 0x0000024888eb8800, 0x0000024888eb6000
}

Java Threads: ( => current thread )
  0x00000248ff26d800 JavaThread "Reference Handler" daemon [_thread_blocked, id=9576, stack(0x000000ab73c00000,0x000000ab73d00000)]
  0x00000248ff264000 JavaThread "Finalizer" daemon [_thread_blocked, id=12556, stack(0x000000ab73d00000,0x000000ab73e00000)]
  0x00000248ffbf2800 JavaThread "Signal Dispatcher" daemon [_thread_blocked, id=8988, stack(0x000000ab73e00000,0x000000ab73f00000)]
  0x00000248ff277000 JavaThread "Attach Listener" daemon [_thread_blocked, id=12496, stack(0x000000ab73f00000,0x000000ab74000000)]
  0x00000248ff27a000 JavaThread "Service Thread" daemon [_thread_blocked, id=1224, stack(0x000000ab74000000,0x000000ab74100000)]
=>0x00000248ff27e000 JavaThread "C2 CompilerThread0" daemon [_thread_in_native, id=10096, stack(0x000000ab74100000,0x000000ab74200000)]
  0x00000248ff27f000 JavaThread "C1 CompilerThread0" daemon [_thread_blocked, id=12664, stack(0x000000ab74200000,0x000000ab74300000)]
  0x00000248ff2ab800 JavaThread "Sweeper thread" daemon [_thread_blocked, id=4056, stack(0x000000ab74300000,0x000000ab74400000)]
  0x00000248ffd37000 JavaThread "Common-Cleaner" daemon [_thread_blocked, id=12264, stack(0x000000ab74400000,0x000000ab74500000)]
  0x00000248ffe83800 JavaThread "Monitor Ctrl-Break" daemon [_thread_in_native, id=12176, stack(0x000000ab74500000,0x000000ab74600000)]
  0x000002488744e000 JavaThread "mysql-cj-abandoned-connection-cleanup" daemon [_thread_blocked, id=7084, stack(0x000000ab74a00000,0x000000ab74b00000)]
  0x000002488a5c2000 JavaThread "HikariPool-1 housekeeper" daemon [_thread_blocked, id=12600, stack(0x000000ab74b00000,0x000000ab74c00000)]
  0x00000248891f1800 JavaThread "Catalina-utility-1" [_thread_blocked, id=7584, stack(0x000000ab74d00000,0x000000ab74e00000)]
  0x0000024888eb4800 JavaThread "Catalina-utility-2" [_thread_blocked, id=5620, stack(0x000000ab74e00000,0x000000ab74f00000)]
  0x0000024888eb5800 JavaThread "container-0" [_thread_blocked, id=8424, stack(0x000000ab74f00000,0x000000ab75000000)]
  0x0000024888eb8000 JavaThread "File Watcher" daemon [_thread_blocked, id=8928, stack(0x000000ab74c00000,0x000000ab74d00000)]
  0x0000024888ebc000 JavaThread "http-nio-8089-Poller" daemon [_thread_in_native, id=11936, stack(0x000000ab75000000,0x000000ab75100000)]
  0x0000024888eb8800 JavaThread "http-nio-8089-Acceptor" daemon [_thread_in_native, id=12384, stack(0x000000ab75100000,0x000000ab75200000)]
  0x0000024888eb6000 JavaThread "DestroyJavaVM" [_thread_blocked, id=12296, stack(0x000000ab73500000,0x000000ab73600000)]

Other Threads:
  0x00000248ff25a800 VMThread "VM Thread" [stack: 0x000000ab73b00000,0x000000ab73c00000] [id=9560]
  0x00000248860a8800 WatcherThread [stack: 0x000000ab74600000,0x000000ab74700000] [id=5852]
  0x00000248e6018000 GCTaskThread "GC Thread#0" [stack: 0x000000ab73600000,0x000000ab73700000] [id=10372]
  0x000002488626d000 GCTaskThread "GC Thread#1" [stack: 0x000000ab74700000,0x000000ab74800000] [id=9968]
  0x00000248e6048800 ConcurrentGCThread "G1 Main Marker" [stack: 0x000000ab73700000,0x000000ab73800000] [id=4112]
  0x00000248e604b000 ConcurrentGCThread "G1 Conc#0" [stack: 0x000000ab73800000,0x000000ab73900000] [id=3192]
  0x00000248e60d4800 ConcurrentGCThread "G1 Refine#0" [stack: 0x000000ab73900000,0x000000ab73a00000] [id=7480]
  0x00000248e60d5800 ConcurrentGCThread "G1 Young RemSet Sampling" [stack: 0x000000ab73a00000,0x000000ab73b00000] [id=4768]

Threads with active compile tasks:
C2 CompilerThread0  91751 5419       4       org.springframework.boot.devtools.filewatch.FileSnapshot::hashCode (49 bytes)

VM state:not at safepoint (normal execution)

VM Mutex/Monitor currently owned by a thread: None

Heap address: 0x0000000080000000, size: 2048 MB, Compressed Oops mode: 32-bit
Narrow klass base: 0x0000000000000000, Narrow klass shift: 3
Compressed class space size: 1073741824 Address: 0x0000000100000000

Heap:
 garbage-first heap   total 192512K, used 50519K [0x0000000080000000, 0x0000000100000000)
  region size 1024K, 31 young (31744K), 8 survivors (8192K)
 Metaspace       used 70692K, capacity 72715K, committed 73040K, reserved 1112064K
  class space    used 9171K, capacity 9985K, committed 10108K, reserved 1048576K
Heap Regions: E=young(eden), S=young(survivor), O=old, HS=humongous(starts), HC=humongous(continues), CS=collection set, F=free, A=archive, TAMS=top-at-mark-start (previous, next)
|   0|0x0000000080000000, 0x0000000080100000, 0x0000000080100000|100%|HS|  |TAMS 0x0000000080100000, 0x0000000080000000| Complete 
|   1|0x0000000080100000, 0x0000000080200000, 0x0000000080200000|100%| O|  |TAMS 0x0000000080200000, 0x0000000080100000| Untracked 
|   2|0x0000000080200000, 0x0000000080300000, 0x0000000080300000|100%| O|  |TAMS 0x0000000080300000, 0x0000000080200000| Untracked 
|   3|0x0000000080300000, 0x0000000080400000, 0x0000000080400000|100%| O|  |TAMS 0x0000000080400000, 0x0000000080300000| Untracked 
|   4|0x0000000080400000, 0x0000000080500000, 0x0000000080500000|100%| O|  |TAMS 0x0000000080500000, 0x0000000080400000| Untracked 
|   5|0x0000000080500000, 0x0000000080600000, 0x0000000080600000|100%| O|  |TAMS 0x0000000080600000, 0x0000000080500000| Untracked 
|   6|0x0000000080600000, 0x0000000080700000, 0x0000000080700000|100%| O|  |TAMS 0x0000000080700000, 0x0000000080600000| Untracked 
|   7|0x0000000080700000, 0x0000000080800000, 0x0000000080800000|100%| O|  |TAMS 0x0000000080800000, 0x0000000080700000| Untracked 
|   8|0x0000000080800000, 0x0000000080900000, 0x0000000080900000|100%| O|  |TAMS 0x0000000080900000, 0x0000000080800000| Untracked 
|   9|0x0000000080900000, 0x0000000080a00000, 0x0000000080a00000|100%| O|  |TAMS 0x0000000080a00000, 0x0000000080900000| Untracked 
|  10|0x0000000080a00000, 0x0000000080b00000, 0x0000000080b00000|100%| O|  |TAMS 0x0000000080b00000, 0x0000000080a00000| Untracked 
|  11|0x0000000080b00000, 0x0000000080c00000, 0x0000000080c00000|100%| O|  |TAMS 0x0000000080c00000, 0x0000000080b00000| Untracked 
|  12|0x0000000080c00000, 0x0000000080d00000, 0x0000000080d00000|100%| O|  |TAMS 0x0000000080d00000, 0x0000000080c00000| Untracked 
|  13|0x0000000080d00000, 0x0000000080e00000, 0x0000000080e00000|100%| O|  |TAMS 0x0000000080e00000, 0x0000000080d00000| Untracked 
|  14|0x0000000080e00000, 0x0000000080f00000, 0x0000000080f00000|100%| O|  |TAMS 0x0000000080e78e00, 0x0000000080e00000| Untracked 
|  15|0x0000000080f00000, 0x0000000081000000, 0x0000000081000000|100%| O|  |TAMS 0x0000000080f00000, 0x0000000080f00000| Untracked 
|  16|0x0000000081000000, 0x0000000081100000, 0x0000000081100000|100%| O|  |TAMS 0x0000000081000000, 0x0000000081000000| Untracked 
|  17|0x0000000081100000, 0x0000000081200000, 0x0000000081200000|100%| O|  |TAMS 0x0000000081100000, 0x0000000081100000| Untracked 
|  18|0x0000000081200000, 0x0000000081300000, 0x0000000081300000|100%| O|  |TAMS 0x0000000081200000, 0x0000000081200000| Untracked 
|  19|0x0000000081300000, 0x00000000813d5e00, 0x0000000081400000| 83%| O|  |TAMS 0x0000000081300000, 0x0000000081300000| Untracked 
|  20|0x0000000081400000, 0x0000000081400000, 0x0000000081500000|  0%| F|  |TAMS 0x0000000081400000, 0x0000000081400000| Untracked 
|  21|0x0000000081500000, 0x0000000081500000, 0x0000000081600000|  0%| F|  |TAMS 0x0000000081500000, 0x0000000081500000| Untracked 
|  22|0x0000000081600000, 0x0000000081600000, 0x0000000081700000|  0%| F|  |TAMS 0x0000000081600000, 0x0000000081600000| Untracked 
|  23|0x0000000081700000, 0x0000000081700000, 0x0000000081800000|  0%| F|  |TAMS 0x0000000081700000, 0x0000000081700000| Untracked 
|  24|0x0000000081800000, 0x0000000081800000, 0x0000000081900000|  0%| F|  |TAMS 0x0000000081800000, 0x0000000081800000| Untracked 
|  25|0x0000000081900000, 0x0000000081900000, 0x0000000081a00000|  0%| F|  |TAMS 0x0000000081900000, 0x0000000081900000| Untracked 
|  26|0x0000000081a00000, 0x0000000081a00000, 0x0000000081b00000|  0%| F|  |TAMS 0x0000000081a00000, 0x0000000081a00000| Untracked 
|  27|0x0000000081b00000, 0x0000000081b00000, 0x0000000081c00000|  0%| F|  |TAMS 0x0000000081b00000, 0x0000000081b00000| Untracked 
|  28|0x0000000081c00000, 0x0000000081c00000, 0x0000000081d00000|  0%| F|  |TAMS 0x0000000081c00000, 0x0000000081c00000| Untracked 
|  29|0x0000000081d00000, 0x0000000081d00000, 0x0000000081e00000|  0%| F|  |TAMS 0x0000000081d00000, 0x0000000081d00000| Untracked 
|  30|0x0000000081e00000, 0x0000000081e00000, 0x0000000081f00000|  0%| F|  |TAMS 0x0000000081e00000, 0x0000000081e00000| Untracked 
|  31|0x0000000081f00000, 0x0000000081f00000, 0x0000000082000000|  0%| F|  |TAMS 0x0000000081f00000, 0x0000000081f00000| Untracked 
|  32|0x0000000082000000, 0x0000000082000000, 0x0000000082100000|  0%| F|  |TAMS 0x0000000082000000, 0x0000000082000000| Untracked 
|  33|0x0000000082100000, 0x0000000082100000, 0x0000000082200000|  0%| F|  |TAMS 0x0000000082100000, 0x0000000082100000| Untracked 
|  34|0x0000000082200000, 0x0000000082200000, 0x0000000082300000|  0%| F|  |TAMS 0x0000000082200000, 0x0000000082200000| Untracked 
|  35|0x0000000082300000, 0x0000000082300000, 0x0000000082400000|  0%| F|  |TAMS 0x0000000082300000, 0x0000000082300000| Untracked 
|  36|0x0000000082400000, 0x0000000082400000, 0x0000000082500000|  0%| F|  |TAMS 0x0000000082400000, 0x0000000082400000| Untracked 
|  37|0x0000000082500000, 0x0000000082500000, 0x0000000082600000|  0%| F|  |TAMS 0x0000000082500000, 0x0000000082500000| Untracked 
|  38|0x0000000082600000, 0x0000000082600000, 0x0000000082700000|  0%| F|  |TAMS 0x0000000082600000, 0x0000000082600000| Untracked 
|  39|0x0000000082700000, 0x0000000082700000, 0x0000000082800000|  0%| F|  |TAMS 0x0000000082700000, 0x0000000082700000| Untracked 
|  40|0x0000000082800000, 0x0000000082800000, 0x0000000082900000|  0%| F|  |TAMS 0x0000000082800000, 0x0000000082800000| Untracked 
|  41|0x0000000082900000, 0x0000000082900000, 0x0000000082a00000|  0%| F|  |TAMS 0x0000000082900000, 0x0000000082900000| Untracked 
|  42|0x0000000082a00000, 0x0000000082a00000, 0x0000000082b00000|  0%| F|  |TAMS 0x0000000082a00000, 0x0000000082a00000| Untracked 
|  43|0x0000000082b00000, 0x0000000082b00000, 0x0000000082c00000|  0%| F|  |TAMS 0x0000000082b00000, 0x0000000082b00000| Untracked 
|  44|0x0000000082c00000, 0x0000000082c00000, 0x0000000082d00000|  0%| F|  |TAMS 0x0000000082c00000, 0x0000000082c00000| Untracked 
|  45|0x0000000082d00000, 0x0000000082d00000, 0x0000000082e00000|  0%| F|  |TAMS 0x0000000082d00000, 0x0000000082d00000| Untracked 
|  46|0x0000000082e00000, 0x0000000082e00000, 0x0000000082f00000|  0%| F|  |TAMS 0x0000000082e00000, 0x0000000082e00000| Untracked 
|  47|0x0000000082f00000, 0x0000000082f00000, 0x0000000083000000|  0%| F|  |TAMS 0x0000000082f00000, 0x0000000082f00000| Untracked 
|  48|0x0000000083000000, 0x0000000083000000, 0x0000000083100000|  0%| F|  |TAMS 0x0000000083000000, 0x0000000083000000| Untracked 
|  49|0x0000000083100000, 0x0000000083100000, 0x0000000083200000|  0%| F|  |TAMS 0x0000000083100000, 0x0000000083100000| Untracked 
|  50|0x0000000083200000, 0x0000000083200000, 0x0000000083300000|  0%| F|  |TAMS 0x0000000083200000, 0x0000000083200000| Untracked 
|  51|0x0000000083300000, 0x0000000083300000, 0x0000000083400000|  0%| F|  |TAMS 0x0000000083300000, 0x0000000083300000| Untracked 
|  52|0x0000000083400000, 0x0000000083400000, 0x0000000083500000|  0%| F|  |TAMS 0x0000000083400000, 0x0000000083400000| Untracked 
|  53|0x0000000083500000, 0x0000000083500000, 0x0000000083600000|  0%| F|  |TAMS 0x0000000083500000, 0x0000000083500000| Untracked 
|  54|0x0000000083600000, 0x0000000083600000, 0x0000000083700000|  0%| F|  |TAMS 0x0000000083600000, 0x0000000083600000| Untracked 
|  55|0x0000000083700000, 0x0000000083700000, 0x0000000083800000|  0%| F|  |TAMS 0x0000000083700000, 0x0000000083700000| Untracked 
|  56|0x0000000083800000, 0x0000000083800000, 0x0000000083900000|  0%| F|  |TAMS 0x0000000083800000, 0x0000000083800000| Untracked 
|  57|0x0000000083900000, 0x0000000083900000, 0x0000000083a00000|  0%| F|  |TAMS 0x0000000083900000, 0x0000000083900000| Untracked 
|  58|0x0000000083a00000, 0x0000000083a00000, 0x0000000083b00000|  0%| F|  |TAMS 0x0000000083a00000, 0x0000000083a00000| Untracked 
|  59|0x0000000083b00000, 0x0000000083b00000, 0x0000000083c00000|  0%| F|  |TAMS 0x0000000083b00000, 0x0000000083b00000| Untracked 
|  60|0x0000000083c00000, 0x0000000083c00000, 0x0000000083d00000|  0%| F|  |TAMS 0x0000000083c00000, 0x0000000083c00000| Untracked 
|  61|0x0000000083d00000, 0x0000000083d00000, 0x0000000083e00000|  0%| F|  |TAMS 0x0000000083d00000, 0x0000000083d00000| Untracked 
|  62|0x0000000083e00000, 0x0000000083e00000, 0x0000000083f00000|  0%| F|  |TAMS 0x0000000083e00000, 0x0000000083e00000| Untracked 
|  63|0x0000000083f00000, 0x0000000083f00000, 0x0000000084000000|  0%| F|  |TAMS 0x0000000083f00000, 0x0000000083f00000| Untracked 
|  64|0x0000000084000000, 0x0000000084000000, 0x0000000084100000|  0%| F|  |TAMS 0x0000000084000000, 0x0000000084000000| Untracked 
|  65|0x0000000084100000, 0x0000000084100000, 0x0000000084200000|  0%| F|  |TAMS 0x0000000084100000, 0x0000000084100000| Untracked 
|  66|0x0000000084200000, 0x0000000084200000, 0x0000000084300000|  0%| F|  |TAMS 0x0000000084200000, 0x0000000084200000| Untracked 
|  67|0x0000000084300000, 0x0000000084300000, 0x0000000084400000|  0%| F|  |TAMS 0x0000000084300000, 0x0000000084300000| Untracked 
|  68|0x0000000084400000, 0x0000000084400000, 0x0000000084500000|  0%| F|  |TAMS 0x0000000084400000, 0x0000000084400000| Untracked 
|  69|0x0000000084500000, 0x0000000084500000, 0x0000000084600000|  0%| F|  |TAMS 0x0000000084500000, 0x0000000084500000| Untracked 
|  70|0x0000000084600000, 0x0000000084600000, 0x0000000084700000|  0%| F|  |TAMS 0x0000000084600000, 0x0000000084600000| Untracked 
|  71|0x0000000084700000, 0x0000000084700000, 0x0000000084800000|  0%| F|  |TAMS 0x0000000084700000, 0x0000000084700000| Untracked 
|  72|0x0000000084800000, 0x0000000084800000, 0x0000000084900000|  0%| F|  |TAMS 0x0000000084800000, 0x0000000084800000| Untracked 
|  73|0x0000000084900000, 0x0000000084900000, 0x0000000084a00000|  0%| F|  |TAMS 0x0000000084900000, 0x0000000084900000| Untracked 
|  74|0x0000000084a00000, 0x0000000084a00000, 0x0000000084b00000|  0%| F|  |TAMS 0x0000000084a00000, 0x0000000084a00000| Untracked 
|  75|0x0000000084b00000, 0x0000000084b00000, 0x0000000084c00000|  0%| F|  |TAMS 0x0000000084b00000, 0x0000000084b00000| Untracked 
|  76|0x0000000084c00000, 0x0000000084c80000, 0x0000000084d00000| 50%| S|CS|TAMS 0x0000000084c00000, 0x0000000084c00000| Complete 
|  77|0x0000000084d00000, 0x0000000084e00000, 0x0000000084e00000|100%| S|CS|TAMS 0x0000000084d00000, 0x0000000084d00000| Complete 
|  78|0x0000000084e00000, 0x0000000084f00000, 0x0000000084f00000|100%| S|CS|TAMS 0x0000000084e00000, 0x0000000084e00000| Complete 
|  79|0x0000000084f00000, 0x0000000085000000, 0x0000000085000000|100%| S|CS|TAMS 0x0000000084f00000, 0x0000000084f00000| Complete 
|  80|0x0000000085000000, 0x0000000085100000, 0x0000000085100000|100%| S|CS|TAMS 0x0000000085000000, 0x0000000085000000| Complete 
|  81|0x0000000085100000, 0x0000000085200000, 0x0000000085200000|100%| S|CS|TAMS 0x0000000085100000, 0x0000000085100000| Complete 
|  82|0x0000000085200000, 0x0000000085300000, 0x0000000085300000|100%| S|CS|TAMS 0x0000000085200000, 0x0000000085200000| Complete 
|  83|0x0000000085300000, 0x0000000085400000, 0x0000000085400000|100%| S|CS|TAMS 0x0000000085300000, 0x0000000085300000| Complete 
|  84|0x0000000085400000, 0x0000000085400000, 0x0000000085500000|  0%| F|  |TAMS 0x0000000085400000, 0x0000000085400000| Untracked 
|  85|0x0000000085500000, 0x0000000085500000, 0x0000000085600000|  0%| F|  |TAMS 0x0000000085500000, 0x0000000085500000| Untracked 
|  86|0x0000000085600000, 0x0000000085600000, 0x0000000085700000|  0%| F|  |TAMS 0x0000000085600000, 0x0000000085600000| Untracked 
|  87|0x0000000085700000, 0x0000000085700000, 0x0000000085800000|  0%| F|  |TAMS 0x0000000085700000, 0x0000000085700000| Untracked 
|  88|0x0000000085800000, 0x0000000085800000, 0x0000000085900000|  0%| F|  |TAMS 0x0000000085800000, 0x0000000085800000| Untracked 
|  89|0x0000000085900000, 0x0000000085900000, 0x0000000085a00000|  0%| F|  |TAMS 0x0000000085900000, 0x0000000085900000| Untracked 
|  90|0x0000000085a00000, 0x0000000085a00000, 0x0000000085b00000|  0%| F|  |TAMS 0x0000000085a00000, 0x0000000085a00000| Untracked 
|  91|0x0000000085b00000, 0x0000000085b00000, 0x0000000085c00000|  0%| F|  |TAMS 0x0000000085b00000, 0x0000000085b00000| Untracked 
|  92|0x0000000085c00000, 0x0000000085c00000, 0x0000000085d00000|  0%| F|  |TAMS 0x0000000085c00000, 0x0000000085c00000| Untracked 
|  93|0x0000000085d00000, 0x0000000085d00000, 0x0000000085e00000|  0%| F|  |TAMS 0x0000000085d00000, 0x0000000085d00000| Untracked 
|  94|0x0000000085e00000, 0x0000000085e00000, 0x0000000085f00000|  0%| F|  |TAMS 0x0000000085e00000, 0x0000000085e00000| Untracked 
|  95|0x0000000085f00000, 0x0000000085f00000, 0x0000000086000000|  0%| F|  |TAMS 0x0000000085f00000, 0x0000000085f00000| Untracked 
|  96|0x0000000086000000, 0x0000000086000000, 0x0000000086100000|  0%| F|  |TAMS 0x0000000086000000, 0x0000000086000000| Untracked 
|  97|0x0000000086100000, 0x0000000086100000, 0x0000000086200000|  0%| F|  |TAMS 0x0000000086100000, 0x0000000086100000| Untracked 
|  98|0x0000000086200000, 0x0000000086200000, 0x0000000086300000|  0%| F|  |TAMS 0x0000000086200000, 0x0000000086200000| Untracked 
|  99|0x0000000086300000, 0x0000000086300000, 0x0000000086400000|  0%| F|  |TAMS 0x0000000086300000, 0x0000000086300000| Untracked 
| 100|0x0000000086400000, 0x0000000086400000, 0x0000000086500000|  0%| F|  |TAMS 0x0000000086400000, 0x0000000086400000| Untracked 
| 101|0x0000000086500000, 0x0000000086500000, 0x0000000086600000|  0%| F|  |TAMS 0x0000000086500000, 0x0000000086500000| Untracked 
| 102|0x0000000086600000, 0x0000000086600000, 0x0000000086700000|  0%| F|  |TAMS 0x0000000086600000, 0x0000000086600000| Untracked 
| 103|0x0000000086700000, 0x0000000086700000, 0x0000000086800000|  0%| F|  |TAMS 0x0000000086700000, 0x0000000086700000| Untracked 
| 104|0x0000000086800000, 0x0000000086800000, 0x0000000086900000|  0%| F|  |TAMS 0x0000000086800000, 0x0000000086800000| Untracked 
| 105|0x0000000086900000, 0x0000000086900000, 0x0000000086a00000|  0%| F|  |TAMS 0x0000000086900000, 0x0000000086900000| Untracked 
| 106|0x0000000086a00000, 0x0000000086a00000, 0x0000000086b00000|  0%| F|  |TAMS 0x0000000086a00000, 0x0000000086a00000| Untracked 
| 107|0x0000000086b00000, 0x0000000086b00000, 0x0000000086c00000|  0%| F|  |TAMS 0x0000000086b00000, 0x0000000086b00000| Untracked 
| 108|0x0000000086c00000, 0x0000000086c00000, 0x0000000086d00000|  0%| F|  |TAMS 0x0000000086c00000, 0x0000000086c00000| Untracked 
| 109|0x0000000086d00000, 0x0000000086d00000, 0x0000000086e00000|  0%| F|  |TAMS 0x0000000086d00000, 0x0000000086d00000| Untracked 
| 110|0x0000000086e00000, 0x0000000086e00000, 0x0000000086f00000|  0%| F|  |TAMS 0x0000000086e00000, 0x0000000086e00000| Untracked 
| 111|0x0000000086f00000, 0x0000000086f00000, 0x0000000087000000|  0%| F|  |TAMS 0x0000000086f00000, 0x0000000086f00000| Untracked 
| 112|0x0000000087000000, 0x0000000087000000, 0x0000000087100000|  0%| F|  |TAMS 0x0000000087000000, 0x0000000087000000| Untracked 
| 113|0x0000000087100000, 0x0000000087100000, 0x0000000087200000|  0%| F|  |TAMS 0x0000000087100000, 0x0000000087100000| Untracked 
| 114|0x0000000087200000, 0x0000000087200000, 0x0000000087300000|  0%| F|  |TAMS 0x0000000087200000, 0x0000000087200000| Untracked 
| 115|0x0000000087300000, 0x0000000087300000, 0x0000000087400000|  0%| F|  |TAMS 0x0000000087300000, 0x0000000087300000| Untracked 
| 116|0x0000000087400000, 0x0000000087400000, 0x0000000087500000|  0%| F|  |TAMS 0x0000000087400000, 0x0000000087400000| Untracked 
| 117|0x0000000087500000, 0x0000000087500000, 0x0000000087600000|  0%| F|  |TAMS 0x0000000087500000, 0x0000000087500000| Untracked 
| 118|0x0000000087600000, 0x0000000087600000, 0x0000000087700000|  0%| F|  |TAMS 0x0000000087600000, 0x0000000087600000| Untracked 
| 119|0x0000000087700000, 0x0000000087700000, 0x0000000087800000|  0%| F|  |TAMS 0x0000000087700000, 0x0000000087700000| Untracked 
| 120|0x0000000087800000, 0x0000000087800000, 0x0000000087900000|  0%| F|  |TAMS 0x0000000087800000, 0x0000000087800000| Untracked 
| 121|0x0000000087900000, 0x0000000087900000, 0x0000000087a00000|  0%| F|  |TAMS 0x0000000087900000, 0x0000000087900000| Untracked 
| 122|0x0000000087a00000, 0x0000000087a00000, 0x0000000087b00000|  0%| F|  |TAMS 0x0000000087a00000, 0x0000000087a00000| Untracked 
| 123|0x0000000087b00000, 0x0000000087b00000, 0x0000000087c00000|  0%| F|  |TAMS 0x0000000087b00000, 0x0000000087b00000| Untracked 
| 124|0x0000000087c00000, 0x0000000087c00000, 0x0000000087d00000|  0%| F|  |TAMS 0x0000000087c00000, 0x0000000087c00000| Untracked 
| 125|0x0000000087d00000, 0x0000000087d00000, 0x0000000087e00000|  0%| F|  |TAMS 0x0000000087d00000, 0x0000000087d00000| Untracked 
| 126|0x0000000087e00000, 0x0000000087e00000, 0x0000000087f00000|  0%| F|  |TAMS 0x0000000087e00000, 0x0000000087e00000| Untracked 
| 127|0x0000000087f00000, 0x0000000087f00000, 0x0000000088000000|  0%| F|  |TAMS 0x0000000087f00000, 0x0000000087f00000| Untracked 
| 128|0x0000000088000000, 0x0000000088000000, 0x0000000088100000|  0%| F|  |TAMS 0x0000000088000000, 0x0000000088000000| Untracked 
| 129|0x0000000088100000, 0x0000000088100000, 0x0000000088200000|  0%| F|  |TAMS 0x0000000088100000, 0x0000000088100000| Untracked 
| 130|0x0000000088200000, 0x0000000088200000, 0x0000000088300000|  0%| F|  |TAMS 0x0000000088200000, 0x0000000088200000| Untracked 
| 131|0x0000000088300000, 0x0000000088300000, 0x0000000088400000|  0%| F|  |TAMS 0x0000000088300000, 0x0000000088300000| Untracked 
| 132|0x0000000088400000, 0x0000000088400000, 0x0000000088500000|  0%| F|  |TAMS 0x0000000088400000, 0x0000000088400000| Untracked 
| 133|0x0000000088500000, 0x0000000088500000, 0x0000000088600000|  0%| F|  |TAMS 0x0000000088500000, 0x0000000088500000| Untracked 
| 134|0x0000000088600000, 0x0000000088600000, 0x0000000088700000|  0%| F|  |TAMS 0x0000000088600000, 0x0000000088600000| Untracked 
| 135|0x0000000088700000, 0x0000000088700000, 0x0000000088800000|  0%| F|  |TAMS 0x0000000088700000, 0x0000000088700000| Untracked 
| 136|0x0000000088800000, 0x0000000088800000, 0x0000000088900000|  0%| F|  |TAMS 0x0000000088800000, 0x0000000088800000| Untracked 
| 137|0x0000000088900000, 0x0000000088900000, 0x0000000088a00000|  0%| F|  |TAMS 0x0000000088900000, 0x0000000088900000| Untracked 
| 138|0x0000000088a00000, 0x0000000088a00000, 0x0000000088b00000|  0%| F|  |TAMS 0x0000000088a00000, 0x0000000088a00000| Untracked 
| 139|0x0000000088b00000, 0x0000000088b00000, 0x0000000088c00000|  0%| F|  |TAMS 0x0000000088b00000, 0x0000000088b00000| Untracked 
| 140|0x0000000088c00000, 0x0000000088c00000, 0x0000000088d00000|  0%| F|  |TAMS 0x0000000088c00000, 0x0000000088c00000| Untracked 
| 141|0x0000000088d00000, 0x0000000088d00000, 0x0000000088e00000|  0%| F|  |TAMS 0x0000000088d00000, 0x0000000088d00000| Untracked 
| 142|0x0000000088e00000, 0x0000000088e00000, 0x0000000088f00000|  0%| F|  |TAMS 0x0000000088e00000, 0x0000000088e00000| Untracked 
| 143|0x0000000088f00000, 0x0000000088f00000, 0x0000000089000000|  0%| F|  |TAMS 0x0000000088f00000, 0x0000000088f00000| Untracked 
| 144|0x0000000089000000, 0x0000000089000000, 0x0000000089100000|  0%| F|  |TAMS 0x0000000089000000, 0x0000000089000000| Untracked 
| 145|0x0000000089100000, 0x0000000089100000, 0x0000000089200000|  0%| F|  |TAMS 0x0000000089100000, 0x0000000089100000| Untracked 
| 146|0x0000000089200000, 0x0000000089200000, 0x0000000089300000|  0%| F|  |TAMS 0x0000000089200000, 0x0000000089200000| Untracked 
| 147|0x0000000089300000, 0x0000000089300000, 0x0000000089400000|  0%| F|  |TAMS 0x0000000089300000, 0x0000000089300000| Untracked 
| 148|0x0000000089400000, 0x0000000089400000, 0x0000000089500000|  0%| F|  |TAMS 0x0000000089400000, 0x0000000089400000| Untracked 
| 149|0x0000000089500000, 0x0000000089500000, 0x0000000089600000|  0%| F|  |TAMS 0x0000000089500000, 0x0000000089500000| Untracked 
| 150|0x0000000089600000, 0x0000000089600000, 0x0000000089700000|  0%| F|  |TAMS 0x0000000089600000, 0x0000000089600000| Untracked 
| 151|0x0000000089700000, 0x0000000089700000, 0x0000000089800000|  0%| F|  |TAMS 0x0000000089700000, 0x0000000089700000| Untracked 
| 152|0x0000000089800000, 0x0000000089800000, 0x0000000089900000|  0%| F|  |TAMS 0x0000000089800000, 0x0000000089800000| Untracked 
| 153|0x0000000089900000, 0x0000000089900000, 0x0000000089a00000|  0%| F|  |TAMS 0x0000000089900000, 0x0000000089900000| Untracked 
| 154|0x0000000089a00000, 0x0000000089a00000, 0x0000000089b00000|  0%| F|  |TAMS 0x0000000089a00000, 0x0000000089a00000| Untracked 
| 155|0x0000000089b00000, 0x0000000089b00000, 0x0000000089c00000|  0%| F|  |TAMS 0x0000000089b00000, 0x0000000089b00000| Untracked 
| 156|0x0000000089c00000, 0x0000000089c00000, 0x0000000089d00000|  0%| F|  |TAMS 0x0000000089c00000, 0x0000000089c00000| Untracked 
| 157|0x0000000089d00000, 0x0000000089d00000, 0x0000000089e00000|  0%| F|  |TAMS 0x0000000089d00000, 0x0000000089d00000| Untracked 
| 158|0x0000000089e00000, 0x0000000089e00000, 0x0000000089f00000|  0%| F|  |TAMS 0x0000000089e00000, 0x0000000089e00000| Untracked 
| 159|0x0000000089f00000, 0x0000000089f00000, 0x000000008a000000|  0%| F|  |TAMS 0x0000000089f00000, 0x0000000089f00000| Untracked 
| 160|0x000000008a000000, 0x000000008a000000, 0x000000008a100000|  0%| F|  |TAMS 0x000000008a000000, 0x000000008a000000| Untracked 
| 161|0x000000008a100000, 0x000000008a100000, 0x000000008a200000|  0%| F|  |TAMS 0x000000008a100000, 0x000000008a100000| Untracked 
| 162|0x000000008a200000, 0x000000008a200000, 0x000000008a300000|  0%| F|  |TAMS 0x000000008a200000, 0x000000008a200000| Untracked 
| 163|0x000000008a300000, 0x000000008a300000, 0x000000008a400000|  0%| F|  |TAMS 0x000000008a300000, 0x000000008a300000| Untracked 
| 164|0x000000008a400000, 0x000000008a400000, 0x000000008a500000|  0%| F|  |TAMS 0x000000008a400000, 0x000000008a400000| Untracked 
| 165|0x000000008a500000, 0x000000008a580800, 0x000000008a600000| 50%| E|  |TAMS 0x000000008a500000, 0x000000008a500000| Complete 
| 166|0x000000008a600000, 0x000000008a700000, 0x000000008a700000|100%| E|CS|TAMS 0x000000008a600000, 0x000000008a600000| Complete 
| 167|0x000000008a700000, 0x000000008a800000, 0x000000008a800000|100%| E|CS|TAMS 0x000000008a700000, 0x000000008a700000| Complete 
| 168|0x000000008a800000, 0x000000008a900000, 0x000000008a900000|100%| E|CS|TAMS 0x000000008a800000, 0x000000008a800000| Complete 
| 169|0x000000008a900000, 0x000000008aa00000, 0x000000008aa00000|100%| E|CS|TAMS 0x000000008a900000, 0x000000008a900000| Complete 
| 170|0x000000008aa00000, 0x000000008ab00000, 0x000000008ab00000|100%| E|CS|TAMS 0x000000008aa00000, 0x000000008aa00000| Complete 
| 171|0x000000008ab00000, 0x000000008ac00000, 0x000000008ac00000|100%| E|CS|TAMS 0x000000008ab00000, 0x000000008ab00000| Complete 
| 172|0x000000008ac00000, 0x000000008ad00000, 0x000000008ad00000|100%| E|CS|TAMS 0x000000008ac00000, 0x000000008ac00000| Complete 
| 173|0x000000008ad00000, 0x000000008ae00000, 0x000000008ae00000|100%| E|CS|TAMS 0x000000008ad00000, 0x000000008ad00000| Complete 
| 174|0x000000008ae00000, 0x000000008af00000, 0x000000008af00000|100%| E|CS|TAMS 0x000000008ae00000, 0x000000008ae00000| Complete 
| 175|0x000000008af00000, 0x000000008b000000, 0x000000008b000000|100%| E|CS|TAMS 0x000000008af00000, 0x000000008af00000| Complete 
| 176|0x000000008b000000, 0x000000008b100000, 0x000000008b100000|100%| E|CS|TAMS 0x000000008b000000, 0x000000008b000000| Complete 
| 177|0x000000008b100000, 0x000000008b200000, 0x000000008b200000|100%| E|CS|TAMS 0x000000008b100000, 0x000000008b100000| Complete 
| 178|0x000000008b200000, 0x000000008b300000, 0x000000008b300000|100%| E|CS|TAMS 0x000000008b200000, 0x000000008b200000| Complete 
| 179|0x000000008b300000, 0x000000008b400000, 0x000000008b400000|100%| E|CS|TAMS 0x000000008b300000, 0x000000008b300000| Complete 
| 180|0x000000008b400000, 0x000000008b500000, 0x000000008b500000|100%| E|CS|TAMS 0x000000008b400000, 0x000000008b400000| Complete 
| 181|0x000000008b500000, 0x000000008b600000, 0x000000008b600000|100%| E|CS|TAMS 0x000000008b500000, 0x000000008b500000| Complete 
| 182|0x000000008b600000, 0x000000008b700000, 0x000000008b700000|100%| E|CS|TAMS 0x000000008b600000, 0x000000008b600000| Complete 
| 183|0x000000008b700000, 0x000000008b800000, 0x000000008b800000|100%| E|CS|TAMS 0x000000008b700000, 0x000000008b700000| Complete 
| 184|0x000000008b800000, 0x000000008b900000, 0x000000008b900000|100%| E|CS|TAMS 0x000000008b800000, 0x000000008b800000| Complete 
| 185|0x000000008b900000, 0x000000008ba00000, 0x000000008ba00000|100%| E|CS|TAMS 0x000000008b900000, 0x000000008b900000| Complete 
| 186|0x000000008ba00000, 0x000000008bb00000, 0x000000008bb00000|100%| E|CS|TAMS 0x000000008ba00000, 0x000000008ba00000| Complete 
| 187|0x000000008bb00000, 0x000000008bc00000, 0x000000008bc00000|100%| E|CS|TAMS 0x000000008bb00000, 0x000000008bb00000| Complete 

Card table byte_map: [0x00000248fe690000,0x00000248fea90000] _byte_map_base: 0x00000248fe290000

Marking Bits (Prev, Next): (CMBitMap*) 0x00000248e603fe70, (CMBitMap*) 0x00000248e603fe38
 Prev Bits: [0x0000024882000000, 0x0000024884000000)
 Next Bits: [0x0000024880000000, 0x0000024882000000)

Polling page: 0x00000248e5e30000

Metaspace:

Usage:
  Non-class:     61.26 MB capacity,    60.08 MB ( 98%) used,   959.89 KB (  2%) free+waste,   249.00 KB ( <1%) overhead. 
      Class:      9.75 MB capacity,     8.96 MB ( 92%) used,   691.23 KB (  7%) free+waste,   122.44 KB (  1%) overhead. 
       Both:     71.01 MB capacity,    69.04 MB ( 97%) used,     1.61 MB (  2%) free+waste,   371.44 KB ( <1%) overhead. 

Virtual space:
  Non-class space:       62.00 MB reserved,      61.46 MB (>99%) committed 
      Class space:        1.00 GB reserved,       9.87 MB ( <1%) committed 
             Both:        1.06 GB reserved,      71.33 MB (  7%) committed 

Chunk freelists:
   Non-Class:  1.25 KB
       Class:  0 bytes
        Both:  1.25 KB

CodeHeap 'non-profiled nmethods': size=120064Kb used=2961Kb max_used=2961Kb free=117102Kb
 bounds [0x00000248f6950000, 0x00000248f6c40000, 0x00000248fde90000]
CodeHeap 'profiled nmethods': size=120000Kb used=11540Kb max_used=11540Kb free=108459Kb
 bounds [0x00000248ef420000, 0x00000248eff70000, 0x00000248f6950000]
CodeHeap 'non-nmethods': size=5696Kb used=1246Kb max_used=1297Kb free=4449Kb
 bounds [0x00000248eee90000, 0x00000248ef100000, 0x00000248ef420000]
 total_blobs=5972 nmethods=5359 adapters=524
 compilation: enabled
              stopped_count=0, restarted_count=0
 full_count=0

Compilation events (10 events):
Event: 88.090 Thread 0x00000248ff27f000 nmethod 5413 0x00000248eff60c90 code [0x00000248eff60fe0, 0x00000248eff62a88]
Event: 89.613 Thread 0x00000248ff27f000 5416       3       java.util.concurrent.TimeUnit::convert (77 bytes)
Event: 89.613 Thread 0x00000248ff27f000 nmethod 5416 0x00000248eff63390 code [0x00000248eff63580, 0x00000248eff638c8]
Event: 89.613 Thread 0x00000248ff27f000 5415       3       java.util.concurrent.ScheduledThreadPoolExecutor$ScheduledFutureTask::getDelay (16 bytes)
Event: 89.613 Thread 0x00000248ff27f000 nmethod 5415 0x00000248eff63a90 code [0x00000248eff63c40, 0x00000248eff63dc8]
Event: 91.084 Thread 0x00000248ff27f000 5417       3       java.util.concurrent.locks.AbstractQueuedSynchronizer$ConditionObject::checkInterruptWhileWaiting (27 bytes)
Event: 91.085 Thread 0x00000248ff27f000 nmethod 5417 0x00000248eff63e90 code [0x00000248eff64120, 0x00000248eff64ba8]
Event: 91.085 Thread 0x00000248ff27f000 5418       3       java.util.concurrent.ThreadPoolExecutor::workerCountOf (5 bytes)
Event: 91.085 Thread 0x00000248ff27f000 nmethod 5418 0x00000248eff64f90 code [0x00000248eff65120, 0x00000248eff651f8]
Event: 91.725 Thread 0x00000248ff27e000 5419       4       org.springframework.boot.devtools.filewatch.FileSnapshot::hashCode (49 bytes)

GC Heap History (10 events):
Event: 4.924 GC heap before
{Heap before GC invocations=8 (full 0):
 garbage-first heap   total 157696K, used 70045K [0x0000000080000000, 0x0000000100000000)
  region size 1024K, 62 young (63488K), 5 survivors (5120K)
 Metaspace       used 30252K, capacity 30947K, committed 31228K, reserved 1077248K
  class space    used 3510K, capacity 3791K, committed 3836K, reserved 1048576K
}
Event: 4.943 GC heap after
{Heap after GC invocations=9 (full 0):
 garbage-first heap   total 157696K, used 13526K [0x0000000080000000, 0x0000000100000000)
  region size 1024K, 6 young (6144K), 6 survivors (6144K)
 Metaspace       used 30252K, capacity 30947K, committed 31228K, reserved 1077248K
  class space    used 3510K, capacity 3791K, committed 3836K, reserved 1048576K
}
Event: 6.837 GC heap before
{Heap before GC invocations=9 (full 0):
 garbage-first heap   total 157696K, used 80086K [0x0000000080000000, 0x0000000100000000)
  region size 1024K, 72 young (73728K), 6 survivors (6144K)
 Metaspace       used 35090K, capacity 35995K, committed 36048K, reserved 1081344K
  class space    used 4196K, capacity 4565K, committed 4604K, reserved 1048576K
}
Event: 6.862 GC heap after
{Heap after GC invocations=10 (full 0):
 garbage-first heap   total 192512K, used 15796K [0x0000000080000000, 0x0000000100000000)
  region size 1024K, 7 young (7168K), 7 survivors (7168K)
 Metaspace       used 35090K, capacity 35995K, committed 36048K, reserved 1081344K
  class space    used 4196K, capacity 4565K, committed 4604K, reserved 1048576K
}
Event: 9.805 GC heap before
{Heap before GC invocations=11 (full 0):
 garbage-first heap   total 192512K, used 103860K [0x0000000080000000, 0x0000000100000000)
  region size 1024K, 93 young (95232K), 7 survivors (7168K)
 Metaspace       used 47659K, capacity 48988K, committed 49104K, reserved 1091584K
  class space    used 5755K, capacity 6314K, committed 6396K, reserved 1048576K
}
Event: 9.836 GC heap after
{Heap after GC invocations=12 (full 0):
 garbage-first heap   total 192512K, used 20404K [0x0000000080000000, 0x0000000100000000)
  region size 1024K, 11 young (11264K), 11 survivors (11264K)
 Metaspace       used 47659K, capacity 48988K, committed 49104K, reserved 1091584K
  class space    used 5755K, capacity 6314K, committed 6396K, reserved 1048576K
}
Event: 11.586 GC heap before
{Heap before GC invocations=12 (full 0):
 garbage-first heap   total 192512K, used 92084K [0x0000000080000000, 0x0000000100000000)
  region size 1024K, 82 young (83968K), 11 survivors (11264K)
 Metaspace       used 58920K, capacity 60357K, committed 60508K, reserved 1101824K
  class space    used 7550K, capacity 8145K, committed 8188K, reserved 1048576K
}
Event: 11.622 GC heap after
{Heap after GC invocations=13 (full 0):
 garbage-first heap   total 192512K, used 23011K [0x0000000080000000, 0x0000000100000000)
  region size 1024K, 8 young (8192K), 8 survivors (8192K)
 Metaspace       used 58920K, capacity 60357K, committed 60508K, reserved 1101824K
  class space    used 7550K, capacity 8145K, committed 8188K, reserved 1048576K
}
Event: 14.423 GC heap before
{Heap before GC invocations=14 (full 0):
 garbage-first heap   total 192512K, used 121315K [0x0000000080000000, 0x0000000100000000)
  region size 1024K, 104 young (106496K), 8 survivors (8192K)
 Metaspace       used 68424K, capacity 70345K, committed 70608K, reserved 1110016K
  class space    used 8870K, capacity 9636K, committed 9724K, reserved 1048576K
}
Event: 14.465 GC heap after
{Heap after GC invocations=15 (full 0):
 garbage-first heap   total 192512K, used 27991K [0x0000000080000000, 0x0000000100000000)
  region size 1024K, 8 young (8192K), 8 survivors (8192K)
 Metaspace       used 68424K, capacity 70345K, committed 70608K, reserved 1110016K
  class space    used 8870K, capacity 9636K, committed 9724K, reserved 1048576K
}

Deoptimization events (10 events):
Event: 13.661 Thread 0x0000024886a79000 Uncommon trap: reason=class_check action=maybe_recompile pc=0x00000248f69d4854 method=org.springframework.boot.context.properties.source.ConfigurationPropertyName$Elements.charAt(II)C @ 43 c2
Event: 13.661 Thread 0x0000024886a79000 Uncommon trap: reason=class_check action=maybe_recompile pc=0x00000248f69d4854 method=org.springframework.boot.context.properties.source.ConfigurationPropertyName$Elements.charAt(II)C @ 43 c2
Event: 13.974 Thread 0x000002488744e000 Uncommon trap: reason=unstable_if action=reinterpret pc=0x00000248f6b3f834 method=java.net.URL.<init>(Ljava/net/URL;Ljava/lang/String;Ljava/net/URLStreamHandler;)V @ 57 c2
Event: 13.974 Thread 0x000002488744e000 Uncommon trap: reason=unstable_if action=reinterpret pc=0x00000248f6b69528 method=java.net.URLStreamHandler.parseURL(Ljava/net/URL;Ljava/lang/String;II)V @ 57 c2
Event: 14.152 Thread 0x0000024886a79000 Uncommon trap: reason=unstable_if action=reinterpret pc=0x00000248f6a80568 method=org.springframework.util.ObjectUtils.nullSafeEquals(Ljava/lang/Object;Ljava/lang/Object;)Z @ 12 c2
Event: 14.257 Thread 0x0000024886a79000 Uncommon trap: reason=unstable_if action=reinterpret pc=0x00000248f6bd251c method=org.springframework.beans.factory.support.AbstractBeanFactory.isTypeMatch(Ljava/lang/String;Lorg/springframework/core/ResolvableType;Z)Z @ 34 c2
Event: 14.490 Thread 0x0000024886a79000 Uncommon trap: reason=unstable_if action=reinterpret pc=0x00000248f6b9a98c method=java.util.ArrayList.indexOfRange(Ljava/lang/Object;II)I @ 7 c2
Event: 14.623 Thread 0x0000024886a79000 Uncommon trap: reason=class_check action=maybe_recompile pc=0x00000248f6b87e54 method=java.lang.reflect.Method.equals(Ljava/lang/Object;)Z @ 5 c2
Event: 14.648 Thread 0x0000024886a79000 Uncommon trap: reason=null_check action=make_not_entrant pc=0x00000248f6a8f718 method=org.springframework.util.ClassUtils.isAssignable(Ljava/lang/Class;Ljava/lang/Class;)Z @ 14 c2
Event: 15.028 Thread 0x0000024886a79000 Uncommon trap: reason=null_check action=make_not_entrant pc=0x00000248f6b0fd50 method=java.util.AbstractCollection.toArray([Ljava/lang/Object;)[Ljava/lang/Object; @ 116 c2

Classes redefined (0 events):
No events

Internal exceptions (10 events):
Event: 14.842 Thread 0x0000024886a79000 Exception <a 'java/lang/NoSuchMethodError'{0x000000008ae16140}: java.lang.invoke.DirectMethodHandle$Holder.invokeSpecial(Ljava/lang/Object;Ljava/lang/Object;ILjava/lang/Object;ILjava/lang/Object;)Ljava/lang/Object;> (0x000000008ae16140) thrown at [./open/
Event: 14.844 Thread 0x0000024886a79000 Exception <a 'java/lang/NoSuchMethodError'{0x000000008ae1d8c8}: java.lang.invoke.DirectMethodHandle$Holder.invokeStatic(Ljava/lang/Object;Ljava/lang/Object;ILjava/lang/Object;I)Ljava/lang/Object;> (0x000000008ae1d8c8) thrown at [./open/src/hotspot/share/i
Event: 14.844 Thread 0x0000024886a79000 Exception <a 'java/lang/NoSuchMethodError'{0x000000008ae210a0}: java.lang.invoke.DirectMethodHandle$Holder.invokeSpecial(Ljava/lang/Object;Ljava/lang/Object;Ljava/lang/Object;ILjava/lang/Object;I)Ljava/lang/Object;> (0x000000008ae210a0) thrown at [./open/
Event: 14.847 Thread 0x0000024886a79000 Exception <a 'java/lang/NoSuchMethodError'{0x000000008ae2c400}: java.lang.invoke.DirectMethodHandle$Holder.invokeVirtual(Ljava/lang/Object;Ljava/lang/Object;)V> (0x000000008ae2c400) thrown at [./open/src/hotspot/share/interpreter/linkResolver.cpp, line 77
Event: 14.961 Thread 0x0000024886a79000 Exception <a 'java/lang/IncompatibleClassChangeError'{0x000000008ad5c678}: Found class java.lang.Object, but interface was expected> (0x000000008ad5c678) thrown at [./open/src/hotspot/share/interpreter/linkResolver.cpp, line 838]
Event: 14.987 Thread 0x0000024886a79000 Exception <a 'java/lang/NoSuchMethodError'{0x000000008adb8140}: java.lang.invoke.DirectMethodHandle$Holder.invokeStatic(Ljava/lang/Object;Ljava/lang/Object;Ljava/lang/Object;Ljava/lang/Object;Ljava/lang/Object;Ljava/lang/Object;Ljava/lang/Object;Ljava/lan
Event: 14.988 Thread 0x0000024886a79000 Exception <a 'java/lang/NoSuchMethodError'{0x000000008add6368}: java.lang.invoke.DirectMethodHandle$Holder.invokeStatic(Ljava/lang/Object;Ljava/lang/Object;Ljava/lang/Object;Ljava/lang/Object;Ljava/lang/Object;Ljava/lang/Object;Ljava/lang/Object;Ljava/lan
Event: 14.990 Thread 0x0000024886a79000 Exception <a 'java/lang/NoSuchMethodError'{0x000000008adf5640}: java.lang.invoke.DirectMethodHandle$Holder.invokeStatic(Ljava/lang/Object;Ljava/lang/Object;Ljava/lang/Object;Ljava/lang/Object;Ljava/lang/Object;Ljava/lang/Object;Ljava/lang/Object;Ljava/lan
Event: 14.992 Thread 0x0000024886a79000 Exception <a 'java/lang/NoSuchMethodError'{0x000000008ac16390}: java.lang.invoke.DirectMethodHandle$Holder.invokeStatic(Ljava/lang/Object;Ljava/lang/Object;Ljava/lang/Object;Ljava/lang/Object;Ljava/lang/Object;Ljava/lang/Object;Ljava/lang/Object;Ljava/lan
Event: 15.028 Thread 0x0000024886a79000 Implicit null exception at 0x00000248f6b0fb59 to 0x00000248f6b0fd44

Events (10 events):
Event: 19.617 loading class org/apache/catalina/webresources/Cache$EvictionOrder
Event: 19.617 loading class org/apache/catalina/webresources/Cache$EvictionOrder done
Event: 19.618 Executing VM operation: RevokeBias
Event: 19.618 Executing VM operation: RevokeBias done
Event: 19.618 loading class org/apache/tomcat/PeriodicEventListener
Event: 19.618 loading class org/apache/tomcat/PeriodicEventListener done
Event: 19.619 Executing VM operation: RevokeBias
Event: 19.619 Executing VM operation: RevokeBias done
Event: 19.619 Executing VM operation: RevokeBias
Event: 19.619 Executing VM operation: RevokeBias done


Dynamic libraries:
0x00007ff61fc30000 - 0x00007ff61fc3f000 	C:\Program Files\Java\jdk-11.0.15\bin\java.exe
0x00007ff9b99d0000 - 0x00007ff9b9bc8000 	C:\Windows\SYSTEM32\ntdll.dll
0x00007ff9b81e0000 - 0x00007ff9b829d000 	C:\Windows\System32\KERNEL32.DLL
0x00007ff9b70f0000 - 0x00007ff9b73be000 	C:\Windows\System32\KERNELBASE.dll
0x00007ff9b73f0000 - 0x00007ff9b74f0000 	C:\Windows\System32\ucrtbase.dll
0x00007ff9a38a0000 - 0x00007ff9a38b8000 	C:\Program Files\Java\jdk-11.0.15\bin\jli.dll
0x00007ff9b9590000 - 0x00007ff9b963e000 	C:\Windows\System32\ADVAPI32.dll
0x00007ff9b9640000 - 0x00007ff9b96de000 	C:\Windows\System32\msvcrt.dll
0x00007ff9b8fc0000 - 0x00007ff9b905c000 	C:\Windows\System32\sechost.dll
0x00007ff9b9290000 - 0x00007ff9b93b5000 	C:\Windows\System32\RPCRT4.dll
0x00007ff9b9740000 - 0x00007ff9b98e0000 	C:\Windows\System32\USER32.dll
0x00007ff9b7960000 - 0x00007ff9b7982000 	C:\Windows\System32\win32u.dll
0x00007ff9b8ed0000 - 0x00007ff9b8efa000 	C:\Windows\System32\GDI32.dll
0x00007ff9b75d0000 - 0x00007ff9b76db000 	C:\Windows\System32\gdi32full.dll
0x00007ff9b7990000 - 0x00007ff9b7a2d000 	C:\Windows\System32\msvcp_win.dll
0x00007ff9a3880000 - 0x00007ff9a3895000 	C:\Program Files\Java\jdk-11.0.15\bin\VCRUNTIME140.dll
0x00007ff9a35e0000 - 0x00007ff9a387a000 	C:\Windows\WinSxS\amd64_microsoft.windows.common-controls_6595b64144ccf1df_6.0.19041.1110_none_60b5254171f9507e\COMCTL32.dll
0x00007ff9af150000 - 0x00007ff9af15a000 	C:\Windows\SYSTEM32\VERSION.dll
0x00007ff9b7cb0000 - 0x00007ff9b7ce0000 	C:\Windows\System32\IMM32.DLL
0x00007ff9a3540000 - 0x00007ff9a35db000 	C:\Program Files\Java\jdk-11.0.15\bin\msvcp140.dll
0x00007ff9a2a20000 - 0x00007ff9a3536000 	C:\Program Files\Java\jdk-11.0.15\bin\server\jvm.dll
0x00007ff9b8fb0000 - 0x00007ff9b8fb8000 	C:\Windows\System32\PSAPI.DLL
0x00007ff9a5100000 - 0x00007ff9a5109000 	C:\Windows\SYSTEM32\WSOCK32.dll
0x00007ff9aa7a0000 - 0x00007ff9aa7c7000 	C:\Windows\SYSTEM32\WINMM.dll
0x00007ff9b8e60000 - 0x00007ff9b8ecb000 	C:\Windows\System32\WS2_32.dll
0x00007ff9b4fd0000 - 0x00007ff9b4fe2000 	C:\Windows\SYSTEM32\kernel.appcore.dll
0x00007ff9a2600000 - 0x00007ff9a2610000 	C:\Program Files\Java\jdk-11.0.15\bin\verify.dll
0x00007ff9aa820000 - 0x00007ff9aaa04000 	C:\Windows\SYSTEM32\DBGHELP.DLL
0x00007ff9aa6b0000 - 0x00007ff9aa6dc000 	C:\Windows\SYSTEM32\dbgcore.DLL
0x00007ff9b7540000 - 0x00007ff9b75c2000 	C:\Windows\System32\bcryptPrimitives.dll
0x00007ff9a25d0000 - 0x00007ff9a25f8000 	C:\Program Files\Java\jdk-11.0.15\bin\java.dll
0x00007ff9a25c0000 - 0x00007ff9a25ca000 	C:\Program Files\Java\jdk-11.0.15\bin\jimage.dll
0x00007ff9b2ab0000 - 0x00007ff9b2abe000 	C:\Program Files\Java\jdk-11.0.15\bin\instrument.dll
0x00007ff9a25a0000 - 0x00007ff9a25b6000 	C:\Program Files\Java\jdk-11.0.15\bin\zip.dll
0x00007ff9b82a0000 - 0x00007ff9b89e4000 	C:\Windows\System32\SHELL32.dll
0x00007ff9b51d0000 - 0x00007ff9b5964000 	C:\Windows\SYSTEM32\windows.storage.dll
0x00007ff9b7d40000 - 0x00007ff9b8094000 	C:\Windows\System32\combase.dll
0x00007ff9b69a0000 - 0x00007ff9b69d0000 	C:\Windows\SYSTEM32\Wldp.dll
0x00007ff9b8f00000 - 0x00007ff9b8fad000 	C:\Windows\System32\SHCORE.dll
0x00007ff9b93c0000 - 0x00007ff9b9415000 	C:\Windows\System32\shlwapi.dll
0x00007ff9b7030000 - 0x00007ff9b704f000 	C:\Windows\SYSTEM32\profapi.dll
0x00007ff9a2170000 - 0x00007ff9a2189000 	C:\Program Files\Java\jdk-11.0.15\bin\net.dll
0x00007ff9aec80000 - 0x00007ff9aed8a000 	C:\Windows\SYSTEM32\WINHTTP.dll
0x00007ff9b6780000 - 0x00007ff9b67ea000 	C:\Windows\system32\mswsock.dll
0x00007ff9a2150000 - 0x00007ff9a2162000 	C:\Program Files\Java\jdk-11.0.15\bin\nio.dll
0x00007ff99e030000 - 0x00007ff99e04a000 	C:\Program Files\JetBrains\IntelliJ IDEA Community Edition 2022.2.1\bin\breakgen64.dll
0x00007ff9a0c30000 - 0x00007ff9a0c39000 	C:\Program Files\Java\jdk-11.0.15\bin\management.dll
0x00007ff9a0c20000 - 0x00007ff9a0c2b000 	C:\Program Files\Java\jdk-11.0.15\bin\management_ext.dll
0x00007ff9a5110000 - 0x00007ff9a5127000 	C:\Windows\system32\napinsp.dll
0x00007ff9a4820000 - 0x00007ff9a483b000 	C:\Windows\system32\pnrpnsp.dll
0x00007ff9a4800000 - 0x00007ff9a4815000 	C:\Windows\system32\wshbth.dll
0x00007ff9b2a90000 - 0x00007ff9b2aad000 	C:\Windows\system32\NLAapi.dll
0x00007ff9b6490000 - 0x00007ff9b64cb000 	C:\Windows\SYSTEM32\IPHLPAPI.DLL
0x00007ff9b6530000 - 0x00007ff9b65fa000 	C:\Windows\SYSTEM32\DNSAPI.dll
0x00007ff9b7a30000 - 0x00007ff9b7a38000 	C:\Windows\System32\NSI.dll
0x00007ff9a47e0000 - 0x00007ff9a47f2000 	C:\Windows\System32\winrnr.dll
0x00007ff9ae8e0000 - 0x00007ff9ae8ea000 	C:\Windows\System32\rasadhlp.dll
0x00007ff9aeba0000 - 0x00007ff9aec20000 	C:\Windows\System32\fwpuclnt.dll
0x00007ff9b73c0000 - 0x00007ff9b73e7000 	C:\Windows\System32\bcrypt.dll
0x00007ff9b69e0000 - 0x00007ff9b69f8000 	C:\Windows\SYSTEM32\CRYPTSP.dll
0x00007ff9b6120000 - 0x00007ff9b6154000 	C:\Windows\system32\rsaenh.dll
0x00007ff9b6ff0000 - 0x00007ff9b701e000 	C:\Windows\SYSTEM32\USERENV.dll
0x00007ff9b6910000 - 0x00007ff9b691c000 	C:\Windows\SYSTEM32\CRYPTBASE.dll
0x00007ff9afc50000 - 0x00007ff9afc67000 	C:\Windows\SYSTEM32\dhcpcsvc6.DLL
0x00007ff9afc30000 - 0x00007ff9afc4d000 	C:\Windows\SYSTEM32\dhcpcsvc.DLL

dbghelp: loaded successfully - version: 4.0.5 - missing functions: none
symbol engine: initialized successfully - sym options: 0x614 - pdb path: .;C:\Program Files\Java\jdk-11.0.15\bin;C:\Windows\SYSTEM32;C:\Windows\WinSxS\amd64_microsoft.windows.common-controls_6595b64144ccf1df_6.0.19041.1110_none_60b5254171f9507e;C:\Program Files\Java\jdk-11.0.15\bin\server;C:\Program Files\JetBrains\IntelliJ IDEA Community Edition 2022.2.1\bin

VM Arguments:
jvm_args: -javaagent:C:\Program Files\JetBrains\IntelliJ IDEA Community Edition 2022.2.1\lib\idea_rt.jar=52809:C:\Program Files\JetBrains\IntelliJ IDEA Community Edition 2022.2.1\bin -Dfile.encoding=UTF-8 
java_command: com.training.springboot.SpringBootH2Application
java_class_path (initial): C:\Users\sfjbs\Downloads\spring-boot-h2-main\spring-boot-h2-main\target\classes;C:\Users\sfjbs\.m2\repository\org\springframework\boot\spring-boot-starter-web\2.6.2\spring-boot-starter-web-2.6.2.jar;C:\Users\sfjbs\.m2\repository\org\springframework\boot\spring-boot-starter\2.6.2\spring-boot-starter-2.6.2.jar;C:\Users\sfjbs\.m2\repository\org\springframework\boot\spring-boot-starter-logging\2.6.2\spring-boot-starter-logging-2.6.2.jar;C:\Users\sfjbs\.m2\repository\ch\qos\logback\logback-classic\1.2.9\logback-classic-1.2.9.jar;C:\Users\sfjbs\.m2\repository\ch\qos\logback\logback-core\1.2.9\logback-core-1.2.9.jar;C:\Users\sfjbs\.m2\repository\org\apache\logging\log4j\log4j-to-slf4j\2.17.0\log4j-to-slf4j-2.17.0.jar;C:\Users\sfjbs\.m2\repository\org\apache\logging\log4j\log4j-api\2.17.0\log4j-api-2.17.0.jar;C:\Users\sfjbs\.m2\repository\org\slf4j\jul-to-slf4j\1.7.32\jul-to-slf4j-1.7.32.jar;C:\Users\sfjbs\.m2\repository\jakarta\annotation\jakarta.annotation-api\1.3.5\jakarta.annotation-api-1.3.5.jar;C:\Users\sfjbs\.m2\repository\org\yaml\snakeyaml\1.29\snakeyaml-1.29.jar;C:\Users\sfjbs\.m2\repository\org\springframework\boot\spring-boot-starter-json\2.6.2\spring-boot-starter-json-2.6.2.jar;C:\Users\sfjbs\.m2\repository\com\fasterxml\jackson\datatype\jackson-datatype-jdk8\2.13.1\jackson-datatype-jdk8-2.13.1.jar;C:\Users\sfjbs\.m2\repository\com\fasterxml\jackson\datatype\jackson-datatype-jsr310\2.13.1\jackson-datatype-jsr310-2.13.1.jar;C:\Users\sfjbs\.m2\repository\com\fasterxml\jackson\module\jackson-module-parameter-names\2.13.1\jackson-module-parameter-names-2.13.1.jar;C:\Users\sfjbs\.m2\repository\org\springframework\boot\spring-boot-starter-tomcat\2.6.2\spring-boot-starter-tomcat-2.6.2.jar;C:\Users\sfjbs\.m2\repository\org\apache\tomcat\embed\tomcat-embed-core\9.0.56\tomcat-embed-core-9.0.56.jar;C:\Users\sfjbs\.m2\repository\org\apache\tomcat\embed\tomcat-embed-websocket\9.0.56\tomcat-embed-websocket-9.0.56.jar;C:\Users\sfjbs\.m2\repository
Launcher Type: SUN_STANDARD

[Global flags]
     intx CICompilerCount                          = 2                                         {product} {ergonomic}
     uint ConcGCThreads                            = 1                                         {product} {ergonomic}
     uint G1ConcRefinementThreads                  = 2                                         {product} {ergonomic}
   size_t G1HeapRegionSize                         = 1048576                                   {product} {ergonomic}
    uintx GCDrainStackTargetSize                   = 64                                        {product} {ergonomic}
   size_t InitialHeapSize                          = 134217728                                 {product} {ergonomic}
   size_t MarkStackSize                            = 4194304                                   {product} {ergonomic}
   size_t MaxHeapSize                              = 2147483648                                {product} {ergonomic}
   size_t MaxNewSize                               = 1287651328                                {product} {ergonomic}
   size_t MinHeapDeltaBytes                        = 1048576                                   {product} {ergonomic}
    uintx NonNMethodCodeHeapSize                   = 5825164                                {pd product} {ergonomic}
    uintx NonProfiledCodeHeapSize                  = 122916538                              {pd product} {ergonomic}
    uintx ProfiledCodeHeapSize                     = 122916538                              {pd product} {ergonomic}
    uintx ReservedCodeCacheSize                    = 251658240                              {pd product} {ergonomic}
     bool SegmentedCodeCache                       = true                                      {product} {ergonomic}
     bool UseCompressedClassPointers               = true                                 {lp64_product} {ergonomic}
     bool UseCompressedOops                        = true                                 {lp64_product} {ergonomic}
     bool UseG1GC                                  = true                                      {product} {ergonomic}
     bool UseLargePagesIndividualAllocation        = false                                  {pd product} {ergonomic}

Logging:
Log output configuration:
 #0: stdout all=warning uptime,level,tags
 #1: stderr all=off uptime,level,tags

Environment Variables:
PATH=C:\Program Files\Common Files\Oracle\Java\javapath;C:\Windows\system32;C:\Windows;C:\Windows\System32\Wbem;C:\Windows\System32\WindowsPowerShell\v1.0\;C:\Windows\System32\OpenSSH\;C:\Program Files\PuTTY\;C:\Program Files\Git\cmd;C:\Program Files\Docker\Docker\resources\bin;C:\ProgramData\DockerDesktop\version-bin;C:\Users\sfjbs\Downloads\apache-maven-3.8.6-bin\apache-maven-3.8.6\bin;C:\Users\sfjbs\Downloads\apache-maven-3.8.6-bin\apache-maven-3.8.6\lib;C:\Users\sfjbs\AppData\Local\Microsoft\WindowsApps;C:\Program Files\JetBrains\IntelliJ IDEA Community Edition 2022.2.1\bin;;C:\Users\sfjbs\Downloads\apache-maven-3.8.6-bin\apache-maven-3.8.6\bin;C:\Users\sfjbs\Downloads\apache-maven-3.8.6-bin\apache-maven-3.8.6\lib;
USERNAME=sfjbs
OS=Windows_NT
PROCESSOR_IDENTIFIER=Intel64 Family 6 Model 85 Stepping 7, GenuineIntel



---------------  S Y S T E M  ---------------

OS: Windows 10 , 64 bit Build 19041 (10.0.19041.1889)
Hyper-V role detected

CPU:total 2 (initial active 2) (1 cores per cpu, 2 threads per core) family 6 model 85 stepping 7 microcode 0xffffffff, cmov, cx8, fxsr, mmx, sse, sse2, sse3, ssse3, sse4.1, sse4.2, popcnt, avx, avx2, aes, clmul, erms, rtm, 3dnowpref, lzcnt, ht, tsc, bmi1, bmi2, adx, evex, fma

Memory: 4k page, system-wide physical 8190M (896M free)
TotalPageFile size 10238M (AvailPageFile size 3M)
current process WorkingSet (physical memory assigned to process): 284M, peak: 317M
current process commit charge ("private bytes"): 367M, peak: 402M

vm_info: Java HotSpot(TM) 64-Bit Server VM (11.0.15+8-LTS-149) for windows-amd64 JRE (11.0.15+8-LTS-149), built on Mar  9 2022 22:42:32 by "mach5one" with MS VC++ 15.9 (VS2017)

END.
