#
# There is insufficient memory for the Java Runtime Environment to continue.
# Native memory allocation (malloc) failed to allocate 32784 bytes for Chunk::new
# Possible reasons:
#   The system is out of physical RAM or swap space
#   The process is running with CompressedOops enabled, and the Java Heap may be blocking the growth of the native heap
# Possible solutions:
#   Reduce memory load on the system
#   Increase physical memory or swap space
#   Check if swap backing store is full
#   Decrease Java heap size (-Xmx/-Xms)
#   Decrease number of Java threads
#   Decrease Java thread stack sizes (-Xss)
#   Set larger code cache with -XX:ReservedCodeCacheSize=
#   JVM is running with Unscaled Compressed Oops mode in which the Java heap is
#     placed in the first 4GB address space. The Java Heap base address is the
#     maximum limit for the native heap growth. Please use -XX:HeapBaseMinAddress
#     to set the Java Heap base and to place the Java Heap above 4GB virtual address.
# This output file may be truncated or incomplete.
#
#  Out of Memory Error (./open/src/hotspot/share/memory/arena.cpp:197), pid=5124, tid=2668
#
# JRE version: Java(TM) SE Runtime Environment 18.9 (11.0.15+8) (build 11.0.15+8-LTS-149)
# Java VM: Java HotSpot(TM) 64-Bit Server VM 18.9 (11.0.15+8-LTS-149, mixed mode, tiered, compressed oops, g1 gc, windows-amd64)
# No core dump will be written. Minidumps are not enabled by default on client versions of Windows
#

---------------  S U M M A R Y ------------

Command Line: -javaagent:C:\Program Files\JetBrains\IntelliJ IDEA Community Edition 2022.2.1\lib\idea_rt.jar=60370:C:\Program Files\JetBrains\IntelliJ IDEA Community Edition 2022.2.1\bin -Dfile.encoding=UTF-8 com.training.springeurekaserver.SpringEurekaServerApplication

Host: Intel(R) Xeon(R) Platinum 8272CL CPU @ 2.60GHz, 2 cores, 7G,  Windows 10 , 64 bit Build 19041 (10.0.19041.1889)
Time: Tue Sep  6 05:21:57 2022 Coordinated Universal Time elapsed time: 3692.182030 seconds (0d 1h 1m 32s)

---------------  T H R E A D  ---------------

Current thread (0x000001f75aa83000):  JavaThread "C2 CompilerThread0" daemon [_thread_in_native, id=2668, stack(0x0000000e41900000,0x0000000e41a00000)]


Current CompileTask:
C2:3692182 9027       4       java.util.regex.Pattern$CharPropertyGreedy::match (122 bytes)

Stack: [0x0000000e41900000,0x0000000e41a00000]
Native frames: (J=compiled Java code, j=interpreted, Vv=VM code, C=native code)
V  [jvm.dll+0x629d8a]
V  [jvm.dll+0x7638ff]
V  [jvm.dll+0x764fa9]
V  [jvm.dll+0x765633]
V  [jvm.dll+0x23d9c8]
V  [jvm.dll+0xb2a1c]
V  [jvm.dll+0xb2fdc]
V  [jvm.dll+0xb2b2b]
V  [jvm.dll+0x60a0af]
V  [jvm.dll+0x53d7c8]
V  [jvm.dll+0x20089d]
V  [jvm.dll+0x1fa64a]
V  [jvm.dll+0x1f762d]
V  [jvm.dll+0x177c51]
V  [jvm.dll+0x207026]
V  [jvm.dll+0x2051bb]
V  [jvm.dll+0x729820]
V  [jvm.dll+0x7223f4]
V  [jvm.dll+0x628c26]
C  [ucrtbase.dll+0x21bb2]
C  [KERNEL32.DLL+0x17034]
C  [ntdll.dll+0x52651]


---------------  P R O C E S S  ---------------

Threads class SMR info:
_java_thread_list=0x000001f7603e8c00, length=63, elements={
0x000001f75aa61000, 0x000001f75aa62800, 0x000001f75b2f2800, 0x000001f75aa7e000,
0x000001f75aa7f000, 0x000001f75aa83000, 0x000001f75aa8e000, 0x000001f75aa93000,
0x000001f75a9fe000, 0x000001f75b617800, 0x000001f76077d000, 0x000001f75eef2000,
0x000001f75ff99800, 0x000001f7600fb800, 0x000001f7600fc800, 0x000001f7608de800,
0x000001f75f9bb800, 0x000001f75f9ca000, 0x000001f76028b000, 0x000001f76028b800,
0x000001f760289000, 0x000001f76028a000, 0x000001f760af5800, 0x000001f760af6800,
0x000001f760af8000, 0x000001f760af9000, 0x000001f760af7000, 0x000001f760af9800,
0x000001f760af4000, 0x000001f760afa800, 0x000001f760af5000, 0x000001f760b00000,
0x000001f760afd000, 0x000001f760afb800, 0x000001f760afe800, 0x000001f760b02000,
0x000001f760afe000, 0x000001f760b01000, 0x000001f760aff800, 0x000001f760afc000,
0x000001f760b02800, 0x000001f7602b6000, 0x000001f7602b4800, 0x000001f7602b8800,
0x000001f7602b7000, 0x000001f7602b3800, 0x000001f7602b5800, 0x000001f7602b8000,
0x000001f7602bb000, 0x000001f7602be800, 0x000001f7602bd800, 0x000001f7602b9800,
0x000001f7602bf000, 0x000001f7602c0000, 0x000001f7602ba800, 0x000001f7602c1000,
0x000001f7602c1800, 0x000001f7602bc000, 0x000001f7602bc800, 0x000001f75cf0c800,
0x000001f75cf0a000, 0x000001f75cf0a800, 0x000001f75cf10800
}

Java Threads: ( => current thread )
  0x000001f75aa61000 JavaThread "Reference Handler" daemon [_thread_blocked, id=11884, stack(0x0000000e41400000,0x0000000e41500000)]
  0x000001f75aa62800 JavaThread "Finalizer" daemon [_thread_blocked, id=10664, stack(0x0000000e41500000,0x0000000e41600000)]
  0x000001f75b2f2800 JavaThread "Signal Dispatcher" daemon [_thread_blocked, id=11004, stack(0x0000000e41600000,0x0000000e41700000)]
  0x000001f75aa7e000 JavaThread "Attach Listener" daemon [_thread_blocked, id=1340, stack(0x0000000e41700000,0x0000000e41800000)]
  0x000001f75aa7f000 JavaThread "Service Thread" daemon [_thread_blocked, id=10144, stack(0x0000000e41800000,0x0000000e41900000)]
=>0x000001f75aa83000 JavaThread "C2 CompilerThread0" daemon [_thread_in_native, id=2668, stack(0x0000000e41900000,0x0000000e41a00000)]
  0x000001f75aa8e000 JavaThread "C1 CompilerThread0" daemon [_thread_blocked, id=11540, stack(0x0000000e41a00000,0x0000000e41b00000)]
  0x000001f75aa93000 JavaThread "Sweeper thread" daemon [_thread_blocked, id=440, stack(0x0000000e41b00000,0x0000000e41c00000)]
  0x000001f75a9fe000 JavaThread "Common-Cleaner" daemon [_thread_blocked, id=2972, stack(0x0000000e41c00000,0x0000000e41d00000)]
  0x000001f75b617800 JavaThread "Monitor Ctrl-Break" daemon [_thread_in_native, id=10288, stack(0x0000000e41e00000,0x0000000e41f00000)]
  0x000001f76077d000 JavaThread "spring.cloud.inetutils" daemon [_thread_blocked, id=9632, stack(0x0000000e42000000,0x0000000e42100000)]
  0x000001f75eef2000 JavaThread "Thread-4" daemon [_thread_blocked, id=5588, stack(0x0000000e42100000,0x0000000e42200000)]
  0x000001f75ff99800 JavaThread "SimplePauseDetectorThread_0" daemon [_thread_blocked, id=1228, stack(0x0000000e42200000,0x0000000e42300000)]
  0x000001f7600fb800 JavaThread "Catalina-utility-1" [_thread_blocked, id=12532, stack(0x0000000e42300000,0x0000000e42400000)]
  0x000001f7600fc800 JavaThread "Catalina-utility-2" [_thread_blocked, id=11936, stack(0x0000000e42400000,0x0000000e42500000)]
  0x000001f7608de800 JavaThread "container-0" [_thread_blocked, id=9128, stack(0x0000000e42500000,0x0000000e42600000)]
  0x000001f75f9bb800 JavaThread "Eureka-DeltaRetentionTimer" daemon [_thread_blocked, id=11008, stack(0x0000000e42600000,0x0000000e42700000)]
  0x000001f75f9ca000 JavaThread "Eureka-EvictionTimer" daemon [_thread_blocked, id=3892, stack(0x0000000e42700000,0x0000000e42800000)]
  0x000001f76028b000 JavaThread "Eureka-MeasureRateTimer" daemon [_thread_blocked, id=5472, stack(0x0000000e42800000,0x0000000e42900000)]
  0x000001f76028b800 JavaThread "ReplicaAwareInstanceRegistry - RenewalThresholdUpdater" daemon [_thread_blocked, id=12116, stack(0x0000000e42900000,0x0000000e42a00000)]
  0x000001f760289000 JavaThread "Eureka-MeasureRateTimer" daemon [_thread_blocked, id=11232, stack(0x0000000e42a00000,0x0000000e42b00000)]
  0x000001f76028a000 JavaThread "Eureka-JerseyClient-Conn-Cleaner2" daemon [_thread_blocked, id=10068, stack(0x0000000e42b00000,0x0000000e42c00000)]
  0x000001f760af5800 JavaThread "TaskAcceptor-target_localhost" daemon [_thread_blocked, id=10956, stack(0x0000000e42c00000,0x0000000e42d00000)]
  0x000001f760af6800 JavaThread "StatsMonitor-0" daemon [_thread_blocked, id=1420, stack(0x0000000e42d00000,0x0000000e42e00000)]
  0x000001f760af8000 JavaThread "TaskBatchingWorker-target_localhost-0" daemon [_thread_blocked, id=11620, stack(0x0000000e42e00000,0x0000000e42f00000)]
  0x000001f760af9000 JavaThread "TaskBatchingWorker-target_localhost-1" daemon [_thread_blocked, id=10848, stack(0x0000000e42f00000,0x0000000e43000000)]
  0x000001f760af7000 JavaThread "TaskBatchingWorker-target_localhost-2" daemon [_thread_blocked, id=12852, stack(0x0000000e43000000,0x0000000e43100000)]
  0x000001f760af9800 JavaThread "TaskBatchingWorker-target_localhost-3" daemon [_thread_blocked, id=11784, stack(0x0000000e43100000,0x0000000e43200000)]
  0x000001f760af4000 JavaThread "TaskBatchingWorker-target_localhost-4" daemon [_thread_blocked, id=7560, stack(0x0000000e43200000,0x0000000e43300000)]
  0x000001f760afa800 JavaThread "TaskBatchingWorker-target_localhost-5" daemon [_thread_blocked, id=2608, stack(0x0000000e43300000,0x0000000e43400000)]
  0x000001f760af5000 JavaThread "TaskBatchingWorker-target_localhost-6" daemon [_thread_blocked, id=4224, stack(0x0000000e43400000,0x0000000e43500000)]
  0x000001f760b00000 JavaThread "TaskBatchingWorker-target_localhost-7" daemon [_thread_blocked, id=9336, stack(0x0000000e43500000,0x0000000e43600000)]
  0x000001f760afd000 JavaThread "TaskBatchingWorker-target_localhost-8" daemon [_thread_blocked, id=12444, stack(0x0000000e43600000,0x0000000e43700000)]
  0x000001f760afb800 JavaThread "TaskBatchingWorker-target_localhost-9" daemon [_thread_blocked, id=10412, stack(0x0000000e43700000,0x0000000e43800000)]
  0x000001f760afe800 JavaThread "TaskBatchingWorker-target_localhost-10" daemon [_thread_blocked, id=868, stack(0x0000000e43800000,0x0000000e43900000)]
  0x000001f760b02000 JavaThread "TaskBatchingWorker-target_localhost-11" daemon [_thread_blocked, id=12140, stack(0x0000000e43900000,0x0000000e43a00000)]
  0x000001f760afe000 JavaThread "TaskBatchingWorker-target_localhost-12" daemon [_thread_blocked, id=4768, stack(0x0000000e43a00000,0x0000000e43b00000)]
  0x000001f760b01000 JavaThread "TaskBatchingWorker-target_localhost-13" daemon [_thread_blocked, id=2416, stack(0x0000000e43b00000,0x0000000e43c00000)]
  0x000001f760aff800 JavaThread "TaskBatchingWorker-target_localhost-14" daemon [_thread_blocked, id=3720, stack(0x0000000e43c00000,0x0000000e43d00000)]
  0x000001f760afc000 JavaThread "TaskBatchingWorker-target_localhost-15" daemon [_thread_blocked, id=10924, stack(0x0000000e43d00000,0x0000000e43e00000)]
  0x000001f760b02800 JavaThread "TaskBatchingWorker-target_localhost-16" daemon [_thread_blocked, id=6776, stack(0x0000000e43e00000,0x0000000e43f00000)]
  0x000001f7602b6000 JavaThread "TaskBatchingWorker-target_localhost-17" daemon [_thread_blocked, id=11192, stack(0x0000000e43f00000,0x0000000e44000000)]
  0x000001f7602b4800 JavaThread "TaskBatchingWorker-target_localhost-18" daemon [_thread_blocked, id=11020, stack(0x0000000e44000000,0x0000000e44100000)]
  0x000001f7602b8800 JavaThread "TaskBatchingWorker-target_localhost-19" daemon [_thread_blocked, id=2488, stack(0x0000000e44100000,0x0000000e44200000)]
  0x000001f7602b7000 JavaThread "TaskAcceptor-localhost" daemon [_thread_blocked, id=6320, stack(0x0000000e44200000,0x0000000e44300000)]
  0x000001f7602b3800 JavaThread "TaskNonBatchingWorker-localhost-0" daemon [_thread_blocked, id=2860, stack(0x0000000e44300000,0x0000000e44400000)]
  0x000001f7602b5800 JavaThread "Eureka-PeerNodesUpdater" daemon [_thread_blocked, id=11668, stack(0x0000000e44400000,0x0000000e44500000)]
  0x000001f7602b8000 JavaThread "Eureka-CacheFillTimer" daemon [_thread_blocked, id=6976, stack(0x0000000e44500000,0x0000000e44600000)]
  0x000001f7602bb000 JavaThread "NioBlockingSelector.BlockPoller-1" daemon [_thread_in_native, id=4304, stack(0x0000000e44700000,0x0000000e44800000)]
  0x000001f7602be800 JavaThread "http-nio-8761-exec-1" daemon [_thread_blocked, id=7056, stack(0x0000000e44800000,0x0000000e44900000)]
  0x000001f7602bd800 JavaThread "http-nio-8761-exec-2" daemon [_thread_blocked, id=9992, stack(0x0000000e44900000,0x0000000e44a00000)]
  0x000001f7602b9800 JavaThread "http-nio-8761-exec-3" daemon [_thread_blocked, id=7268, stack(0x0000000e44a00000,0x0000000e44b00000)]
  0x000001f7602bf000 JavaThread "http-nio-8761-exec-4" daemon [_thread_blocked, id=12456, stack(0x0000000e44b00000,0x0000000e44c00000)]
  0x000001f7602c0000 JavaThread "http-nio-8761-exec-5" daemon [_thread_blocked, id=12684, stack(0x0000000e44c00000,0x0000000e44d00000)]
  0x000001f7602ba800 JavaThread "http-nio-8761-exec-6" daemon [_thread_blocked, id=12876, stack(0x0000000e44d00000,0x0000000e44e00000)]
  0x000001f7602c1000 JavaThread "http-nio-8761-exec-7" daemon [_thread_blocked, id=5048, stack(0x0000000e44e00000,0x0000000e44f00000)]
  0x000001f7602c1800 JavaThread "http-nio-8761-exec-8" daemon [_thread_blocked, id=11596, stack(0x0000000e44f00000,0x0000000e45000000)]
  0x000001f7602bc000 JavaThread "http-nio-8761-exec-9" daemon [_thread_blocked, id=11700, stack(0x0000000e45000000,0x0000000e45100000)]
  0x000001f7602bc800 JavaThread "http-nio-8761-exec-10" daemon [_thread_blocked, id=9568, stack(0x0000000e45100000,0x0000000e45200000)]
  0x000001f75cf0c800 JavaThread "http-nio-8761-ClientPoller-0" daemon [_thread_in_native, id=12000, stack(0x0000000e45200000,0x0000000e45300000)]
  0x000001f75cf0a000 JavaThread "http-nio-8761-ClientPoller-1" daemon [_thread_in_native, id=4440, stack(0x0000000e45300000,0x0000000e45400000)]
  0x000001f75cf0a800 JavaThread "http-nio-8761-Acceptor-0" daemon [_thread_in_native, id=12612, stack(0x0000000e45400000,0x0000000e45500000)]
  0x000001f75cf10800 JavaThread "DestroyJavaVM" [_thread_blocked, id=1780, stack(0x0000000e40c00000,0x0000000e40d00000)]

Other Threads:
  0x000001f75aa5f800 VMThread "VM Thread" [stack: 0x0000000e41300000,0x0000000e41400000] [id=12520]
  0x000001f75bb0d800 WatcherThread [stack: 0x0000000e41f00000,0x0000000e42000000] [id=13096]
  0x000001f73d61e800 GCTaskThread "GC Thread#0" [stack: 0x0000000e40e00000,0x0000000e40f00000] [id=2236]
  0x000001f75b7ca800 GCTaskThread "GC Thread#1" [stack: 0x0000000e41d00000,0x0000000e41e00000] [id=5156]
  0x000001f73d64f000 ConcurrentGCThread "G1 Main Marker" [stack: 0x0000000e40f00000,0x0000000e41000000] [id=5504]
  0x000001f73d652800 ConcurrentGCThread "G1 Conc#0" [stack: 0x0000000e41000000,0x0000000e41100000] [id=2536]
  0x000001f73d6dc000 ConcurrentGCThread "G1 Refine#0" [stack: 0x0000000e41100000,0x0000000e41200000] [id=12188]
  0x000001f73d6de000 ConcurrentGCThread "G1 Young RemSet Sampling" [stack: 0x0000000e41200000,0x0000000e41300000] [id=4436]

Threads with active compile tasks:
C2 CompilerThread03692199 9027       4       java.util.regex.Pattern$CharPropertyGreedy::match (122 bytes)

VM state:not at safepoint (normal execution)

VM Mutex/Monitor currently owned by a thread: None

Heap address: 0x0000000080000000, size: 2048 MB, Compressed Oops mode: 32-bit
Narrow klass base: 0x0000000000000000, Narrow klass shift: 3
Compressed class space size: 1073741824 Address: 0x0000000100000000

Heap:
 garbage-first heap   total 189440K, used 66176K [0x0000000080000000, 0x0000000100000000)
  region size 1024K, 40 young (40960K), 10 survivors (10240K)
 Metaspace       used 70177K, capacity 71659K, committed 71852K, reserved 1112064K
  class space    used 8563K, capacity 9141K, committed 9216K, reserved 1048576K
Heap Regions: E=young(eden), S=young(survivor), O=old, HS=humongous(starts), HC=humongous(continues), CS=collection set, F=free, A=archive, TAMS=top-at-mark-start (previous, next)
|   0|0x0000000080000000, 0x0000000080100000, 0x0000000080100000|100%| O|  |TAMS 0x0000000080100000, 0x0000000080000000| Untracked 
|   1|0x0000000080100000, 0x0000000080200000, 0x0000000080200000|100%| O|  |TAMS 0x0000000080200000, 0x0000000080100000| Untracked 
|   2|0x0000000080200000, 0x0000000080300000, 0x0000000080300000|100%| O|  |TAMS 0x0000000080300000, 0x0000000080200000| Untracked 
|   3|0x0000000080300000, 0x0000000080400000, 0x0000000080400000|100%| O|  |TAMS 0x0000000080400000, 0x0000000080300000| Untracked 
|   4|0x0000000080400000, 0x0000000080500000, 0x0000000080500000|100%| O|  |TAMS 0x0000000080500000, 0x0000000080400000| Untracked 
|   5|0x0000000080500000, 0x0000000080600000, 0x0000000080600000|100%| O|  |TAMS 0x0000000080600000, 0x0000000080500000| Untracked 
|   6|0x0000000080600000, 0x0000000080700000, 0x0000000080700000|100%| O|  |TAMS 0x0000000080700000, 0x0000000080600000| Untracked 
|   7|0x0000000080700000, 0x0000000080800000, 0x0000000080800000|100%| O|  |TAMS 0x0000000080800000, 0x0000000080700000| Untracked 
|   8|0x0000000080800000, 0x0000000080900000, 0x0000000080900000|100%| O|  |TAMS 0x0000000080900000, 0x0000000080800000| Untracked 
|   9|0x0000000080900000, 0x0000000080a00000, 0x0000000080a00000|100%| O|  |TAMS 0x0000000080a00000, 0x0000000080900000| Untracked 
|  10|0x0000000080a00000, 0x0000000080b00000, 0x0000000080b00000|100%| O|  |TAMS 0x0000000080b00000, 0x0000000080a00000| Untracked 
|  11|0x0000000080b00000, 0x0000000080c00000, 0x0000000080c00000|100%| O|  |TAMS 0x0000000080c00000, 0x0000000080b00000| Untracked 
|  12|0x0000000080c00000, 0x0000000080d00000, 0x0000000080d00000|100%| O|  |TAMS 0x0000000080d00000, 0x0000000080c00000| Untracked 
|  13|0x0000000080d00000, 0x0000000080e00000, 0x0000000080e00000|100%| O|  |TAMS 0x0000000080e00000, 0x0000000080d00000| Untracked 
|  14|0x0000000080e00000, 0x0000000080f00000, 0x0000000080f00000|100%| O|  |TAMS 0x0000000080f00000, 0x0000000080e00000| Untracked 
|  15|0x0000000080f00000, 0x0000000081000000, 0x0000000081000000|100%| O|  |TAMS 0x0000000081000000, 0x0000000080f00000| Untracked 
|  16|0x0000000081000000, 0x0000000081100000, 0x0000000081100000|100%| O|  |TAMS 0x0000000081100000, 0x0000000081000000| Untracked 
|  17|0x0000000081100000, 0x0000000081200000, 0x0000000081200000|100%| O|  |TAMS 0x0000000081200000, 0x0000000081100000| Untracked 
|  18|0x0000000081200000, 0x0000000081300000, 0x0000000081300000|100%| O|  |TAMS 0x0000000081300000, 0x0000000081200000| Untracked 
|  19|0x0000000081300000, 0x0000000081400000, 0x0000000081400000|100%| O|  |TAMS 0x0000000081400000, 0x0000000081300000| Untracked 
|  20|0x0000000081400000, 0x0000000081500000, 0x0000000081500000|100%| O|  |TAMS 0x0000000081500000, 0x0000000081400000| Untracked 
|  21|0x0000000081500000, 0x0000000081600000, 0x0000000081600000|100%| O|  |TAMS 0x0000000081600000, 0x0000000081500000| Untracked 
|  22|0x0000000081600000, 0x0000000081700000, 0x0000000081700000|100%| O|  |TAMS 0x000000008163b800, 0x0000000081600000| Untracked 
|  23|0x0000000081700000, 0x0000000081800000, 0x0000000081800000|100%| O|  |TAMS 0x0000000081700000, 0x0000000081700000| Untracked 
|  24|0x0000000081800000, 0x0000000081900000, 0x0000000081900000|100%| O|  |TAMS 0x0000000081800000, 0x0000000081800000| Untracked 
|  25|0x0000000081900000, 0x00000000819a0000, 0x0000000081a00000| 62%| O|  |TAMS 0x0000000081900000, 0x0000000081900000| Untracked 
|  26|0x0000000081a00000, 0x0000000081a00000, 0x0000000081b00000|  0%| F|  |TAMS 0x0000000081a00000, 0x0000000081a00000| Untracked 
|  27|0x0000000081b00000, 0x0000000081b00000, 0x0000000081c00000|  0%| F|  |TAMS 0x0000000081b00000, 0x0000000081b00000| Untracked 
|  28|0x0000000081c00000, 0x0000000081c00000, 0x0000000081d00000|  0%| F|  |TAMS 0x0000000081c00000, 0x0000000081c00000| Untracked 
|  29|0x0000000081d00000, 0x0000000081d00000, 0x0000000081e00000|  0%| F|  |TAMS 0x0000000081d00000, 0x0000000081d00000| Untracked 
|  30|0x0000000081e00000, 0x0000000081e00000, 0x0000000081f00000|  0%| F|  |TAMS 0x0000000081e00000, 0x0000000081e00000| Untracked 
|  31|0x0000000081f00000, 0x0000000081f00000, 0x0000000082000000|  0%| F|  |TAMS 0x0000000081f00000, 0x0000000081f00000| Untracked 
|  32|0x0000000082000000, 0x0000000082000000, 0x0000000082100000|  0%| F|  |TAMS 0x0000000082000000, 0x0000000082000000| Untracked 
|  33|0x0000000082100000, 0x0000000082100000, 0x0000000082200000|  0%| F|  |TAMS 0x0000000082100000, 0x0000000082100000| Untracked 
|  34|0x0000000082200000, 0x0000000082200000, 0x0000000082300000|  0%| F|  |TAMS 0x0000000082200000, 0x0000000082200000| Untracked 
|  35|0x0000000082300000, 0x0000000082300000, 0x0000000082400000|  0%| F|  |TAMS 0x0000000082300000, 0x0000000082300000| Untracked 
|  36|0x0000000082400000, 0x0000000082400000, 0x0000000082500000|  0%| F|  |TAMS 0x0000000082400000, 0x0000000082400000| Untracked 
|  37|0x0000000082500000, 0x0000000082500000, 0x0000000082600000|  0%| F|  |TAMS 0x0000000082500000, 0x0000000082500000| Untracked 
|  38|0x0000000082600000, 0x0000000082600000, 0x0000000082700000|  0%| F|  |TAMS 0x0000000082600000, 0x0000000082600000| Untracked 
|  39|0x0000000082700000, 0x0000000082700000, 0x0000000082800000|  0%| F|  |TAMS 0x0000000082700000, 0x0000000082700000| Untracked 
|  40|0x0000000082800000, 0x0000000082800000, 0x0000000082900000|  0%| F|  |TAMS 0x0000000082800000, 0x0000000082800000| Untracked 
|  41|0x0000000082900000, 0x0000000082900000, 0x0000000082a00000|  0%| F|  |TAMS 0x0000000082900000, 0x0000000082900000| Untracked 
|  42|0x0000000082a00000, 0x0000000082a00000, 0x0000000082b00000|  0%| F|  |TAMS 0x0000000082a00000, 0x0000000082a00000| Untracked 
|  43|0x0000000082b00000, 0x0000000082b00000, 0x0000000082c00000|  0%| F|  |TAMS 0x0000000082b00000, 0x0000000082b00000| Untracked 
|  44|0x0000000082c00000, 0x0000000082c00000, 0x0000000082d00000|  0%| F|  |TAMS 0x0000000082c00000, 0x0000000082c00000| Untracked 
|  45|0x0000000082d00000, 0x0000000082d00000, 0x0000000082e00000|  0%| F|  |TAMS 0x0000000082d00000, 0x0000000082d00000| Untracked 
|  46|0x0000000082e00000, 0x0000000082e00000, 0x0000000082f00000|  0%| F|  |TAMS 0x0000000082e00000, 0x0000000082e00000| Untracked 
|  47|0x0000000082f00000, 0x0000000082f00000, 0x0000000083000000|  0%| F|  |TAMS 0x0000000082f00000, 0x0000000082f00000| Untracked 
|  48|0x0000000083000000, 0x0000000083000000, 0x0000000083100000|  0%| F|  |TAMS 0x0000000083000000, 0x0000000083000000| Untracked 
|  49|0x0000000083100000, 0x0000000083100000, 0x0000000083200000|  0%| F|  |TAMS 0x0000000083100000, 0x0000000083100000| Untracked 
|  50|0x0000000083200000, 0x0000000083200000, 0x0000000083300000|  0%| F|  |TAMS 0x0000000083200000, 0x0000000083200000| Untracked 
|  51|0x0000000083300000, 0x0000000083300000, 0x0000000083400000|  0%| F|  |TAMS 0x0000000083300000, 0x0000000083300000| Untracked 
|  52|0x0000000083400000, 0x0000000083400000, 0x0000000083500000|  0%| F|  |TAMS 0x0000000083400000, 0x0000000083400000| Untracked 
|  53|0x0000000083500000, 0x0000000083500000, 0x0000000083600000|  0%| F|  |TAMS 0x0000000083500000, 0x0000000083500000| Untracked 
|  54|0x0000000083600000, 0x0000000083600000, 0x0000000083700000|  0%| F|  |TAMS 0x0000000083600000, 0x0000000083600000| Untracked 
|  55|0x0000000083700000, 0x0000000083700000, 0x0000000083800000|  0%| F|  |TAMS 0x0000000083700000, 0x0000000083700000| Untracked 
|  56|0x0000000083800000, 0x0000000083800000, 0x0000000083900000|  0%| F|  |TAMS 0x0000000083800000, 0x0000000083800000| Untracked 
|  57|0x0000000083900000, 0x0000000083900000, 0x0000000083a00000|  0%| F|  |TAMS 0x0000000083900000, 0x0000000083900000| Untracked 
|  58|0x0000000083a00000, 0x0000000083a00000, 0x0000000083b00000|  0%| F|  |TAMS 0x0000000083a00000, 0x0000000083a00000| Untracked 
|  59|0x0000000083b00000, 0x0000000083b00000, 0x0000000083c00000|  0%| F|  |TAMS 0x0000000083b00000, 0x0000000083b00000| Untracked 
|  60|0x0000000083c00000, 0x0000000083c00000, 0x0000000083d00000|  0%| F|  |TAMS 0x0000000083c00000, 0x0000000083c00000| Untracked 
|  61|0x0000000083d00000, 0x0000000083d00000, 0x0000000083e00000|  0%| F|  |TAMS 0x0000000083d00000, 0x0000000083d00000| Untracked 
|  62|0x0000000083e00000, 0x0000000083e00000, 0x0000000083f00000|  0%| F|  |TAMS 0x0000000083e00000, 0x0000000083e00000| Untracked 
|  63|0x0000000083f00000, 0x0000000083f00000, 0x0000000084000000|  0%| F|  |TAMS 0x0000000083f00000, 0x0000000083f00000| Untracked 
|  64|0x0000000084000000, 0x0000000084000000, 0x0000000084100000|  0%| F|  |TAMS 0x0000000084000000, 0x0000000084000000| Untracked 
|  65|0x0000000084100000, 0x0000000084100000, 0x0000000084200000|  0%| F|  |TAMS 0x0000000084100000, 0x0000000084100000| Untracked 
|  66|0x0000000084200000, 0x0000000084300000, 0x0000000084300000|100%| S|CS|TAMS 0x0000000084200000, 0x0000000084200000| Complete 
|  67|0x0000000084300000, 0x0000000084400000, 0x0000000084400000|100%| S|CS|TAMS 0x0000000084300000, 0x0000000084300000| Complete 
|  68|0x0000000084400000, 0x0000000084500000, 0x0000000084500000|100%| S|CS|TAMS 0x0000000084400000, 0x0000000084400000| Complete 
|  69|0x0000000084500000, 0x0000000084600000, 0x0000000084600000|100%| S|CS|TAMS 0x0000000084500000, 0x0000000084500000| Complete 
|  70|0x0000000084600000, 0x0000000084700000, 0x0000000084700000|100%| S|CS|TAMS 0x0000000084600000, 0x0000000084600000| Complete 
|  71|0x0000000084700000, 0x0000000084800000, 0x0000000084800000|100%| S|CS|TAMS 0x0000000084700000, 0x0000000084700000| Complete 
|  72|0x0000000084800000, 0x0000000084900000, 0x0000000084900000|100%| S|CS|TAMS 0x0000000084800000, 0x0000000084800000| Complete 
|  73|0x0000000084900000, 0x0000000084a00000, 0x0000000084a00000|100%| S|CS|TAMS 0x0000000084900000, 0x0000000084900000| Complete 
|  74|0x0000000084a00000, 0x0000000084b00000, 0x0000000084b00000|100%| S|CS|TAMS 0x0000000084a00000, 0x0000000084a00000| Complete 
|  75|0x0000000084b00000, 0x0000000084c00000, 0x0000000084c00000|100%| S|CS|TAMS 0x0000000084b00000, 0x0000000084b00000| Complete 
|  76|0x0000000084c00000, 0x0000000084c00000, 0x0000000084d00000|  0%| F|  |TAMS 0x0000000084c00000, 0x0000000084c00000| Untracked 
|  77|0x0000000084d00000, 0x0000000084d00000, 0x0000000084e00000|  0%| F|  |TAMS 0x0000000084d00000, 0x0000000084d00000| Untracked 
|  78|0x0000000084e00000, 0x0000000084e00000, 0x0000000084f00000|  0%| F|  |TAMS 0x0000000084e00000, 0x0000000084e00000| Untracked 
|  79|0x0000000084f00000, 0x0000000084f00000, 0x0000000085000000|  0%| F|  |TAMS 0x0000000084f00000, 0x0000000084f00000| Untracked 
|  80|0x0000000085000000, 0x0000000085000000, 0x0000000085100000|  0%| F|  |TAMS 0x0000000085000000, 0x0000000085000000| Untracked 
|  81|0x0000000085100000, 0x0000000085100000, 0x0000000085200000|  0%| F|  |TAMS 0x0000000085100000, 0x0000000085100000| Untracked 
|  82|0x0000000085200000, 0x0000000085200000, 0x0000000085300000|  0%| F|  |TAMS 0x0000000085200000, 0x0000000085200000| Untracked 
|  83|0x0000000085300000, 0x0000000085300000, 0x0000000085400000|  0%| F|  |TAMS 0x0000000085300000, 0x0000000085300000| Untracked 
|  84|0x0000000085400000, 0x0000000085400000, 0x0000000085500000|  0%| F|  |TAMS 0x0000000085400000, 0x0000000085400000| Untracked 
|  85|0x0000000085500000, 0x0000000085500000, 0x0000000085600000|  0%| F|  |TAMS 0x0000000085500000, 0x0000000085500000| Untracked 
|  86|0x0000000085600000, 0x0000000085600000, 0x0000000085700000|  0%| F|  |TAMS 0x0000000085600000, 0x0000000085600000| Untracked 
|  87|0x0000000085700000, 0x0000000085700000, 0x0000000085800000|  0%| F|  |TAMS 0x0000000085700000, 0x0000000085700000| Untracked 
|  88|0x0000000085800000, 0x0000000085800000, 0x0000000085900000|  0%| F|  |TAMS 0x0000000085800000, 0x0000000085800000| Untracked 
|  89|0x0000000085900000, 0x0000000085900000, 0x0000000085a00000|  0%| F|  |TAMS 0x0000000085900000, 0x0000000085900000| Untracked 
|  90|0x0000000085a00000, 0x0000000085a00000, 0x0000000085b00000|  0%| F|  |TAMS 0x0000000085a00000, 0x0000000085a00000| Untracked 
|  91|0x0000000085b00000, 0x0000000085b00000, 0x0000000085c00000|  0%| F|  |TAMS 0x0000000085b00000, 0x0000000085b00000| Untracked 
|  92|0x0000000085c00000, 0x0000000085c00000, 0x0000000085d00000|  0%| F|  |TAMS 0x0000000085c00000, 0x0000000085c00000| Untracked 
|  93|0x0000000085d00000, 0x0000000085d00000, 0x0000000085e00000|  0%| F|  |TAMS 0x0000000085d00000, 0x0000000085d00000| Untracked 
|  94|0x0000000085e00000, 0x0000000085e00000, 0x0000000085f00000|  0%| F|  |TAMS 0x0000000085e00000, 0x0000000085e00000| Untracked 
|  95|0x0000000085f00000, 0x0000000085f00000, 0x0000000086000000|  0%| F|  |TAMS 0x0000000085f00000, 0x0000000085f00000| Untracked 
|  96|0x0000000086000000, 0x0000000086000000, 0x0000000086100000|  0%| F|  |TAMS 0x0000000086000000, 0x0000000086000000| Untracked 
|  97|0x0000000086100000, 0x0000000086100000, 0x0000000086200000|  0%| F|  |TAMS 0x0000000086100000, 0x0000000086100000| Untracked 
|  98|0x0000000086200000, 0x0000000086200000, 0x0000000086300000|  0%| F|  |TAMS 0x0000000086200000, 0x0000000086200000| Untracked 
|  99|0x0000000086300000, 0x0000000086300000, 0x0000000086400000|  0%| F|  |TAMS 0x0000000086300000, 0x0000000086300000| Untracked 
| 100|0x0000000086400000, 0x0000000086400000, 0x0000000086500000|  0%| F|  |TAMS 0x0000000086400000, 0x0000000086400000| Untracked 
| 101|0x0000000086500000, 0x0000000086500000, 0x0000000086600000|  0%| F|  |TAMS 0x0000000086500000, 0x0000000086500000| Untracked 
| 102|0x0000000086600000, 0x0000000086600000, 0x0000000086700000|  0%| F|  |TAMS 0x0000000086600000, 0x0000000086600000| Untracked 
| 103|0x0000000086700000, 0x0000000086700000, 0x0000000086800000|  0%| F|  |TAMS 0x0000000086700000, 0x0000000086700000| Untracked 
| 104|0x0000000086800000, 0x0000000086800000, 0x0000000086900000|  0%| F|  |TAMS 0x0000000086800000, 0x0000000086800000| Untracked 
| 105|0x0000000086900000, 0x0000000086900000, 0x0000000086a00000|  0%| F|  |TAMS 0x0000000086900000, 0x0000000086900000| Untracked 
| 106|0x0000000086a00000, 0x0000000086a00000, 0x0000000086b00000|  0%| F|  |TAMS 0x0000000086a00000, 0x0000000086a00000| Untracked 
| 107|0x0000000086b00000, 0x0000000086b00000, 0x0000000086c00000|  0%| F|  |TAMS 0x0000000086b00000, 0x0000000086b00000| Untracked 
| 108|0x0000000086c00000, 0x0000000086c00000, 0x0000000086d00000|  0%| F|  |TAMS 0x0000000086c00000, 0x0000000086c00000| Untracked 
| 109|0x0000000086d00000, 0x0000000086d00000, 0x0000000086e00000|  0%| F|  |TAMS 0x0000000086d00000, 0x0000000086d00000| Untracked 
| 110|0x0000000086e00000, 0x0000000086e00000, 0x0000000086f00000|  0%| F|  |TAMS 0x0000000086e00000, 0x0000000086e00000| Untracked 
| 111|0x0000000086f00000, 0x0000000086f00000, 0x0000000087000000|  0%| F|  |TAMS 0x0000000086f00000, 0x0000000086f00000| Untracked 
| 112|0x0000000087000000, 0x0000000087000000, 0x0000000087100000|  0%| F|  |TAMS 0x0000000087000000, 0x0000000087000000| Untracked 
| 113|0x0000000087100000, 0x0000000087100000, 0x0000000087200000|  0%| F|  |TAMS 0x0000000087100000, 0x0000000087100000| Untracked 
| 114|0x0000000087200000, 0x0000000087200000, 0x0000000087300000|  0%| F|  |TAMS 0x0000000087200000, 0x0000000087200000| Untracked 
| 115|0x0000000087300000, 0x0000000087300000, 0x0000000087400000|  0%| F|  |TAMS 0x0000000087300000, 0x0000000087300000| Untracked 
| 116|0x0000000087400000, 0x0000000087400000, 0x0000000087500000|  0%| F|  |TAMS 0x0000000087400000, 0x0000000087400000| Untracked 
| 117|0x0000000087500000, 0x0000000087500000, 0x0000000087600000|  0%| F|  |TAMS 0x0000000087500000, 0x0000000087500000| Untracked 
| 118|0x0000000087600000, 0x0000000087600000, 0x0000000087700000|  0%| F|  |TAMS 0x0000000087600000, 0x0000000087600000| Untracked 
| 119|0x0000000087700000, 0x0000000087700000, 0x0000000087800000|  0%| F|  |TAMS 0x0000000087700000, 0x0000000087700000| Untracked 
| 120|0x0000000087800000, 0x0000000087800000, 0x0000000087900000|  0%| F|  |TAMS 0x0000000087800000, 0x0000000087800000| Untracked 
| 121|0x0000000087900000, 0x0000000087900000, 0x0000000087a00000|  0%| F|  |TAMS 0x0000000087900000, 0x0000000087900000| Untracked 
| 122|0x0000000087a00000, 0x0000000087a00000, 0x0000000087b00000|  0%| F|  |TAMS 0x0000000087a00000, 0x0000000087a00000| Untracked 
| 123|0x0000000087b00000, 0x0000000087b00000, 0x0000000087c00000|  0%| F|  |TAMS 0x0000000087b00000, 0x0000000087b00000| Untracked 
| 124|0x0000000087c00000, 0x0000000087c00000, 0x0000000087d00000|  0%| F|  |TAMS 0x0000000087c00000, 0x0000000087c00000| Untracked 
| 125|0x0000000087d00000, 0x0000000087d00000, 0x0000000087e00000|  0%| F|  |TAMS 0x0000000087d00000, 0x0000000087d00000| Untracked 
| 126|0x0000000087e00000, 0x0000000087e00000, 0x0000000087f00000|  0%| F|  |TAMS 0x0000000087e00000, 0x0000000087e00000| Untracked 
| 127|0x0000000087f00000, 0x0000000087f00000, 0x0000000088000000|  0%| F|  |TAMS 0x0000000087f00000, 0x0000000087f00000| Untracked 
| 128|0x0000000088000000, 0x0000000088000000, 0x0000000088100000|  0%| F|  |TAMS 0x0000000088000000, 0x0000000088000000| Untracked 
| 129|0x0000000088100000, 0x0000000088100000, 0x0000000088200000|  0%| F|  |TAMS 0x0000000088100000, 0x0000000088100000| Untracked 
| 130|0x0000000088200000, 0x0000000088200000, 0x0000000088300000|  0%| F|  |TAMS 0x0000000088200000, 0x0000000088200000| Untracked 
| 131|0x0000000088300000, 0x0000000088300000, 0x0000000088400000|  0%| F|  |TAMS 0x0000000088300000, 0x0000000088300000| Untracked 
| 132|0x0000000088400000, 0x0000000088400000, 0x0000000088500000|  0%| F|  |TAMS 0x0000000088400000, 0x0000000088400000| Untracked 
| 133|0x0000000088500000, 0x0000000088500000, 0x0000000088600000|  0%| F|  |TAMS 0x0000000088500000, 0x0000000088500000| Untracked 
| 134|0x0000000088600000, 0x0000000088600000, 0x0000000088700000|  0%| F|  |TAMS 0x0000000088600000, 0x0000000088600000| Untracked 
| 135|0x0000000088700000, 0x0000000088700000, 0x0000000088800000|  0%| F|  |TAMS 0x0000000088700000, 0x0000000088700000| Untracked 
| 136|0x0000000088800000, 0x0000000088800000, 0x0000000088900000|  0%| F|  |TAMS 0x0000000088800000, 0x0000000088800000| Untracked 
| 137|0x0000000088900000, 0x0000000088900000, 0x0000000088a00000|  0%| F|  |TAMS 0x0000000088900000, 0x0000000088900000| Untracked 
| 138|0x0000000088a00000, 0x0000000088a00000, 0x0000000088b00000|  0%| F|  |TAMS 0x0000000088a00000, 0x0000000088a00000| Untracked 
| 139|0x0000000088b00000, 0x0000000088b00000, 0x0000000088c00000|  0%| F|  |TAMS 0x0000000088b00000, 0x0000000088b00000| Untracked 
| 140|0x0000000088c00000, 0x0000000088c00000, 0x0000000088d00000|  0%| F|  |TAMS 0x0000000088c00000, 0x0000000088c00000| Untracked 
| 141|0x0000000088d00000, 0x0000000088d00000, 0x0000000088e00000|  0%| F|  |TAMS 0x0000000088d00000, 0x0000000088d00000| Untracked 
| 142|0x0000000088e00000, 0x0000000088e00000, 0x0000000088f00000|  0%| F|  |TAMS 0x0000000088e00000, 0x0000000088e00000| Untracked 
| 143|0x0000000088f00000, 0x0000000088f00000, 0x0000000089000000|  0%| F|  |TAMS 0x0000000088f00000, 0x0000000088f00000| Untracked 
| 144|0x0000000089000000, 0x0000000089000000, 0x0000000089100000|  0%| F|  |TAMS 0x0000000089000000, 0x0000000089000000| Untracked 
| 145|0x0000000089100000, 0x0000000089100000, 0x0000000089200000|  0%| F|  |TAMS 0x0000000089100000, 0x0000000089100000| Untracked 
| 146|0x0000000089200000, 0x0000000089200000, 0x0000000089300000|  0%| F|  |TAMS 0x0000000089200000, 0x0000000089200000| Untracked 
| 147|0x0000000089300000, 0x0000000089300000, 0x0000000089400000|  0%| F|  |TAMS 0x0000000089300000, 0x0000000089300000| Untracked 
| 148|0x0000000089400000, 0x0000000089400000, 0x0000000089500000|  0%| F|  |TAMS 0x0000000089400000, 0x0000000089400000| Untracked 
| 149|0x0000000089500000, 0x0000000089500000, 0x0000000089600000|  0%| F|  |TAMS 0x0000000089500000, 0x0000000089500000| Untracked 
| 150|0x0000000089600000, 0x0000000089600000, 0x0000000089700000|  0%| F|  |TAMS 0x0000000089600000, 0x0000000089600000| Untracked 
| 151|0x0000000089700000, 0x0000000089700000, 0x0000000089800000|  0%| F|  |TAMS 0x0000000089700000, 0x0000000089700000| Untracked 
| 152|0x0000000089800000, 0x0000000089800000, 0x0000000089900000|  0%| F|  |TAMS 0x0000000089800000, 0x0000000089800000| Untracked 
| 153|0x0000000089900000, 0x0000000089900000, 0x0000000089a00000|  0%| F|  |TAMS 0x0000000089900000, 0x0000000089900000| Untracked 
| 154|0x0000000089a00000, 0x0000000089a00000, 0x0000000089b00000|  0%| F|  |TAMS 0x0000000089a00000, 0x0000000089a00000| Untracked 
| 155|0x0000000089b00000, 0x0000000089ba80b0, 0x0000000089c00000| 65%| E|  |TAMS 0x0000000089b00000, 0x0000000089b00000| Complete 
| 156|0x0000000089c00000, 0x0000000089d00000, 0x0000000089d00000|100%| E|CS|TAMS 0x0000000089c00000, 0x0000000089c00000| Complete 
| 157|0x0000000089d00000, 0x0000000089e00000, 0x0000000089e00000|100%| E|CS|TAMS 0x0000000089d00000, 0x0000000089d00000| Complete 
| 158|0x0000000089e00000, 0x0000000089f00000, 0x0000000089f00000|100%| E|CS|TAMS 0x0000000089e00000, 0x0000000089e00000| Complete 
| 159|0x0000000089f00000, 0x000000008a000000, 0x000000008a000000|100%| E|CS|TAMS 0x0000000089f00000, 0x0000000089f00000| Complete 
| 160|0x000000008a000000, 0x000000008a100000, 0x000000008a100000|100%| E|CS|TAMS 0x000000008a000000, 0x000000008a000000| Complete 
| 161|0x000000008a100000, 0x000000008a200000, 0x000000008a200000|100%| E|CS|TAMS 0x000000008a100000, 0x000000008a100000| Complete 
| 162|0x000000008a200000, 0x000000008a300000, 0x000000008a300000|100%| E|CS|TAMS 0x000000008a200000, 0x000000008a200000| Complete 
| 163|0x000000008a300000, 0x000000008a400000, 0x000000008a400000|100%| E|CS|TAMS 0x000000008a300000, 0x000000008a300000| Complete 
| 164|0x000000008a400000, 0x000000008a500000, 0x000000008a500000|100%| E|CS|TAMS 0x000000008a400000, 0x000000008a400000| Complete 
| 165|0x000000008a500000, 0x000000008a600000, 0x000000008a600000|100%| E|CS|TAMS 0x000000008a500000, 0x000000008a500000| Complete 
| 166|0x000000008a600000, 0x000000008a700000, 0x000000008a700000|100%| E|CS|TAMS 0x000000008a600000, 0x000000008a600000| Complete 
| 167|0x000000008a700000, 0x000000008a800000, 0x000000008a800000|100%| E|CS|TAMS 0x000000008a700000, 0x000000008a700000| Complete 
| 168|0x000000008a800000, 0x000000008a900000, 0x000000008a900000|100%| E|CS|TAMS 0x000000008a800000, 0x000000008a800000| Complete 
| 169|0x000000008a900000, 0x000000008aa00000, 0x000000008aa00000|100%| E|CS|TAMS 0x000000008a900000, 0x000000008a900000| Complete 
| 170|0x000000008aa00000, 0x000000008ab00000, 0x000000008ab00000|100%| E|CS|TAMS 0x000000008aa00000, 0x000000008aa00000| Complete 
| 171|0x000000008ab00000, 0x000000008ac00000, 0x000000008ac00000|100%| E|CS|TAMS 0x000000008ab00000, 0x000000008ab00000| Complete 
| 172|0x000000008ac00000, 0x000000008ad00000, 0x000000008ad00000|100%| E|CS|TAMS 0x000000008ac00000, 0x000000008ac00000| Complete 
| 173|0x000000008ad00000, 0x000000008ae00000, 0x000000008ae00000|100%| E|CS|TAMS 0x000000008ad00000, 0x000000008ad00000| Complete 
| 174|0x000000008ae00000, 0x000000008af00000, 0x000000008af00000|100%| E|CS|TAMS 0x000000008ae00000, 0x000000008ae00000| Complete 
| 175|0x000000008af00000, 0x000000008b000000, 0x000000008b000000|100%| E|CS|TAMS 0x000000008af00000, 0x000000008af00000| Complete 
| 176|0x000000008b000000, 0x000000008b100000, 0x000000008b100000|100%| E|CS|TAMS 0x000000008b000000, 0x000000008b000000| Complete 
| 177|0x000000008b100000, 0x000000008b200000, 0x000000008b200000|100%| E|CS|TAMS 0x000000008b100000, 0x000000008b100000| Complete 
| 178|0x000000008b200000, 0x000000008b300000, 0x000000008b300000|100%| E|CS|TAMS 0x000000008b200000, 0x000000008b200000| Complete 
| 179|0x000000008b300000, 0x000000008b400000, 0x000000008b400000|100%| E|CS|TAMS 0x000000008b300000, 0x000000008b300000| Complete 
| 180|0x000000008b400000, 0x000000008b500000, 0x000000008b500000|100%| E|CS|TAMS 0x000000008b400000, 0x000000008b400000| Complete 
| 181|0x000000008b500000, 0x000000008b600000, 0x000000008b600000|100%| E|CS|TAMS 0x000000008b500000, 0x000000008b500000| Complete 
| 182|0x000000008b600000, 0x000000008b700000, 0x000000008b700000|100%| E|CS|TAMS 0x000000008b600000, 0x000000008b600000| Complete 
| 183|0x000000008b700000, 0x000000008b800000, 0x000000008b800000|100%| E|CS|TAMS 0x000000008b700000, 0x000000008b700000| Complete 
| 184|0x000000008b800000, 0x000000008b900000, 0x000000008b900000|100%| E|CS|TAMS 0x000000008b800000, 0x000000008b800000| Complete 

Card table byte_map: [0x000001f7540b0000,0x000001f7544b0000] _byte_map_base: 0x000001f753cb0000

Marking Bits (Prev, Next): (CMBitMap*) 0x000001f73d646590, (CMBitMap*) 0x000001f73d646558
 Prev Bits: [0x000001f7568b0000, 0x000001f7588b0000)
 Next Bits: [0x000001f7548b0000, 0x000001f7568b0000)

Polling page: 0x000001f73cde0000

Metaspace:

Usage:
  Non-class:     61.05 MB capacity,    60.17 MB ( 99%) used,   710.68 KB (  1%) free+waste,   193.19 KB ( <1%) overhead. 
      Class:      8.93 MB capacity,     8.36 MB ( 94%) used,   488.20 KB (  5%) free+waste,    89.38 KB ( <1%) overhead. 
       Both:     69.98 MB capacity,    68.53 MB ( 98%) used,     1.17 MB (  2%) free+waste,   282.56 KB ( <1%) overhead. 

Virtual space:
  Non-class space:       62.00 MB reserved,      61.17 MB ( 99%) committed 
      Class space:        1.00 GB reserved,       9.00 MB ( <1%) committed 
             Both:        1.06 GB reserved,      70.17 MB (  6%) committed 

Chunk freelists:
   Non-Class:  6.75 KB
       Class:  1.38 KB
        Both:  8.13 KB

CodeHeap 'non-profiled nmethods': size=120064Kb used=4364Kb max_used=4364Kb free=115699Kb
 bounds [0x000001f74c770000, 0x000001f74cbc0000, 0x000001f753cb0000]
CodeHeap 'profiled nmethods': size=120000Kb used=20619Kb max_used=20619Kb free=99380Kb
 bounds [0x000001f745240000, 0x000001f746670000, 0x000001f74c770000]
CodeHeap 'non-nmethods': size=5696Kb used=1239Kb max_used=1285Kb free=4457Kb
 bounds [0x000001f744cb0000, 0x000001f744f20000, 0x000001f745240000]
 total_blobs=9540 nmethods=8939 adapters=511
 compilation: enabled
              stopped_count=0, restarted_count=0
 full_count=0

Compilation events (10 events):
Event: 3673.825 Thread 0x000001f75aa83000 nmethod 9022 0x000001f74cbac310 code [0x000001f74cbac6a0, 0x000001f74cbaf7c8]
Event: 3674.264 Thread 0x000001f75aa8e000 9023       3       com.sun.jersey.server.impl.application.WebApplicationContext::setContainerRequest (14 bytes)
Event: 3674.264 Thread 0x000001f75aa8e000 nmethod 9023 0x000001f74665eb10 code [0x000001f74665eca0, 0x000001f74665ee78]
Event: 3674.264 Thread 0x000001f75aa8e000 9024       3       com.sun.jersey.server.impl.resource.PerRequestFactory$AbstractPerRequest::getInstance (78 bytes)
Event: 3674.265 Thread 0x000001f75aa8e000 nmethod 9024 0x000001f74665ef10 code [0x000001f74665f160, 0x000001f74665fb08]
Event: 3674.265 Thread 0x000001f75aa8e000 9025   !   3       com.sun.jersey.server.spi.component.ResourceComponentInjector::inject (289 bytes)
Event: 3674.267 Thread 0x000001f75aa8e000 nmethod 9025 0x000001f74665fd90 code [0x000001f746660180, 0x000001f746661d98]
Event: 3676.118 Thread 0x000001f75aa83000 9026       4       com.sun.jersey.core.util.KeyComparatorHashMap::put (115 bytes)
Event: 3676.144 Thread 0x000001f75aa83000 nmethod 9026 0x000001f74cbb1290 code [0x000001f74cbb14c0, 0x000001f74cbb29e0]
Event: 3692.172 Thread 0x000001f75aa83000 9027       4       java.util.regex.Pattern$CharPropertyGreedy::match (122 bytes)

GC Heap History (10 events):
Event: 6.463 GC heap before
{Heap before GC invocations=8 (full 0):
 garbage-first heap   total 157696K, used 45284K [0x0000000080000000, 0x0000000100000000)
  region size 1024K, 39 young (39936K), 7 survivors (7168K)
 Metaspace       used 34895K, capacity 35648K, committed 35840K, reserved 1081344K
  class space    used 4055K, capacity 4327K, committed 4352K, reserved 1048576K
}
Event: 6.483 GC heap after
{Heap after GC invocations=9 (full 0):
 garbage-first heap   total 157696K, used 15018K [0x0000000080000000, 0x0000000100000000)
  region size 1024K, 7 young (7168K), 7 survivors (7168K)
 Metaspace       used 34895K, capacity 35648K, committed 35840K, reserved 1081344K
  class space    used 4055K, capacity 4327K, committed 4352K, reserved 1048576K
}
Event: 9.319 GC heap before
{Heap before GC invocations=10 (full 0):
 garbage-first heap   total 157696K, used 90794K [0x0000000080000000, 0x0000000100000000)
  region size 1024K, 81 young (82944K), 7 survivors (7168K)
 Metaspace       used 42783K, capacity 43706K, committed 43904K, reserved 1087488K
  class space    used 5003K, capacity 5397K, committed 5504K, reserved 1048576K
}
Event: 9.362 GC heap after
{Heap after GC invocations=11 (full 0):
 garbage-first heap   total 189440K, used 22711K [0x0000000080000000, 0x0000000100000000)
  region size 1024K, 11 young (11264K), 11 survivors (11264K)
 Metaspace       used 42783K, capacity 43706K, committed 43904K, reserved 1087488K
  class space    used 5003K, capacity 5397K, committed 5504K, reserved 1048576K
}
Event: 11.553 GC heap before
{Heap before GC invocations=11 (full 0):
 garbage-first heap   total 189440K, used 119991K [0x0000000080000000, 0x0000000100000000)
  region size 1024K, 106 young (108544K), 11 survivors (11264K)
 Metaspace       used 48691K, capacity 49787K, committed 49920K, reserved 1093632K
  class space    used 5832K, capacity 6289K, committed 6400K, reserved 1048576K
}
Event: 11.598 GC heap after
{Heap after GC invocations=12 (full 0):
 garbage-first heap   total 189440K, used 27374K [0x0000000080000000, 0x0000000100000000)
  region size 1024K, 5 young (5120K), 5 survivors (5120K)
 Metaspace       used 48691K, capacity 49787K, committed 49920K, reserved 1093632K
  class space    used 5832K, capacity 6289K, committed 6400K, reserved 1048576K
}
Event: 14.412 GC heap before
{Heap before GC invocations=12 (full 0):
 garbage-first heap   total 189440K, used 113390K [0x0000000080000000, 0x0000000100000000)
  region size 1024K, 90 young (92160K), 5 survivors (5120K)
 Metaspace       used 58476K, capacity 59799K, committed 59948K, reserved 1101824K
  class space    used 7274K, capacity 7785K, committed 7808K, reserved 1048576K
}
Event: 14.441 GC heap after
{Heap after GC invocations=13 (full 0):
 garbage-first heap   total 189440K, used 31470K [0x0000000080000000, 0x0000000100000000)
  region size 1024K, 9 young (9216K), 9 survivors (9216K)
 Metaspace       used 58476K, capacity 59799K, committed 59948K, reserved 1101824K
  class space    used 7274K, capacity 7785K, committed 7808K, reserved 1048576K
}
Event: 1994.985 GC heap before
{Heap before GC invocations=14 (full 0):
 garbage-first heap   total 189440K, used 133870K [0x0000000080000000, 0x0000000100000000)
  region size 1024K, 109 young (111616K), 9 survivors (9216K)
 Metaspace       used 69201K, capacity 70645K, committed 70828K, reserved 1112064K
  class space    used 8559K, capacity 9135K, committed 9216K, reserved 1048576K
}
Event: 1995.031 GC heap after
{Heap after GC invocations=15 (full 0):
 garbage-first heap   total 189440K, used 36480K [0x0000000080000000, 0x0000000100000000)
  region size 1024K, 10 young (10240K), 10 survivors (10240K)
 Metaspace       used 69201K, capacity 70645K, committed 70828K, reserved 1112064K
  class space    used 8559K, capacity 9135K, committed 9216K, reserved 1048576K
}

Deoptimization events (10 events):
Event: 1845.412 Thread 0x000001f7602be800 Uncommon trap: reason=profile_predicate action=maybe_recompile pc=0x000001f74cb428e4 method=org.apache.tomcat.util.buf.AbstractChunk.indexOf(Ljava/lang/String;III)I @ 29 c2
Event: 1845.412 Thread 0x000001f7602be800 Uncommon trap: reason=profile_predicate action=maybe_recompile pc=0x000001f74cb428e4 method=org.apache.tomcat.util.buf.AbstractChunk.indexOf(Ljava/lang/String;III)I @ 29 c2
Event: 2057.591 Thread 0x000001f7600fb800 Uncommon trap: reason=unstable_if action=reinterpret pc=0x000001f74cb2a0cc method=java.util.concurrent.ScheduledThreadPoolExecutor$ScheduledFutureTask.compareTo(Ljava/util/concurrent/Delayed;)I @ 40 c2
Event: 2953.265 Thread 0x000001f7602c1800 Uncommon trap: reason=profile_predicate action=maybe_recompile pc=0x000001f74cb3cbc8 method=java.util.regex.Pattern$Slice.match(Ljava/util/regex/Matcher;ILjava/lang/CharSequence;)Z @ 18 c2
Event: 2953.265 Thread 0x000001f7602c1800 Uncommon trap: reason=predicate action=maybe_recompile pc=0x000001f74cb3cabc method=java.util.regex.Pattern$Slice.match(Ljava/util/regex/Matcher;ILjava/lang/CharSequence;)Z @ 18 c2
Event: 3494.192 Thread 0x000001f7602bc800 Uncommon trap: reason=profile_predicate action=maybe_recompile pc=0x000001f74cb9d290 method=java.util.regex.Pattern$Curly.match1(Ljava/util/regex/Matcher;IILjava/lang/CharSequence;)Z @ 11 c2
Event: 3495.923 Thread 0x000001f7602bc000 Uncommon trap: reason=profile_predicate action=maybe_recompile pc=0x000001f74cb9d290 method=java.util.regex.Pattern$Curly.match1(Ljava/util/regex/Matcher;IILjava/lang/CharSequence;)Z @ 11 c2
Event: 3495.923 Thread 0x000001f7602bc000 Uncommon trap: reason=profile_predicate action=maybe_recompile pc=0x000001f74cb9d290 method=java.util.regex.Pattern$Curly.match1(Ljava/util/regex/Matcher;IILjava/lang/CharSequence;)Z @ 11 c2
Event: 3495.923 Thread 0x000001f7602bc000 Uncommon trap: reason=profile_predicate action=maybe_recompile pc=0x000001f74cb9d290 method=java.util.regex.Pattern$Curly.match1(Ljava/util/regex/Matcher;IILjava/lang/CharSequence;)Z @ 11 c2
Event: 3615.162 Thread 0x000001f7602b5800 Uncommon trap: reason=class_check action=make_not_entrant pc=0x000001f74cb9ba40 method=java.util.ArrayList.toArray([Ljava/lang/Object;)[Ljava/lang/Object; @ 21 c2

Classes redefined (0 events):
No events

Internal exceptions (10 events):
Event: 3643.647 Thread 0x000001f7602c1000 Exception <a 'java/io/IOException'{0x0000000089b08f20}> (0x0000000089b08f20) thrown at [./open/src/hotspot/share/prims/jni.cpp, line 611]
Event: 3644.249 Thread 0x000001f760af4000 Exception <a 'java/net/SocketTimeoutException'{0x0000000089e81508}: Read timed out> (0x0000000089e81508) thrown at [./open/src/hotspot/share/prims/jni.cpp, line 632]
Event: 3646.098 Thread 0x000001f7602bc800 Exception <a 'java/io/IOException'{0x0000000089cab1e8}> (0x0000000089cab1e8) thrown at [./open/src/hotspot/share/prims/jni.cpp, line 611]
Event: 3646.509 Thread 0x000001f760af5000 Exception <a 'java/net/SocketTimeoutException'{0x000000008a28fe60}: Read timed out> (0x000000008a28fe60) thrown at [./open/src/hotspot/share/prims/jni.cpp, line 632]
Event: 3662.162 Thread 0x000001f7602bd800 Exception <a 'java/io/IOException'{0x0000000089ce5098}> (0x0000000089ce5098) thrown at [./open/src/hotspot/share/prims/jni.cpp, line 611]
Event: 3662.686 Thread 0x000001f760af5000 Exception <a 'java/net/SocketTimeoutException'{0x000000008a296ee0}: Read timed out> (0x000000008a296ee0) thrown at [./open/src/hotspot/share/prims/jni.cpp, line 632]
Event: 3673.663 Thread 0x000001f7602b9800 Exception <a 'java/io/IOException'{0x0000000089c20368}> (0x0000000089c20368) thrown at [./open/src/hotspot/share/prims/jni.cpp, line 611]
Event: 3674.263 Thread 0x000001f7602b6000 Exception <a 'java/net/SocketTimeoutException'{0x000000008b1b3170}: Read timed out> (0x000000008b1b3170) thrown at [./open/src/hotspot/share/prims/jni.cpp, line 632]
Event: 3676.121 Thread 0x000001f7602c1800 Exception <a 'java/io/IOException'{0x0000000089d33850}> (0x0000000089d33850) thrown at [./open/src/hotspot/share/prims/jni.cpp, line 611]
Event: 3676.522 Thread 0x000001f760af4000 Exception <a 'java/net/SocketTimeoutException'{0x0000000089e88788}: Read timed out> (0x0000000089e88788) thrown at [./open/src/hotspot/share/prims/jni.cpp, line 632]

Events (10 events):
Event: 3646.091 Executing VM operation: RevokeBias
Event: 3646.091 Executing VM operation: RevokeBias done
Event: 3648.733 Executing VM operation: RevokeBias
Event: 3648.734 Executing VM operation: RevokeBias done
Event: 3667.169 Executing VM operation: RevokeBias
Event: 3667.170 Executing VM operation: RevokeBias done
Event: 3676.117 Executing VM operation: RevokeBias
Event: 3676.117 Executing VM operation: RevokeBias done
Event: 3678.754 Executing VM operation: RevokeBias
Event: 3678.754 Executing VM operation: RevokeBias done


Dynamic libraries:
0x00007ff61fc30000 - 0x00007ff61fc3f000 	C:\Program Files\Java\jdk-11.0.15\bin\java.exe
0x00007ff9b99d0000 - 0x00007ff9b9bc8000 	C:\Windows\SYSTEM32\ntdll.dll
0x00007ff9b81e0000 - 0x00007ff9b829d000 	C:\Windows\System32\KERNEL32.DLL
0x00007ff9b70f0000 - 0x00007ff9b73be000 	C:\Windows\System32\KERNELBASE.dll
0x00007ff9b73f0000 - 0x00007ff9b74f0000 	C:\Windows\System32\ucrtbase.dll
0x00007ff9a38a0000 - 0x00007ff9a38b8000 	C:\Program Files\Java\jdk-11.0.15\bin\jli.dll
0x00007ff9b9590000 - 0x00007ff9b963e000 	C:\Windows\System32\ADVAPI32.dll
0x00007ff9b9640000 - 0x00007ff9b96de000 	C:\Windows\System32\msvcrt.dll
0x00007ff9b8fc0000 - 0x00007ff9b905c000 	C:\Windows\System32\sechost.dll
0x00007ff9b9290000 - 0x00007ff9b93b5000 	C:\Windows\System32\RPCRT4.dll
0x00007ff9b9740000 - 0x00007ff9b98e0000 	C:\Windows\System32\USER32.dll
0x00007ff9b7960000 - 0x00007ff9b7982000 	C:\Windows\System32\win32u.dll
0x00007ff9b8ed0000 - 0x00007ff9b8efa000 	C:\Windows\System32\GDI32.dll
0x00007ff9b75d0000 - 0x00007ff9b76db000 	C:\Windows\System32\gdi32full.dll
0x00007ff9b7990000 - 0x00007ff9b7a2d000 	C:\Windows\System32\msvcp_win.dll
0x00007ff9a3880000 - 0x00007ff9a3895000 	C:\Program Files\Java\jdk-11.0.15\bin\VCRUNTIME140.dll
0x00007ff9a35e0000 - 0x00007ff9a387a000 	C:\Windows\WinSxS\amd64_microsoft.windows.common-controls_6595b64144ccf1df_6.0.19041.1110_none_60b5254171f9507e\COMCTL32.dll
0x00007ff9af150000 - 0x00007ff9af15a000 	C:\Windows\SYSTEM32\VERSION.dll
0x00007ff9b7cb0000 - 0x00007ff9b7ce0000 	C:\Windows\System32\IMM32.DLL
0x00007ff9a3540000 - 0x00007ff9a35db000 	C:\Program Files\Java\jdk-11.0.15\bin\msvcp140.dll
0x00007ff9a2a20000 - 0x00007ff9a3536000 	C:\Program Files\Java\jdk-11.0.15\bin\server\jvm.dll
0x00007ff9b8fb0000 - 0x00007ff9b8fb8000 	C:\Windows\System32\PSAPI.DLL
0x00007ff9a5100000 - 0x00007ff9a5109000 	C:\Windows\SYSTEM32\WSOCK32.dll
0x00007ff9b8e60000 - 0x00007ff9b8ecb000 	C:\Windows\System32\WS2_32.dll
0x00007ff9aa7a0000 - 0x00007ff9aa7c7000 	C:\Windows\SYSTEM32\WINMM.dll
0x00007ff9b4fd0000 - 0x00007ff9b4fe2000 	C:\Windows\SYSTEM32\kernel.appcore.dll
0x00007ff9a2600000 - 0x00007ff9a2610000 	C:\Program Files\Java\jdk-11.0.15\bin\verify.dll
0x00007ff9aa820000 - 0x00007ff9aaa04000 	C:\Windows\SYSTEM32\DBGHELP.DLL
0x00007ff9aa6b0000 - 0x00007ff9aa6dc000 	C:\Windows\SYSTEM32\dbgcore.DLL
0x00007ff9b7540000 - 0x00007ff9b75c2000 	C:\Windows\System32\bcryptPrimitives.dll
0x00007ff9a25d0000 - 0x00007ff9a25f8000 	C:\Program Files\Java\jdk-11.0.15\bin\java.dll
0x00007ff9a25c0000 - 0x00007ff9a25ca000 	C:\Program Files\Java\jdk-11.0.15\bin\jimage.dll
0x00007ff9b2ab0000 - 0x00007ff9b2abe000 	C:\Program Files\Java\jdk-11.0.15\bin\instrument.dll
0x00007ff9a25a0000 - 0x00007ff9a25b6000 	C:\Program Files\Java\jdk-11.0.15\bin\zip.dll
0x00007ff9b82a0000 - 0x00007ff9b89e4000 	C:\Windows\System32\SHELL32.dll
0x00007ff9b51d0000 - 0x00007ff9b5964000 	C:\Windows\SYSTEM32\windows.storage.dll
0x00007ff9b7d40000 - 0x00007ff9b8094000 	C:\Windows\System32\combase.dll
0x00007ff9b69a0000 - 0x00007ff9b69d0000 	C:\Windows\SYSTEM32\Wldp.dll
0x00007ff9b8f00000 - 0x00007ff9b8fad000 	C:\Windows\System32\SHCORE.dll
0x00007ff9b93c0000 - 0x00007ff9b9415000 	C:\Windows\System32\shlwapi.dll
0x00007ff9b7030000 - 0x00007ff9b704f000 	C:\Windows\SYSTEM32\profapi.dll
0x00007ff9a2170000 - 0x00007ff9a2189000 	C:\Program Files\Java\jdk-11.0.15\bin\net.dll
0x00007ff9aec80000 - 0x00007ff9aed8a000 	C:\Windows\SYSTEM32\WINHTTP.dll
0x00007ff9b6780000 - 0x00007ff9b67ea000 	C:\Windows\system32\mswsock.dll
0x00007ff9a2150000 - 0x00007ff9a2162000 	C:\Program Files\Java\jdk-11.0.15\bin\nio.dll
0x00007ff99e030000 - 0x00007ff99e04a000 	C:\Program Files\JetBrains\IntelliJ IDEA Community Edition 2022.2.1\bin\breakgen64.dll
0x00007ff9b6490000 - 0x00007ff9b64cb000 	C:\Windows\SYSTEM32\IPHLPAPI.DLL
0x00007ff9b7a30000 - 0x00007ff9b7a38000 	C:\Windows\System32\NSI.dll
0x00007ff9afc50000 - 0x00007ff9afc67000 	C:\Windows\SYSTEM32\dhcpcsvc6.DLL
0x00007ff9afc30000 - 0x00007ff9afc4d000 	C:\Windows\SYSTEM32\dhcpcsvc.DLL
0x00007ff9b6530000 - 0x00007ff9b65fa000 	C:\Windows\SYSTEM32\DNSAPI.dll
0x00007ff9ae8e0000 - 0x00007ff9ae8ea000 	C:\Windows\System32\rasadhlp.dll
0x00007ff9aeba0000 - 0x00007ff9aec20000 	C:\Windows\System32\fwpuclnt.dll
0x00007ff9b73c0000 - 0x00007ff9b73e7000 	C:\Windows\System32\bcrypt.dll
0x00007ff9a0c30000 - 0x00007ff9a0c39000 	C:\Program Files\Java\jdk-11.0.15\bin\management.dll
0x00007ff9a0c20000 - 0x00007ff9a0c2b000 	C:\Program Files\Java\jdk-11.0.15\bin\management_ext.dll
0x00007ff9a5110000 - 0x00007ff9a5127000 	C:\Windows\system32\napinsp.dll
0x00007ff9a4820000 - 0x00007ff9a483b000 	C:\Windows\system32\pnrpnsp.dll
0x00007ff9a4800000 - 0x00007ff9a4815000 	C:\Windows\system32\wshbth.dll
0x00007ff9b2a90000 - 0x00007ff9b2aad000 	C:\Windows\system32\NLAapi.dll
0x00007ff9a47e0000 - 0x00007ff9a47f2000 	C:\Windows\System32\winrnr.dll
0x00007ff9b69e0000 - 0x00007ff9b69f8000 	C:\Windows\SYSTEM32\CRYPTSP.dll
0x00007ff9b6120000 - 0x00007ff9b6154000 	C:\Windows\system32\rsaenh.dll
0x00007ff9b6ff0000 - 0x00007ff9b701e000 	C:\Windows\SYSTEM32\USERENV.dll
0x00007ff9b6910000 - 0x00007ff9b691c000 	C:\Windows\SYSTEM32\CRYPTBASE.dll
0x00007ff9a0af0000 - 0x00007ff9a0b15000 	C:\Program Files\Java\jdk-11.0.15\bin\sunec.dll

dbghelp: loaded successfully - version: 4.0.5 - missing functions: none
symbol engine: initialized successfully - sym options: 0x614 - pdb path: .;C:\Program Files\Java\jdk-11.0.15\bin;C:\Windows\SYSTEM32;C:\Windows\WinSxS\amd64_microsoft.windows.common-controls_6595b64144ccf1df_6.0.19041.1110_none_60b5254171f9507e;C:\Program Files\Java\jdk-11.0.15\bin\server;C:\Program Files\JetBrains\IntelliJ IDEA Community Edition 2022.2.1\bin

VM Arguments:
jvm_args: -javaagent:C:\Program Files\JetBrains\IntelliJ IDEA Community Edition 2022.2.1\lib\idea_rt.jar=60370:C:\Program Files\JetBrains\IntelliJ IDEA Community Edition 2022.2.1\bin -Dfile.encoding=UTF-8 
java_command: com.training.springeurekaserver.SpringEurekaServerApplication
java_class_path (initial): C:\Users\sfjbs\Downloads\eureka-naming-server-main\eureka-naming-server-main\spring-eureka-server\target\classes;C:\Users\sfjbs\.m2\repository\org\springframework\cloud\spring-cloud-starter-netflix-eureka-server\3.1.3\spring-cloud-starter-netflix-eureka-server-3.1.3.jar;C:\Users\sfjbs\.m2\repository\org\springframework\cloud\spring-cloud-starter\2.1.0.RELEASE\spring-cloud-starter-2.1.0.RELEASE.jar;C:\Users\sfjbs\.m2\repository\org\springframework\cloud\spring-cloud-context\2.1.0.RELEASE\spring-cloud-context-2.1.0.RELEASE.jar;C:\Users\sfjbs\.m2\repository\org\springframework\security\spring-security-crypto\5.1.4.RELEASE\spring-security-crypto-5.1.4.RELEASE.jar;C:\Users\sfjbs\.m2\repository\org\springframework\cloud\spring-cloud-commons\2.1.0.RELEASE\spring-cloud-commons-2.1.0.RELEASE.jar;C:\Users\sfjbs\.m2\repository\org\springframework\security\spring-security-rsa\1.0.7.RELEASE\spring-security-rsa-1.0.7.RELEASE.jar;C:\Users\sfjbs\.m2\repository\org\bouncycastle\bcpkix-jdk15on\1.60\bcpkix-jdk15on-1.60.jar;C:\Users\sfjbs\.m2\repository\org\bouncycastle\bcprov-jdk15on\1.60\bcprov-jdk15on-1.60.jar;C:\Users\sfjbs\.m2\repository\org\springframework\cloud\spring-cloud-netflix-eureka-server\2.1.0.RELEASE\spring-cloud-netflix-eureka-server-2.1.0.RELEASE.jar;C:\Users\sfjbs\.m2\repository\org\springframework\boot\spring-boot-starter-web\2.1.3.RELEASE\spring-boot-starter-web-2.1.3.RELEASE.jar;C:\Users\sfjbs\.m2\repository\org\springframework\boot\spring-boot-starter-json\2.1.3.RELEASE\spring-boot-starter-json-2.1.3.RELEASE.jar;C:\Users\sfjbs\.m2\repository\com\fasterxml\jackson\datatype\jackson-datatype-jdk8\2.9.8\jackson-datatype-jdk8-2.9.8.jar;C:\Users\sfjbs\.m2\repository\com\fasterxml\jackson\datatype\jackson-datatype-jsr310\2.9.8\jackson-datatype-jsr310-2.9.8.jar;C:\Users\sfjbs\.m2\repository\com\fasterxml\jackson\module\jackson-module-parameter-names\2.9.8\jackson-module-parameter-names-2.9.8.jar;C:\Users\sfjbs\.m2\repository\org\springframewo
Launcher Type: SUN_STANDARD

[Global flags]
     intx CICompilerCount                          = 2                                         {product} {ergonomic}
     uint ConcGCThreads                            = 1                                         {product} {ergonomic}
     uint G1ConcRefinementThreads                  = 2                                         {product} {ergonomic}
   size_t G1HeapRegionSize                         = 1048576                                   {product} {ergonomic}
    uintx GCDrainStackTargetSize                   = 64                                        {product} {ergonomic}
   size_t InitialHeapSize                          = 134217728                                 {product} {ergonomic}
   size_t MarkStackSize                            = 4194304                                   {product} {ergonomic}
   size_t MaxHeapSize                              = 2147483648                                {product} {ergonomic}
   size_t MaxNewSize                               = 1287651328                                {product} {ergonomic}
   size_t MinHeapDeltaBytes                        = 1048576                                   {product} {ergonomic}
    uintx NonNMethodCodeHeapSize                   = 5825164                                {pd product} {ergonomic}
    uintx NonProfiledCodeHeapSize                  = 122916538                              {pd product} {ergonomic}
    uintx ProfiledCodeHeapSize                     = 122916538                              {pd product} {ergonomic}
    uintx ReservedCodeCacheSize                    = 251658240                              {pd product} {ergonomic}
     bool SegmentedCodeCache                       = true                                      {product} {ergonomic}
     bool UseCompressedClassPointers               = true                                 {lp64_product} {ergonomic}
     bool UseCompressedOops                        = true                                 {lp64_product} {ergonomic}
     bool UseG1GC                                  = true                                      {product} {ergonomic}
     bool UseLargePagesIndividualAllocation        = false                                  {pd product} {ergonomic}

Logging:
Log output configuration:
 #0: stdout all=warning uptime,level,tags
 #1: stderr all=off uptime,level,tags

Environment Variables:
PATH=C:\Program Files\Common Files\Oracle\Java\javapath;C:\Windows\system32;C:\Windows;C:\Windows\System32\Wbem;C:\Windows\System32\WindowsPowerShell\v1.0\;C:\Windows\System32\OpenSSH\;C:\Program Files\PuTTY\;C:\Program Files\Git\cmd;C:\Program Files\Docker\Docker\resources\bin;C:\ProgramData\DockerDesktop\version-bin;C:\Users\sfjbs\Downloads\apache-maven-3.8.6-bin\apache-maven-3.8.6\bin;C:\Users\sfjbs\Downloads\apache-maven-3.8.6-bin\apache-maven-3.8.6\lib;C:\Users\sfjbs\AppData\Local\Microsoft\WindowsApps;C:\Program Files\JetBrains\IntelliJ IDEA Community Edition 2022.2.1\bin;;C:\Users\sfjbs\Downloads\apache-maven-3.8.6-bin\apache-maven-3.8.6\bin;C:\Users\sfjbs\Downloads\apache-maven-3.8.6-bin\apache-maven-3.8.6\lib;
USERNAME=sfjbs
OS=Windows_NT
PROCESSOR_IDENTIFIER=Intel64 Family 6 Model 85 Stepping 7, GenuineIntel



---------------  S Y S T E M  ---------------

OS: Windows 10 , 64 bit Build 19041 (10.0.19041.1889)
Hyper-V role detected

CPU:total 2 (initial active 2) (1 cores per cpu, 2 threads per core) family 6 model 85 stepping 7 microcode 0xffffffff, cmov, cx8, fxsr, mmx, sse, sse2, sse3, ssse3, sse4.1, sse4.2, popcnt, avx, avx2, aes, clmul, erms, rtm, 3dnowpref, lzcnt, ht, tsc, bmi1, bmi2, adx, evex, fma

Memory: 4k page, system-wide physical 8190M (873M free)
TotalPageFile size 10238M (AvailPageFile size 3M)
current process WorkingSet (physical memory assigned to process): 301M, peak: 334M
current process commit charge ("private bytes"): 381M, peak: 400M

vm_info: Java HotSpot(TM) 64-Bit Server VM (11.0.15+8-LTS-149) for windows-amd64 JRE (11.0.15+8-LTS-149), built on Mar  9 2022 22:42:32 by "mach5one" with MS VC++ 15.9 (VS2017)

END.
