#
# There is insufficient memory for the Java Runtime Environment to continue.
# Native memory allocation (malloc) failed to allocate 157536 bytes for Chunk::new
# Possible reasons:
#   The system is out of physical RAM or swap space
#   The process is running with CompressedOops enabled, and the Java Heap may be blocking the growth of the native heap
# Possible solutions:
#   Reduce memory load on the system
#   Increase physical memory or swap space
#   Check if swap backing store is full
#   Decrease Java heap size (-Xmx/-Xms)
#   Decrease number of Java threads
#   Decrease Java thread stack sizes (-Xss)
#   Set larger code cache with -XX:ReservedCodeCacheSize=
#   JVM is running with Unscaled Compressed Oops mode in which the Java heap is
#     placed in the first 4GB address space. The Java Heap base address is the
#     maximum limit for the native heap growth. Please use -XX:HeapBaseMinAddress
#     to set the Java Heap base and to place the Java Heap above 4GB virtual address.
# This output file may be truncated or incomplete.
#
#  Out of Memory Error (./open/src/hotspot/share/memory/arena.cpp:197), pid=1444, tid=12940
#
# JRE version: Java(TM) SE Runtime Environment 18.9 (11.0.15+8) (build 11.0.15+8-LTS-149)
# Java VM: Java HotSpot(TM) 64-Bit Server VM 18.9 (11.0.15+8-LTS-149, mixed mode, tiered, compressed oops, g1 gc, windows-amd64)
# No core dump will be written. Minidumps are not enabled by default on client versions of Windows
#

---------------  S U M M A R Y ------------

Command Line: -javaagent:C:\Program Files\JetBrains\IntelliJ IDEA Community Edition 2022.2.1\lib\idea_rt.jar=50911:C:\Program Files\JetBrains\IntelliJ IDEA Community Edition 2022.2.1\bin -Dfile.encoding=UTF-8 com.training.springeurekaclient.SpringEurekaClientApplication

Host: Intel(R) Xeon(R) Platinum 8272CL CPU @ 2.60GHz, 2 cores, 7G,  Windows 10 , 64 bit Build 19041 (10.0.19041.1889)
Time: Tue Sep  6 05:09:55 2022 Coordinated Universal Time elapsed time: 0.365455 seconds (0d 0h 0m 0s)

---------------  T H R E A D  ---------------

Current thread (0x000001b1e5b4f800):  JavaThread "C2 CompilerThread0" daemon [_thread_in_native, id=12940, stack(0x0000009d3da00000,0x0000009d3db00000)]


Current CompileTask:
C2:    365  189       4       java.util.HashMap::putVal (300 bytes)

Stack: [0x0000009d3da00000,0x0000009d3db00000]
Native frames: (J=compiled Java code, j=interpreted, Vv=VM code, C=native code)
V  [jvm.dll+0x629d8a]
V  [jvm.dll+0x7638ff]
V  [jvm.dll+0x764fa9]
V  [jvm.dll+0x765633]
V  [jvm.dll+0x23d9c8]
V  [jvm.dll+0xb2a1c]
V  [jvm.dll+0xb2fdc]
V  [jvm.dll+0x2ae744]
V  [jvm.dll+0x53d4c6]
V  [jvm.dll+0x1f9ce5]
V  [jvm.dll+0x1f762d]
V  [jvm.dll+0x177c51]
V  [jvm.dll+0x207026]
V  [jvm.dll+0x2051bb]
V  [jvm.dll+0x729820]
V  [jvm.dll+0x7223f4]
V  [jvm.dll+0x628c26]
C  [ucrtbase.dll+0x21bb2]
C  [KERNEL32.DLL+0x17034]
C  [ntdll.dll+0x52651]


---------------  P R O C E S S  ---------------

Threads class SMR info:
_java_thread_list=0x000001b1e65a79c0, length=10, elements={
0x000001b1c68a3000, 0x000001b1e5b3b000, 0x000001b1e5b3c000, 0x000001b1e64c2800,
0x000001b1e5b48000, 0x000001b1e5b49800, 0x000001b1e5b4f800, 0x000001b1e5b56800,
0x000001b1e5b59800, 0x000001b1c697e000
}

Java Threads: ( => current thread )
  0x000001b1c68a3000 JavaThread "main" [_thread_in_vm, id=3780, stack(0x0000009d3cd00000,0x0000009d3ce00000)]
  0x000001b1e5b3b000 JavaThread "Reference Handler" daemon [_thread_blocked, id=11320, stack(0x0000009d3d500000,0x0000009d3d600000)]
  0x000001b1e5b3c000 JavaThread "Finalizer" daemon [_thread_blocked, id=11924, stack(0x0000009d3d600000,0x0000009d3d700000)]
  0x000001b1e64c2800 JavaThread "Signal Dispatcher" daemon [_thread_blocked, id=6908, stack(0x0000009d3d700000,0x0000009d3d800000)]
  0x000001b1e5b48000 JavaThread "Attach Listener" daemon [_thread_blocked, id=1100, stack(0x0000009d3d800000,0x0000009d3d900000)]
  0x000001b1e5b49800 JavaThread "Service Thread" daemon [_thread_blocked, id=13028, stack(0x0000009d3d900000,0x0000009d3da00000)]
=>0x000001b1e5b4f800 JavaThread "C2 CompilerThread0" daemon [_thread_in_native, id=12940, stack(0x0000009d3da00000,0x0000009d3db00000)]
  0x000001b1e5b56800 JavaThread "C1 CompilerThread0" daemon [_thread_blocked, id=9736, stack(0x0000009d3db00000,0x0000009d3dc00000)]
  0x000001b1e5b59800 JavaThread "Sweeper thread" daemon [_thread_blocked, id=2448, stack(0x0000009d3dc00000,0x0000009d3dd00000)]
  0x000001b1c697e000 JavaThread "Common-Cleaner" daemon [_thread_blocked, id=3628, stack(0x0000009d3dd00000,0x0000009d3de00000)]

Other Threads:
  0x000001b1e5b27000 VMThread "VM Thread" [stack: 0x0000009d3d400000,0x0000009d3d500000] [id=12084]
  0x000001b1c68b8000 GCTaskThread "GC Thread#0" [stack: 0x0000009d3cf00000,0x0000009d3d000000] [id=6204]
  0x000001b1c68e9800 ConcurrentGCThread "G1 Main Marker" [stack: 0x0000009d3d000000,0x0000009d3d100000] [id=4172]
  0x000001b1c68ec000 ConcurrentGCThread "G1 Conc#0" [stack: 0x0000009d3d100000,0x0000009d3d200000] [id=10876]
  0x000001b1c6972800 ConcurrentGCThread "G1 Refine#0" [stack: 0x0000009d3d200000,0x0000009d3d300000] [id=12536]
  0x000001b1c6974800 ConcurrentGCThread "G1 Young RemSet Sampling" [stack: 0x0000009d3d300000,0x0000009d3d400000] [id=4408]

Threads with active compile tasks:
C2 CompilerThread0    399  189       4       java.util.HashMap::putVal (300 bytes)

VM state:not at safepoint (normal execution)

VM Mutex/Monitor currently owned by a thread: None

Heap address: 0x0000000080000000, size: 2048 MB, Compressed Oops mode: 32-bit
Narrow klass base: 0x0000000000000000, Narrow klass shift: 3
Compressed class space size: 1073741824 Address: 0x0000000100000000

Heap:
 garbage-first heap   total 131072K, used 1024K [0x0000000080000000, 0x0000000100000000)
  region size 1024K, 2 young (2048K), 0 survivors (0K)
 Metaspace       used 4958K, capacity 5019K, committed 5120K, reserved 1056768K
  class space    used 421K, capacity 438K, committed 512K, reserved 1048576K
Heap Regions: E=young(eden), S=young(survivor), O=old, HS=humongous(starts), HC=humongous(continues), CS=collection set, F=free, A=archive, TAMS=top-at-mark-start (previous, next)
|   0|0x0000000080000000, 0x0000000080000000, 0x0000000080100000|  0%| F|  |TAMS 0x0000000080000000, 0x0000000080000000| Untracked 
|   1|0x0000000080100000, 0x0000000080100000, 0x0000000080200000|  0%| F|  |TAMS 0x0000000080100000, 0x0000000080100000| Untracked 
|   2|0x0000000080200000, 0x0000000080200000, 0x0000000080300000|  0%| F|  |TAMS 0x0000000080200000, 0x0000000080200000| Untracked 
|   3|0x0000000080300000, 0x0000000080300000, 0x0000000080400000|  0%| F|  |TAMS 0x0000000080300000, 0x0000000080300000| Untracked 
|   4|0x0000000080400000, 0x0000000080400000, 0x0000000080500000|  0%| F|  |TAMS 0x0000000080400000, 0x0000000080400000| Untracked 
|   5|0x0000000080500000, 0x0000000080500000, 0x0000000080600000|  0%| F|  |TAMS 0x0000000080500000, 0x0000000080500000| Untracked 
|   6|0x0000000080600000, 0x0000000080600000, 0x0000000080700000|  0%| F|  |TAMS 0x0000000080600000, 0x0000000080600000| Untracked 
|   7|0x0000000080700000, 0x0000000080700000, 0x0000000080800000|  0%| F|  |TAMS 0x0000000080700000, 0x0000000080700000| Untracked 
|   8|0x0000000080800000, 0x0000000080800000, 0x0000000080900000|  0%| F|  |TAMS 0x0000000080800000, 0x0000000080800000| Untracked 
|   9|0x0000000080900000, 0x0000000080900000, 0x0000000080a00000|  0%| F|  |TAMS 0x0000000080900000, 0x0000000080900000| Untracked 
|  10|0x0000000080a00000, 0x0000000080a00000, 0x0000000080b00000|  0%| F|  |TAMS 0x0000000080a00000, 0x0000000080a00000| Untracked 
|  11|0x0000000080b00000, 0x0000000080b00000, 0x0000000080c00000|  0%| F|  |TAMS 0x0000000080b00000, 0x0000000080b00000| Untracked 
|  12|0x0000000080c00000, 0x0000000080c00000, 0x0000000080d00000|  0%| F|  |TAMS 0x0000000080c00000, 0x0000000080c00000| Untracked 
|  13|0x0000000080d00000, 0x0000000080d00000, 0x0000000080e00000|  0%| F|  |TAMS 0x0000000080d00000, 0x0000000080d00000| Untracked 
|  14|0x0000000080e00000, 0x0000000080e00000, 0x0000000080f00000|  0%| F|  |TAMS 0x0000000080e00000, 0x0000000080e00000| Untracked 
|  15|0x0000000080f00000, 0x0000000080f00000, 0x0000000081000000|  0%| F|  |TAMS 0x0000000080f00000, 0x0000000080f00000| Untracked 
|  16|0x0000000081000000, 0x0000000081000000, 0x0000000081100000|  0%| F|  |TAMS 0x0000000081000000, 0x0000000081000000| Untracked 
|  17|0x0000000081100000, 0x0000000081100000, 0x0000000081200000|  0%| F|  |TAMS 0x0000000081100000, 0x0000000081100000| Untracked 
|  18|0x0000000081200000, 0x0000000081200000, 0x0000000081300000|  0%| F|  |TAMS 0x0000000081200000, 0x0000000081200000| Untracked 
|  19|0x0000000081300000, 0x0000000081300000, 0x0000000081400000|  0%| F|  |TAMS 0x0000000081300000, 0x0000000081300000| Untracked 
|  20|0x0000000081400000, 0x0000000081400000, 0x0000000081500000|  0%| F|  |TAMS 0x0000000081400000, 0x0000000081400000| Untracked 
|  21|0x0000000081500000, 0x0000000081500000, 0x0000000081600000|  0%| F|  |TAMS 0x0000000081500000, 0x0000000081500000| Untracked 
|  22|0x0000000081600000, 0x0000000081600000, 0x0000000081700000|  0%| F|  |TAMS 0x0000000081600000, 0x0000000081600000| Untracked 
|  23|0x0000000081700000, 0x0000000081700000, 0x0000000081800000|  0%| F|  |TAMS 0x0000000081700000, 0x0000000081700000| Untracked 
|  24|0x0000000081800000, 0x0000000081800000, 0x0000000081900000|  0%| F|  |TAMS 0x0000000081800000, 0x0000000081800000| Untracked 
|  25|0x0000000081900000, 0x0000000081900000, 0x0000000081a00000|  0%| F|  |TAMS 0x0000000081900000, 0x0000000081900000| Untracked 
|  26|0x0000000081a00000, 0x0000000081a00000, 0x0000000081b00000|  0%| F|  |TAMS 0x0000000081a00000, 0x0000000081a00000| Untracked 
|  27|0x0000000081b00000, 0x0000000081b00000, 0x0000000081c00000|  0%| F|  |TAMS 0x0000000081b00000, 0x0000000081b00000| Untracked 
|  28|0x0000000081c00000, 0x0000000081c00000, 0x0000000081d00000|  0%| F|  |TAMS 0x0000000081c00000, 0x0000000081c00000| Untracked 
|  29|0x0000000081d00000, 0x0000000081d00000, 0x0000000081e00000|  0%| F|  |TAMS 0x0000000081d00000, 0x0000000081d00000| Untracked 
|  30|0x0000000081e00000, 0x0000000081e00000, 0x0000000081f00000|  0%| F|  |TAMS 0x0000000081e00000, 0x0000000081e00000| Untracked 
|  31|0x0000000081f00000, 0x0000000081f00000, 0x0000000082000000|  0%| F|  |TAMS 0x0000000081f00000, 0x0000000081f00000| Untracked 
|  32|0x0000000082000000, 0x0000000082000000, 0x0000000082100000|  0%| F|  |TAMS 0x0000000082000000, 0x0000000082000000| Untracked 
|  33|0x0000000082100000, 0x0000000082100000, 0x0000000082200000|  0%| F|  |TAMS 0x0000000082100000, 0x0000000082100000| Untracked 
|  34|0x0000000082200000, 0x0000000082200000, 0x0000000082300000|  0%| F|  |TAMS 0x0000000082200000, 0x0000000082200000| Untracked 
|  35|0x0000000082300000, 0x0000000082300000, 0x0000000082400000|  0%| F|  |TAMS 0x0000000082300000, 0x0000000082300000| Untracked 
|  36|0x0000000082400000, 0x0000000082400000, 0x0000000082500000|  0%| F|  |TAMS 0x0000000082400000, 0x0000000082400000| Untracked 
|  37|0x0000000082500000, 0x0000000082500000, 0x0000000082600000|  0%| F|  |TAMS 0x0000000082500000, 0x0000000082500000| Untracked 
|  38|0x0000000082600000, 0x0000000082600000, 0x0000000082700000|  0%| F|  |TAMS 0x0000000082600000, 0x0000000082600000| Untracked 
|  39|0x0000000082700000, 0x0000000082700000, 0x0000000082800000|  0%| F|  |TAMS 0x0000000082700000, 0x0000000082700000| Untracked 
|  40|0x0000000082800000, 0x0000000082800000, 0x0000000082900000|  0%| F|  |TAMS 0x0000000082800000, 0x0000000082800000| Untracked 
|  41|0x0000000082900000, 0x0000000082900000, 0x0000000082a00000|  0%| F|  |TAMS 0x0000000082900000, 0x0000000082900000| Untracked 
|  42|0x0000000082a00000, 0x0000000082a00000, 0x0000000082b00000|  0%| F|  |TAMS 0x0000000082a00000, 0x0000000082a00000| Untracked 
|  43|0x0000000082b00000, 0x0000000082b00000, 0x0000000082c00000|  0%| F|  |TAMS 0x0000000082b00000, 0x0000000082b00000| Untracked 
|  44|0x0000000082c00000, 0x0000000082c00000, 0x0000000082d00000|  0%| F|  |TAMS 0x0000000082c00000, 0x0000000082c00000| Untracked 
|  45|0x0000000082d00000, 0x0000000082d00000, 0x0000000082e00000|  0%| F|  |TAMS 0x0000000082d00000, 0x0000000082d00000| Untracked 
|  46|0x0000000082e00000, 0x0000000082e00000, 0x0000000082f00000|  0%| F|  |TAMS 0x0000000082e00000, 0x0000000082e00000| Untracked 
|  47|0x0000000082f00000, 0x0000000082f00000, 0x0000000083000000|  0%| F|  |TAMS 0x0000000082f00000, 0x0000000082f00000| Untracked 
|  48|0x0000000083000000, 0x0000000083000000, 0x0000000083100000|  0%| F|  |TAMS 0x0000000083000000, 0x0000000083000000| Untracked 
|  49|0x0000000083100000, 0x0000000083100000, 0x0000000083200000|  0%| F|  |TAMS 0x0000000083100000, 0x0000000083100000| Untracked 
|  50|0x0000000083200000, 0x0000000083200000, 0x0000000083300000|  0%| F|  |TAMS 0x0000000083200000, 0x0000000083200000| Untracked 
|  51|0x0000000083300000, 0x0000000083300000, 0x0000000083400000|  0%| F|  |TAMS 0x0000000083300000, 0x0000000083300000| Untracked 
|  52|0x0000000083400000, 0x0000000083400000, 0x0000000083500000|  0%| F|  |TAMS 0x0000000083400000, 0x0000000083400000| Untracked 
|  53|0x0000000083500000, 0x0000000083500000, 0x0000000083600000|  0%| F|  |TAMS 0x0000000083500000, 0x0000000083500000| Untracked 
|  54|0x0000000083600000, 0x0000000083600000, 0x0000000083700000|  0%| F|  |TAMS 0x0000000083600000, 0x0000000083600000| Untracked 
|  55|0x0000000083700000, 0x0000000083700000, 0x0000000083800000|  0%| F|  |TAMS 0x0000000083700000, 0x0000000083700000| Untracked 
|  56|0x0000000083800000, 0x0000000083800000, 0x0000000083900000|  0%| F|  |TAMS 0x0000000083800000, 0x0000000083800000| Untracked 
|  57|0x0000000083900000, 0x0000000083900000, 0x0000000083a00000|  0%| F|  |TAMS 0x0000000083900000, 0x0000000083900000| Untracked 
|  58|0x0000000083a00000, 0x0000000083a00000, 0x0000000083b00000|  0%| F|  |TAMS 0x0000000083a00000, 0x0000000083a00000| Untracked 
|  59|0x0000000083b00000, 0x0000000083b00000, 0x0000000083c00000|  0%| F|  |TAMS 0x0000000083b00000, 0x0000000083b00000| Untracked 
|  60|0x0000000083c00000, 0x0000000083c00000, 0x0000000083d00000|  0%| F|  |TAMS 0x0000000083c00000, 0x0000000083c00000| Untracked 
|  61|0x0000000083d00000, 0x0000000083d00000, 0x0000000083e00000|  0%| F|  |TAMS 0x0000000083d00000, 0x0000000083d00000| Untracked 
|  62|0x0000000083e00000, 0x0000000083e00000, 0x0000000083f00000|  0%| F|  |TAMS 0x0000000083e00000, 0x0000000083e00000| Untracked 
|  63|0x0000000083f00000, 0x0000000083f00000, 0x0000000084000000|  0%| F|  |TAMS 0x0000000083f00000, 0x0000000083f00000| Untracked 
|  64|0x0000000084000000, 0x0000000084000000, 0x0000000084100000|  0%| F|  |TAMS 0x0000000084000000, 0x0000000084000000| Untracked 
|  65|0x0000000084100000, 0x0000000084100000, 0x0000000084200000|  0%| F|  |TAMS 0x0000000084100000, 0x0000000084100000| Untracked 
|  66|0x0000000084200000, 0x0000000084200000, 0x0000000084300000|  0%| F|  |TAMS 0x0000000084200000, 0x0000000084200000| Untracked 
|  67|0x0000000084300000, 0x0000000084300000, 0x0000000084400000|  0%| F|  |TAMS 0x0000000084300000, 0x0000000084300000| Untracked 
|  68|0x0000000084400000, 0x0000000084400000, 0x0000000084500000|  0%| F|  |TAMS 0x0000000084400000, 0x0000000084400000| Untracked 
|  69|0x0000000084500000, 0x0000000084500000, 0x0000000084600000|  0%| F|  |TAMS 0x0000000084500000, 0x0000000084500000| Untracked 
|  70|0x0000000084600000, 0x0000000084600000, 0x0000000084700000|  0%| F|  |TAMS 0x0000000084600000, 0x0000000084600000| Untracked 
|  71|0x0000000084700000, 0x0000000084700000, 0x0000000084800000|  0%| F|  |TAMS 0x0000000084700000, 0x0000000084700000| Untracked 
|  72|0x0000000084800000, 0x0000000084800000, 0x0000000084900000|  0%| F|  |TAMS 0x0000000084800000, 0x0000000084800000| Untracked 
|  73|0x0000000084900000, 0x0000000084900000, 0x0000000084a00000|  0%| F|  |TAMS 0x0000000084900000, 0x0000000084900000| Untracked 
|  74|0x0000000084a00000, 0x0000000084a00000, 0x0000000084b00000|  0%| F|  |TAMS 0x0000000084a00000, 0x0000000084a00000| Untracked 
|  75|0x0000000084b00000, 0x0000000084b00000, 0x0000000084c00000|  0%| F|  |TAMS 0x0000000084b00000, 0x0000000084b00000| Untracked 
|  76|0x0000000084c00000, 0x0000000084c00000, 0x0000000084d00000|  0%| F|  |TAMS 0x0000000084c00000, 0x0000000084c00000| Untracked 
|  77|0x0000000084d00000, 0x0000000084d00000, 0x0000000084e00000|  0%| F|  |TAMS 0x0000000084d00000, 0x0000000084d00000| Untracked 
|  78|0x0000000084e00000, 0x0000000084e00000, 0x0000000084f00000|  0%| F|  |TAMS 0x0000000084e00000, 0x0000000084e00000| Untracked 
|  79|0x0000000084f00000, 0x0000000084f00000, 0x0000000085000000|  0%| F|  |TAMS 0x0000000084f00000, 0x0000000084f00000| Untracked 
|  80|0x0000000085000000, 0x0000000085000000, 0x0000000085100000|  0%| F|  |TAMS 0x0000000085000000, 0x0000000085000000| Untracked 
|  81|0x0000000085100000, 0x0000000085100000, 0x0000000085200000|  0%| F|  |TAMS 0x0000000085100000, 0x0000000085100000| Untracked 
|  82|0x0000000085200000, 0x0000000085200000, 0x0000000085300000|  0%| F|  |TAMS 0x0000000085200000, 0x0000000085200000| Untracked 
|  83|0x0000000085300000, 0x0000000085300000, 0x0000000085400000|  0%| F|  |TAMS 0x0000000085300000, 0x0000000085300000| Untracked 
|  84|0x0000000085400000, 0x0000000085400000, 0x0000000085500000|  0%| F|  |TAMS 0x0000000085400000, 0x0000000085400000| Untracked 
|  85|0x0000000085500000, 0x0000000085500000, 0x0000000085600000|  0%| F|  |TAMS 0x0000000085500000, 0x0000000085500000| Untracked 
|  86|0x0000000085600000, 0x0000000085600000, 0x0000000085700000|  0%| F|  |TAMS 0x0000000085600000, 0x0000000085600000| Untracked 
|  87|0x0000000085700000, 0x0000000085700000, 0x0000000085800000|  0%| F|  |TAMS 0x0000000085700000, 0x0000000085700000| Untracked 
|  88|0x0000000085800000, 0x0000000085800000, 0x0000000085900000|  0%| F|  |TAMS 0x0000000085800000, 0x0000000085800000| Untracked 
|  89|0x0000000085900000, 0x0000000085900000, 0x0000000085a00000|  0%| F|  |TAMS 0x0000000085900000, 0x0000000085900000| Untracked 
|  90|0x0000000085a00000, 0x0000000085a00000, 0x0000000085b00000|  0%| F|  |TAMS 0x0000000085a00000, 0x0000000085a00000| Untracked 
|  91|0x0000000085b00000, 0x0000000085b00000, 0x0000000085c00000|  0%| F|  |TAMS 0x0000000085b00000, 0x0000000085b00000| Untracked 
|  92|0x0000000085c00000, 0x0000000085c00000, 0x0000000085d00000|  0%| F|  |TAMS 0x0000000085c00000, 0x0000000085c00000| Untracked 
|  93|0x0000000085d00000, 0x0000000085d00000, 0x0000000085e00000|  0%| F|  |TAMS 0x0000000085d00000, 0x0000000085d00000| Untracked 
|  94|0x0000000085e00000, 0x0000000085e00000, 0x0000000085f00000|  0%| F|  |TAMS 0x0000000085e00000, 0x0000000085e00000| Untracked 
|  95|0x0000000085f00000, 0x0000000085f00000, 0x0000000086000000|  0%| F|  |TAMS 0x0000000085f00000, 0x0000000085f00000| Untracked 
|  96|0x0000000086000000, 0x0000000086000000, 0x0000000086100000|  0%| F|  |TAMS 0x0000000086000000, 0x0000000086000000| Untracked 
|  97|0x0000000086100000, 0x0000000086100000, 0x0000000086200000|  0%| F|  |TAMS 0x0000000086100000, 0x0000000086100000| Untracked 
|  98|0x0000000086200000, 0x0000000086200000, 0x0000000086300000|  0%| F|  |TAMS 0x0000000086200000, 0x0000000086200000| Untracked 
|  99|0x0000000086300000, 0x0000000086300000, 0x0000000086400000|  0%| F|  |TAMS 0x0000000086300000, 0x0000000086300000| Untracked 
| 100|0x0000000086400000, 0x0000000086400000, 0x0000000086500000|  0%| F|  |TAMS 0x0000000086400000, 0x0000000086400000| Untracked 
| 101|0x0000000086500000, 0x0000000086500000, 0x0000000086600000|  0%| F|  |TAMS 0x0000000086500000, 0x0000000086500000| Untracked 
| 102|0x0000000086600000, 0x0000000086600000, 0x0000000086700000|  0%| F|  |TAMS 0x0000000086600000, 0x0000000086600000| Untracked 
| 103|0x0000000086700000, 0x0000000086700000, 0x0000000086800000|  0%| F|  |TAMS 0x0000000086700000, 0x0000000086700000| Untracked 
| 104|0x0000000086800000, 0x0000000086800000, 0x0000000086900000|  0%| F|  |TAMS 0x0000000086800000, 0x0000000086800000| Untracked 
| 105|0x0000000086900000, 0x0000000086900000, 0x0000000086a00000|  0%| F|  |TAMS 0x0000000086900000, 0x0000000086900000| Untracked 
| 106|0x0000000086a00000, 0x0000000086a00000, 0x0000000086b00000|  0%| F|  |TAMS 0x0000000086a00000, 0x0000000086a00000| Untracked 
| 107|0x0000000086b00000, 0x0000000086b00000, 0x0000000086c00000|  0%| F|  |TAMS 0x0000000086b00000, 0x0000000086b00000| Untracked 
| 108|0x0000000086c00000, 0x0000000086c00000, 0x0000000086d00000|  0%| F|  |TAMS 0x0000000086c00000, 0x0000000086c00000| Untracked 
| 109|0x0000000086d00000, 0x0000000086d00000, 0x0000000086e00000|  0%| F|  |TAMS 0x0000000086d00000, 0x0000000086d00000| Untracked 
| 110|0x0000000086e00000, 0x0000000086e00000, 0x0000000086f00000|  0%| F|  |TAMS 0x0000000086e00000, 0x0000000086e00000| Untracked 
| 111|0x0000000086f00000, 0x0000000086f00000, 0x0000000087000000|  0%| F|  |TAMS 0x0000000086f00000, 0x0000000086f00000| Untracked 
| 112|0x0000000087000000, 0x0000000087000000, 0x0000000087100000|  0%| F|  |TAMS 0x0000000087000000, 0x0000000087000000| Untracked 
| 113|0x0000000087100000, 0x0000000087100000, 0x0000000087200000|  0%| F|  |TAMS 0x0000000087100000, 0x0000000087100000| Untracked 
| 114|0x0000000087200000, 0x0000000087200000, 0x0000000087300000|  0%| F|  |TAMS 0x0000000087200000, 0x0000000087200000| Untracked 
| 115|0x0000000087300000, 0x0000000087300000, 0x0000000087400000|  0%| F|  |TAMS 0x0000000087300000, 0x0000000087300000| Untracked 
| 116|0x0000000087400000, 0x0000000087400000, 0x0000000087500000|  0%| F|  |TAMS 0x0000000087400000, 0x0000000087400000| Untracked 
| 117|0x0000000087500000, 0x0000000087500000, 0x0000000087600000|  0%| F|  |TAMS 0x0000000087500000, 0x0000000087500000| Untracked 
| 118|0x0000000087600000, 0x0000000087600000, 0x0000000087700000|  0%| F|  |TAMS 0x0000000087600000, 0x0000000087600000| Untracked 
| 119|0x0000000087700000, 0x0000000087700000, 0x0000000087800000|  0%| F|  |TAMS 0x0000000087700000, 0x0000000087700000| Untracked 
| 120|0x0000000087800000, 0x0000000087800000, 0x0000000087900000|  0%| F|  |TAMS 0x0000000087800000, 0x0000000087800000| Untracked 
| 121|0x0000000087900000, 0x0000000087900000, 0x0000000087a00000|  0%| F|  |TAMS 0x0000000087900000, 0x0000000087900000| Untracked 
| 122|0x0000000087a00000, 0x0000000087a00000, 0x0000000087b00000|  0%| F|  |TAMS 0x0000000087a00000, 0x0000000087a00000| Untracked 
| 123|0x0000000087b00000, 0x0000000087b00000, 0x0000000087c00000|  0%| F|  |TAMS 0x0000000087b00000, 0x0000000087b00000| Untracked 
| 124|0x0000000087c00000, 0x0000000087c00000, 0x0000000087d00000|  0%| F|  |TAMS 0x0000000087c00000, 0x0000000087c00000| Untracked 
| 125|0x0000000087d00000, 0x0000000087d00000, 0x0000000087e00000|  0%| F|  |TAMS 0x0000000087d00000, 0x0000000087d00000| Untracked 
| 126|0x0000000087e00000, 0x0000000087ed79b8, 0x0000000087f00000| 84%| E|  |TAMS 0x0000000087e00000, 0x0000000087e00000| Complete 
| 127|0x0000000087f00000, 0x0000000088000000, 0x0000000088000000|100%| E|CS|TAMS 0x0000000087f00000, 0x0000000087f00000| Complete 

Card table byte_map: [0x000001b1def10000,0x000001b1df310000] _byte_map_base: 0x000001b1deb10000

Marking Bits (Prev, Next): (CMBitMap*) 0x000001b1c68e0b88, (CMBitMap*) 0x000001b1c68e0bc0
 Prev Bits: [0x000001b1df710000, 0x000001b1e1710000)
 Next Bits: [0x000001b1e1710000, 0x000001b1e3710000)

Polling page: 0x000001b1c6710000

Metaspace:

Usage:
  Non-class:      4.60 MB capacity,     4.56 MB (>99%) used,    40.98 KB ( <1%) free+waste,     2.19 KB ( <1%) overhead. 
      Class:    470.00 KB capacity,   437.96 KB ( 93%) used,    30.73 KB (  7%) free+waste,     1.31 KB ( <1%) overhead. 
       Both:      5.06 MB capacity,     4.98 MB ( 99%) used,    71.70 KB (  1%) free+waste,     3.50 KB ( <1%) overhead. 

Virtual space:
  Non-class space:        8.00 MB reserved,       4.75 MB ( 59%) committed 
      Class space:        1.00 GB reserved,     512.00 KB ( <1%) committed 
             Both:        1.01 GB reserved,       5.25 MB ( <1%) committed 

Chunk freelists:
   Non-Class:  3.38 KB
       Class:  1.25 KB
        Both:  4.63 KB

CodeHeap 'non-profiled nmethods': size=120064Kb used=54Kb max_used=54Kb free=120010Kb
 bounds [0x000001b1d71d0000, 0x000001b1d7440000, 0x000001b1de710000]
CodeHeap 'profiled nmethods': size=120000Kb used=256Kb max_used=256Kb free=119743Kb
 bounds [0x000001b1cfca0000, 0x000001b1cff10000, 0x000001b1d71d0000]
CodeHeap 'non-nmethods': size=5696Kb used=1036Kb max_used=1044Kb free=4659Kb
 bounds [0x000001b1cf710000, 0x000001b1cf980000, 0x000001b1cfca0000]
 total_blobs=505 nmethods=211 adapters=206
 compilation: enabled
              stopped_count=0, restarted_count=0
 full_count=0

Compilation events (10 events):
Event: 0.353 Thread 0x000001b1e5b56800  186       1       java.lang.module.ModuleDescriptor::packages (5 bytes)
Event: 0.353 Thread 0x000001b1e5b56800 nmethod 186 0x000001b1d71db910 code [0x000001b1d71dbaa0, 0x000001b1d71dbb58]
Event: 0.355 Thread 0x000001b1e5b56800  187       3       java.util.Optional::orElse (16 bytes)
Event: 0.355 Thread 0x000001b1e5b56800 nmethod 187 0x000001b1cfcdab90 code [0x000001b1cfcdad20, 0x000001b1cfcdae78]
Event: 0.356 Thread 0x000001b1e5b56800  188       3       java.lang.String::getBytes (44 bytes)
Event: 0.356 Thread 0x000001b1e5b56800 nmethod 188 0x000001b1cfcdaf10 code [0x000001b1cfcdb0e0, 0x000001b1cfcdb418]
Event: 0.356 Thread 0x000001b1e5b4f800  189       4       java.util.HashMap::putVal (300 bytes)
Event: 0.359 Thread 0x000001b1e5b56800  190       3       java.lang.AbstractStringBuilder::append (45 bytes)
Event: 0.360 Thread 0x000001b1e5b56800 nmethod 190 0x000001b1cfcdb590 code [0x000001b1cfcdb7a0, 0x000001b1cfcdbcb8]
Event: 0.360 Thread 0x000001b1e5b56800  191       1       java.lang.module.ModuleDescriptor$Version::toString (5 bytes)

GC Heap History (0 events):
No events

Deoptimization events (0 events):
No events

Classes redefined (0 events):
No events

Internal exceptions (0 events):
No events

Events (10 events):
Event: 0.335 loading class java/util/Collections$UnmodifiableCollection$1
Event: 0.335 loading class java/util/Collections$UnmodifiableCollection$1 done
Event: 0.336 loading class java/lang/module/ResolvedModule
Event: 0.336 loading class java/lang/module/ResolvedModule done
Event: 0.350 loading class jdk/internal/module/ModuleLoaderMap
Event: 0.350 loading class jdk/internal/module/ModuleLoaderMap done
Event: 0.350 loading class jdk/internal/module/ModuleLoaderMap$Mapper
Event: 0.350 loading class jdk/internal/module/ModuleLoaderMap$Mapper done
Event: 0.351 loading class java/util/concurrent/ConcurrentHashMap$ForwardingNode
Event: 0.351 loading class java/util/concurrent/ConcurrentHashMap$ForwardingNode done


Dynamic libraries:
0x00007ff61fc30000 - 0x00007ff61fc3f000 	C:\Program Files\Java\jdk-11.0.15\bin\java.exe
0x00007ff9b99d0000 - 0x00007ff9b9bc8000 	C:\Windows\SYSTEM32\ntdll.dll
0x00007ff9b81e0000 - 0x00007ff9b829d000 	C:\Windows\System32\KERNEL32.DLL
0x00007ff9b70f0000 - 0x00007ff9b73be000 	C:\Windows\System32\KERNELBASE.dll
0x00007ff9b73f0000 - 0x00007ff9b74f0000 	C:\Windows\System32\ucrtbase.dll
0x00007ff9a38a0000 - 0x00007ff9a38b8000 	C:\Program Files\Java\jdk-11.0.15\bin\jli.dll
0x00007ff9b9590000 - 0x00007ff9b963e000 	C:\Windows\System32\ADVAPI32.dll
0x00007ff9b9640000 - 0x00007ff9b96de000 	C:\Windows\System32\msvcrt.dll
0x00007ff9b8fc0000 - 0x00007ff9b905c000 	C:\Windows\System32\sechost.dll
0x00007ff9b9290000 - 0x00007ff9b93b5000 	C:\Windows\System32\RPCRT4.dll
0x00007ff9b9740000 - 0x00007ff9b98e0000 	C:\Windows\System32\USER32.dll
0x00007ff9b7960000 - 0x00007ff9b7982000 	C:\Windows\System32\win32u.dll
0x00007ff9b8ed0000 - 0x00007ff9b8efa000 	C:\Windows\System32\GDI32.dll
0x00007ff9b75d0000 - 0x00007ff9b76db000 	C:\Windows\System32\gdi32full.dll
0x00007ff9b7990000 - 0x00007ff9b7a2d000 	C:\Windows\System32\msvcp_win.dll
0x00007ff9a3880000 - 0x00007ff9a3895000 	C:\Program Files\Java\jdk-11.0.15\bin\VCRUNTIME140.dll
0x00007ff9a35e0000 - 0x00007ff9a387a000 	C:\Windows\WinSxS\amd64_microsoft.windows.common-controls_6595b64144ccf1df_6.0.19041.1110_none_60b5254171f9507e\COMCTL32.dll
0x00007ff9af150000 - 0x00007ff9af15a000 	C:\Windows\SYSTEM32\VERSION.dll
0x00007ff9b7cb0000 - 0x00007ff9b7ce0000 	C:\Windows\System32\IMM32.DLL
0x00007ff9a3540000 - 0x00007ff9a35db000 	C:\Program Files\Java\jdk-11.0.15\bin\msvcp140.dll
0x00007ff9a2a20000 - 0x00007ff9a3536000 	C:\Program Files\Java\jdk-11.0.15\bin\server\jvm.dll
0x00007ff9b8fb0000 - 0x00007ff9b8fb8000 	C:\Windows\System32\PSAPI.DLL
0x00007ff9a5100000 - 0x00007ff9a5109000 	C:\Windows\SYSTEM32\WSOCK32.dll
0x00007ff9b8e60000 - 0x00007ff9b8ecb000 	C:\Windows\System32\WS2_32.dll
0x00007ff9aa7a0000 - 0x00007ff9aa7c7000 	C:\Windows\SYSTEM32\WINMM.dll
0x00007ff9b4fd0000 - 0x00007ff9b4fe2000 	C:\Windows\SYSTEM32\kernel.appcore.dll
0x00007ff9a2600000 - 0x00007ff9a2610000 	C:\Program Files\Java\jdk-11.0.15\bin\verify.dll
0x00007ff9aa820000 - 0x00007ff9aaa04000 	C:\Windows\SYSTEM32\DBGHELP.DLL
0x00007ff9aa6b0000 - 0x00007ff9aa6dc000 	C:\Windows\SYSTEM32\dbgcore.DLL
0x00007ff9b7540000 - 0x00007ff9b75c2000 	C:\Windows\System32\bcryptPrimitives.dll
0x00007ff9a25d0000 - 0x00007ff9a25f8000 	C:\Program Files\Java\jdk-11.0.15\bin\java.dll
0x00007ff9a25c0000 - 0x00007ff9a25ca000 	C:\Program Files\Java\jdk-11.0.15\bin\jimage.dll
0x00007ff9b2ab0000 - 0x00007ff9b2abe000 	C:\Program Files\Java\jdk-11.0.15\bin\instrument.dll
0x00007ff9a25a0000 - 0x00007ff9a25b6000 	C:\Program Files\Java\jdk-11.0.15\bin\zip.dll
0x00007ff9b82a0000 - 0x00007ff9b89e4000 	C:\Windows\System32\SHELL32.dll
0x00007ff9b51d0000 - 0x00007ff9b5964000 	C:\Windows\SYSTEM32\windows.storage.dll
0x00007ff9b7d40000 - 0x00007ff9b8094000 	C:\Windows\System32\combase.dll
0x00007ff9b69a0000 - 0x00007ff9b69d0000 	C:\Windows\SYSTEM32\Wldp.dll
0x00007ff9b8f00000 - 0x00007ff9b8fad000 	C:\Windows\System32\SHCORE.dll
0x00007ff9b93c0000 - 0x00007ff9b9415000 	C:\Windows\System32\shlwapi.dll
0x00007ff9b7030000 - 0x00007ff9b704f000 	C:\Windows\SYSTEM32\profapi.dll

dbghelp: loaded successfully - version: 4.0.5 - missing functions: none
symbol engine: initialized successfully - sym options: 0x614 - pdb path: .;C:\Program Files\Java\jdk-11.0.15\bin;C:\Windows\SYSTEM32;C:\Windows\WinSxS\amd64_microsoft.windows.common-controls_6595b64144ccf1df_6.0.19041.1110_none_60b5254171f9507e;C:\Program Files\Java\jdk-11.0.15\bin\server

VM Arguments:
jvm_args: -javaagent:C:\Program Files\JetBrains\IntelliJ IDEA Community Edition 2022.2.1\lib\idea_rt.jar=50911:C:\Program Files\JetBrains\IntelliJ IDEA Community Edition 2022.2.1\bin -Dfile.encoding=UTF-8 
java_command: com.training.springeurekaclient.SpringEurekaClientApplication
java_class_path (initial): C:\Users\sfjbs\Downloads\eureka-naming-server-main\eureka-naming-server-main\spring-eureka-client\target\classes;C:\Users\sfjbs\.m2\repository\org\springframework\cloud\spring-cloud-starter-netflix-eureka-client\3.1.3\spring-cloud-starter-netflix-eureka-client-3.1.3.jar;C:\Users\sfjbs\.m2\repository\org\springframework\cloud\spring-cloud-starter\2.1.0.RELEASE\spring-cloud-starter-2.1.0.RELEASE.jar;C:\Users\sfjbs\.m2\repository\org\springframework\cloud\spring-cloud-context\2.1.0.RELEASE\spring-cloud-context-2.1.0.RELEASE.jar;C:\Users\sfjbs\.m2\repository\org\springframework\security\spring-security-crypto\5.1.5.RELEASE\spring-security-crypto-5.1.5.RELEASE.jar;C:\Users\sfjbs\.m2\repository\org\springframework\cloud\spring-cloud-commons\2.1.0.RELEASE\spring-cloud-commons-2.1.0.RELEASE.jar;C:\Users\sfjbs\.m2\repository\org\springframework\security\spring-security-rsa\1.0.7.RELEASE\spring-security-rsa-1.0.7.RELEASE.jar;C:\Users\sfjbs\.m2\repository\org\bouncycastle\bcpkix-jdk15on\1.60\bcpkix-jdk15on-1.60.jar;C:\Users\sfjbs\.m2\repository\org\bouncycastle\bcprov-jdk15on\1.60\bcprov-jdk15on-1.60.jar;C:\Users\sfjbs\.m2\repository\org\springframework\cloud\spring-cloud-netflix-eureka-client\2.1.0.RELEASE\spring-cloud-netflix-eureka-client-2.1.0.RELEASE.jar;C:\Users\sfjbs\.m2\repository\org\springframework\cloud\spring-cloud-netflix-hystrix\2.1.0.RELEASE\spring-cloud-netflix-hystrix-2.1.0.RELEASE.jar;C:\Users\sfjbs\.m2\repository\org\springframework\boot\spring-boot-starter-aop\2.1.4.RELEASE\spring-boot-starter-aop-2.1.4.RELEASE.jar;C:\Users\sfjbs\.m2\repository\org\aspectj\aspectjweaver\1.9.2\aspectjweaver-1.9.2.jar;C:\Users\sfjbs\.m2\repository\com\netflix\eureka\eureka-client\1.9.8\eureka-client-1.9.8.jar;C:\Users\sfjbs\.m2\repository\org\codehaus\jettison\jettison\1.3.7\jettison-1.3.7.jar;C:\Users\sfjbs\.m2\repository\stax\stax-api\1.0.1\stax-api-1.0.1.jar;C:\Users\sfjbs\.m2\repository\com\netflix\netflix-commons\netflix-eventbus\0.3.0\netfli
Launcher Type: SUN_STANDARD

[Global flags]
     intx CICompilerCount                          = 2                                         {product} {ergonomic}
     uint ConcGCThreads                            = 1                                         {product} {ergonomic}
     uint G1ConcRefinementThreads                  = 2                                         {product} {ergonomic}
   size_t G1HeapRegionSize                         = 1048576                                   {product} {ergonomic}
    uintx GCDrainStackTargetSize                   = 64                                        {product} {ergonomic}
   size_t InitialHeapSize                          = 134217728                                 {product} {ergonomic}
   size_t MarkStackSize                            = 4194304                                   {product} {ergonomic}
   size_t MaxHeapSize                              = 2147483648                                {product} {ergonomic}
   size_t MaxNewSize                               = 1287651328                                {product} {ergonomic}
   size_t MinHeapDeltaBytes                        = 1048576                                   {product} {ergonomic}
    uintx NonNMethodCodeHeapSize                   = 5825164                                {pd product} {ergonomic}
    uintx NonProfiledCodeHeapSize                  = 122916538                              {pd product} {ergonomic}
    uintx ProfiledCodeHeapSize                     = 122916538                              {pd product} {ergonomic}
    uintx ReservedCodeCacheSize                    = 251658240                              {pd product} {ergonomic}
     bool SegmentedCodeCache                       = true                                      {product} {ergonomic}
     bool UseCompressedClassPointers               = true                                 {lp64_product} {ergonomic}
     bool UseCompressedOops                        = true                                 {lp64_product} {ergonomic}
     bool UseG1GC                                  = true                                      {product} {ergonomic}
     bool UseLargePagesIndividualAllocation        = false                                  {pd product} {ergonomic}

Logging:
Log output configuration:
 #0: stdout all=warning uptime,level,tags
 #1: stderr all=off uptime,level,tags

Environment Variables:
PATH=C:\Program Files\Common Files\Oracle\Java\javapath;C:\Windows\system32;C:\Windows;C:\Windows\System32\Wbem;C:\Windows\System32\WindowsPowerShell\v1.0\;C:\Windows\System32\OpenSSH\;C:\Program Files\PuTTY\;C:\Program Files\Git\cmd;C:\Program Files\Docker\Docker\resources\bin;C:\ProgramData\DockerDesktop\version-bin;C:\Users\sfjbs\Downloads\apache-maven-3.8.6-bin\apache-maven-3.8.6\bin;C:\Users\sfjbs\Downloads\apache-maven-3.8.6-bin\apache-maven-3.8.6\lib;C:\Users\sfjbs\AppData\Local\Microsoft\WindowsApps;C:\Program Files\JetBrains\IntelliJ IDEA Community Edition 2022.2.1\bin;;C:\Users\sfjbs\Downloads\apache-maven-3.8.6-bin\apache-maven-3.8.6\bin;C:\Users\sfjbs\Downloads\apache-maven-3.8.6-bin\apache-maven-3.8.6\lib;
USERNAME=sfjbs
OS=Windows_NT
PROCESSOR_IDENTIFIER=Intel64 Family 6 Model 85 Stepping 7, GenuineIntel



---------------  S Y S T E M  ---------------

OS: Windows 10 , 64 bit Build 19041 (10.0.19041.1889)
Hyper-V role detected

CPU:total 2 (initial active 2) (1 cores per cpu, 2 threads per core) family 6 model 85 stepping 7 microcode 0xffffffff, cmov, cx8, fxsr, mmx, sse, sse2, sse3, ssse3, sse4.1, sse4.2, popcnt, avx, avx2, aes, clmul, erms, rtm, 3dnowpref, lzcnt, ht, tsc, bmi1, bmi2, adx, evex, fma

Memory: 4k page, system-wide physical 8190M (971M free)
TotalPageFile size 10238M (AvailPageFile size 3M)
current process WorkingSet (physical memory assigned to process): 33M, peak: 33M
current process commit charge ("private bytes"): 191M, peak: 191M

vm_info: Java HotSpot(TM) 64-Bit Server VM (11.0.15+8-LTS-149) for windows-amd64 JRE (11.0.15+8-LTS-149), built on Mar  9 2022 22:42:32 by "mach5one" with MS VC++ 15.9 (VS2017)

END.
