#
# There is insufficient memory for the Java Runtime Environment to continue.
# Native memory allocation (mmap) failed to map 27262976 bytes for Failed to commit area from 0x0000000088000000 to 0x0000000089a00000 of length 27262976.
# Possible reasons:
#   The system is out of physical RAM or swap space
#   The process is running with CompressedOops enabled, and the Java Heap may be blocking the growth of the native heap
# Possible solutions:
#   Reduce memory load on the system
#   Increase physical memory or swap space
#   Check if swap backing store is full
#   Decrease Java heap size (-Xmx/-Xms)
#   Decrease number of Java threads
#   Decrease Java thread stack sizes (-Xss)
#   Set larger code cache with -XX:ReservedCodeCacheSize=
#   JVM is running with Unscaled Compressed Oops mode in which the Java heap is
#     placed in the first 4GB address space. The Java Heap base address is the
#     maximum limit for the native heap growth. Please use -XX:HeapBaseMinAddress
#     to set the Java Heap base and to place the Java Heap above 4GB virtual address.
# This output file may be truncated or incomplete.
#
#  Out of Memory Error (./open/src/hotspot/os/windows/os_windows.cpp:3287), pid=11040, tid=3424
#
# JRE version: Java(TM) SE Runtime Environment 18.9 (11.0.15+8) (build 11.0.15+8-LTS-149)
# Java VM: Java HotSpot(TM) 64-Bit Server VM 18.9 (11.0.15+8-LTS-149, mixed mode, tiered, compressed oops, g1 gc, windows-amd64)
# No core dump will be written. Minidumps are not enabled by default on client versions of Windows
#

---------------  S U M M A R Y ------------

Command Line: -javaagent:C:\Program Files\JetBrains\IntelliJ IDEA Community Edition 2022.2.1\lib\idea_rt.jar=53050:C:\Program Files\JetBrains\IntelliJ IDEA Community Edition 2022.2.1\bin -Dfile.encoding=UTF-8 com.training.messaging.inmemoryactivemqexample.InmemoryActivemqExampleApplication

Host: Intel(R) Xeon(R) Platinum 8272CL CPU @ 2.60GHz, 2 cores, 7G,  Windows 10 , 64 bit Build 19041 (10.0.19041.1889)
Time: Fri Sep  2 06:26:31 2022 Coordinated Universal Time elapsed time: 2.844386 seconds (0d 0h 0m 2s)

---------------  T H R E A D  ---------------

Current thread (0x000001c31da21800):  VMThread "VM Thread" [stack: 0x0000001a1bb00000,0x0000001a1bc00000] [id=3424]

Stack: [0x0000001a1bb00000,0x0000001a1bc00000]
[error occurred during error reporting (printing stack bounds), id 0xc0000005, EXCEPTION_ACCESS_VIOLATION (0xc0000005) at pc=0x000001c3075f10e7]

Native frames: (J=compiled Java code, j=interpreted, Vv=VM code, C=native code)
V  [jvm.dll+0x629d8a]
V  [jvm.dll+0x7638ff]
V  [jvm.dll+0x764fa9]
V  [jvm.dll+0x765595]
V  [jvm.dll+0x76554b]
V  [jvm.dll+0x629273]
V  [jvm.dll+0x629988]
C  [ntdll.dll+0xa229f]
C  [ntdll.dll+0x51454]
C  [ntdll.dll+0xa0dce]
C  0x000001c3075f10e7

VM_Operation (0x0000001a1c9fcd50): CollectForMetadataAllocation, mode: safepoint, requested by thread 0x000001c31ef35800


---------------  P R O C E S S  ---------------

Threads class SMR info:
_java_thread_list=0x000001c31f962c50, length=13, elements={
0x000001c379bac000, 0x000001c31da25800, 0x000001c31da2f000, 0x000001c31e3d2800,
0x000001c31da41800, 0x000001c31da42000, 0x000001c31da44000, 0x000001c31e403000,
0x000001c31e406800, 0x000001c31e50a800, 0x000001c31e6ac800, 0x000001c31ef35800,
0x000001c31ee06800
}

Java Threads: ( => current thread )
  0x000001c379bac000 JavaThread "main" [_thread_blocked, id=11528, stack(0x0000001a1b500000,0x0000001a1b600000)]
  0x000001c31da25800 JavaThread "Reference Handler" daemon [_thread_blocked, id=6072, stack(0x0000001a1bc00000,0x0000001a1bd00000)]
  0x000001c31da2f000 JavaThread "Finalizer" daemon [_thread_blocked, id=11240, stack(0x0000001a1bd00000,0x0000001a1be00000)]
  0x000001c31e3d2800 JavaThread "Signal Dispatcher" daemon [_thread_blocked, id=11008, stack(0x0000001a1be00000,0x0000001a1bf00000)]
  0x000001c31da41800 JavaThread "Attach Listener" daemon [_thread_blocked, id=9268, stack(0x0000001a1bf00000,0x0000001a1c000000)]
  0x000001c31da42000 JavaThread "Service Thread" daemon [_thread_blocked, id=11016, stack(0x0000001a1c000000,0x0000001a1c100000)]
  0x000001c31da44000 JavaThread "C2 CompilerThread0" daemon [_thread_blocked, id=11192, stack(0x0000001a1c100000,0x0000001a1c200000)]
  0x000001c31e403000 JavaThread "C1 CompilerThread0" daemon [_thread_blocked, id=10584, stack(0x0000001a1c200000,0x0000001a1c300000)]
  0x000001c31e406800 JavaThread "Sweeper thread" daemon [_thread_blocked, id=3664, stack(0x0000001a1c300000,0x0000001a1c400000)]
  0x000001c31e50a800 JavaThread "Common-Cleaner" daemon [_thread_blocked, id=11024, stack(0x0000001a1c400000,0x0000001a1c500000)]
  0x000001c31e6ac800 JavaThread "Monitor Ctrl-Break" daemon [_thread_in_native, id=12172, stack(0x0000001a1c500000,0x0000001a1c600000)]
  0x000001c31ef35800 JavaThread "background-preinit" [_thread_blocked, id=8320, stack(0x0000001a1c900000,0x0000001a1ca00000)]
  0x000001c31ee06800 JavaThread "Thread-0" [_thread_blocked, id=9336, stack(0x0000001a1ca00000,0x0000001a1cb00000)]

Other Threads:
=>0x000001c31da21800 VMThread "VM Thread" [stack: 0x0000001a1bb00000,0x0000001a1bc00000] [id=3424]
  0x000001c31e87e800 WatcherThread [stack: 0x0000001a1c600000,0x0000001a1c700000] [id=2440]
  0x000001c379bc1800 GCTaskThread "GC Thread#0" [stack: 0x0000001a1b600000,0x0000001a1b700000] [id=980]
  0x000001c31eab8800 GCTaskThread "GC Thread#1" [stack: 0x0000001a1c700000,0x0000001a1c800000] [id=6612]
  0x000001c379bf2800 ConcurrentGCThread "G1 Main Marker" [stack: 0x0000001a1b700000,0x0000001a1b800000] [id=10616]
  0x000001c379bf4800 ConcurrentGCThread "G1 Conc#0" [stack: 0x0000001a1b800000,0x0000001a1b900000] [id=9128]
  0x000001c379c7d000 ConcurrentGCThread "G1 Refine#0" [stack: 0x0000001a1b900000,0x0000001a1ba00000] [id=4708]
  0x000001c31e78b000 ConcurrentGCThread "G1 Refine#1" [stack: 0x0000001a1c800000,0x0000001a1c900000] [id=9076]
  0x000001c379c7f000 ConcurrentGCThread "G1 Young RemSet Sampling" [stack: 0x0000001a1ba00000,0x0000001a1bb00000] [id=8224]

Threads with active compile tasks:
C2 CompilerThread0   2854 1710       4       java.util.zip.ZipFile$Source::getEntryPos (206 bytes)

VM state:at safepoint (normal execution)

VM Mutex/Monitor currently owned by a thread:  ([mutex/lock_event])
[0x000001c379ba8d20] Threads_lock - owner thread: 0x000001c31da21800
[0x000001c379ba8ed0] Heap_lock - owner thread: 0x000001c31ef35800

Heap address: 0x0000000080000000, size: 2048 MB, Compressed Oops mode: 32-bit
Narrow klass base: 0x0000000000000000, Narrow klass shift: 3
Compressed class space size: 1073741824 Address: 0x0000000100000000

Heap:
 garbage-first heap   total 157696K, used 5986K [0x0000000080000000, 0x0000000100000000)
  region size 1024K, 3 young (3072K), 3 survivors (3072K)
 Metaspace       used 20811K, capacity 21162K, committed 21296K, reserved 1069056K
  class space    used 2263K, capacity 2397K, committed 2432K, reserved 1048576K
Heap Regions: E=young(eden), S=young(survivor), O=old, HS=humongous(starts), HC=humongous(continues), CS=collection set, F=free, A=archive, TAMS=top-at-mark-start (previous, next)
|   0|0x0000000080000000, 0x0000000080100000, 0x0000000080100000|100%| O|  |TAMS 0x0000000080000000, 0x0000000080100000| Untracked 
|   1|0x0000000080100000, 0x0000000080200000, 0x0000000080200000|100%| O|  |TAMS 0x0000000080100000, 0x0000000080200000| Untracked 
|   2|0x0000000080200000, 0x0000000080300000, 0x0000000080300000|100%| O|  |TAMS 0x0000000080200000, 0x0000000080300000| Untracked 
|   3|0x0000000080300000, 0x000000008035d400, 0x0000000080400000| 36%| O|  |TAMS 0x0000000080300000, 0x000000008035d400| Untracked 
|   4|0x0000000080400000, 0x0000000080400000, 0x0000000080500000|  0%| F|  |TAMS 0x0000000080400000, 0x0000000080400000| Untracked 
|   5|0x0000000080500000, 0x0000000080500000, 0x0000000080600000|  0%| F|  |TAMS 0x0000000080500000, 0x0000000080500000| Untracked 
|   6|0x0000000080600000, 0x0000000080600000, 0x0000000080700000|  0%| F|  |TAMS 0x0000000080600000, 0x0000000080600000| Untracked 
|   7|0x0000000080700000, 0x0000000080700000, 0x0000000080800000|  0%| F|  |TAMS 0x0000000080700000, 0x0000000080700000| Untracked 
|   8|0x0000000080800000, 0x0000000080800000, 0x0000000080900000|  0%| F|  |TAMS 0x0000000080800000, 0x0000000080800000| Untracked 
|   9|0x0000000080900000, 0x0000000080900000, 0x0000000080a00000|  0%| F|  |TAMS 0x0000000080900000, 0x0000000080900000| Untracked 
|  10|0x0000000080a00000, 0x0000000080a00000, 0x0000000080b00000|  0%| F|  |TAMS 0x0000000080a00000, 0x0000000080a00000| Untracked 
|  11|0x0000000080b00000, 0x0000000080b00000, 0x0000000080c00000|  0%| F|  |TAMS 0x0000000080b00000, 0x0000000080b00000| Untracked 
|  12|0x0000000080c00000, 0x0000000080c00000, 0x0000000080d00000|  0%| F|  |TAMS 0x0000000080c00000, 0x0000000080c00000| Untracked 
|  13|0x0000000080d00000, 0x0000000080d00000, 0x0000000080e00000|  0%| F|  |TAMS 0x0000000080d00000, 0x0000000080d00000| Untracked 
|  14|0x0000000080e00000, 0x0000000080e00000, 0x0000000080f00000|  0%| F|  |TAMS 0x0000000080e00000, 0x0000000080e00000| Untracked 
|  15|0x0000000080f00000, 0x0000000080f00000, 0x0000000081000000|  0%| F|  |TAMS 0x0000000080f00000, 0x0000000080f00000| Untracked 
|  16|0x0000000081000000, 0x0000000081000000, 0x0000000081100000|  0%| F|  |TAMS 0x0000000081000000, 0x0000000081000000| Untracked 
|  17|0x0000000081100000, 0x0000000081100000, 0x0000000081200000|  0%| F|  |TAMS 0x0000000081100000, 0x0000000081100000| Untracked 
|  18|0x0000000081200000, 0x0000000081200000, 0x0000000081300000|  0%| F|  |TAMS 0x0000000081200000, 0x0000000081200000| Untracked 
|  19|0x0000000081300000, 0x0000000081300000, 0x0000000081400000|  0%| F|  |TAMS 0x0000000081300000, 0x0000000081300000| Untracked 
|  20|0x0000000081400000, 0x0000000081400000, 0x0000000081500000|  0%| F|  |TAMS 0x0000000081400000, 0x0000000081400000| Untracked 
|  21|0x0000000081500000, 0x0000000081500000, 0x0000000081600000|  0%| F|  |TAMS 0x0000000081500000, 0x0000000081500000| Untracked 
|  22|0x0000000081600000, 0x0000000081600000, 0x0000000081700000|  0%| F|  |TAMS 0x0000000081600000, 0x0000000081600000| Untracked 
|  23|0x0000000081700000, 0x0000000081700000, 0x0000000081800000|  0%| F|  |TAMS 0x0000000081700000, 0x0000000081700000| Untracked 
|  24|0x0000000081800000, 0x0000000081800000, 0x0000000081900000|  0%| F|  |TAMS 0x0000000081800000, 0x0000000081800000| Untracked 
|  25|0x0000000081900000, 0x0000000081900000, 0x0000000081a00000|  0%| F|  |TAMS 0x0000000081900000, 0x0000000081900000| Untracked 
|  26|0x0000000081a00000, 0x0000000081a00000, 0x0000000081b00000|  0%| F|  |TAMS 0x0000000081a00000, 0x0000000081a00000| Untracked 
|  27|0x0000000081b00000, 0x0000000081b00000, 0x0000000081c00000|  0%| F|  |TAMS 0x0000000081b00000, 0x0000000081b00000| Untracked 
|  28|0x0000000081c00000, 0x0000000081c00000, 0x0000000081d00000|  0%| F|  |TAMS 0x0000000081c00000, 0x0000000081c00000| Untracked 
|  29|0x0000000081d00000, 0x0000000081d00000, 0x0000000081e00000|  0%| F|  |TAMS 0x0000000081d00000, 0x0000000081d00000| Untracked 
|  30|0x0000000081e00000, 0x0000000081e00000, 0x0000000081f00000|  0%| F|  |TAMS 0x0000000081e00000, 0x0000000081e00000| Untracked 
|  31|0x0000000081f00000, 0x0000000081f00000, 0x0000000082000000|  0%| F|  |TAMS 0x0000000081f00000, 0x0000000081f00000| Untracked 
|  32|0x0000000082000000, 0x0000000082000000, 0x0000000082100000|  0%| F|  |TAMS 0x0000000082000000, 0x0000000082000000| Untracked 
|  33|0x0000000082100000, 0x0000000082100000, 0x0000000082200000|  0%| F|  |TAMS 0x0000000082100000, 0x0000000082100000| Untracked 
|  34|0x0000000082200000, 0x0000000082200000, 0x0000000082300000|  0%| F|  |TAMS 0x0000000082200000, 0x0000000082200000| Untracked 
|  35|0x0000000082300000, 0x0000000082300000, 0x0000000082400000|  0%| F|  |TAMS 0x0000000082300000, 0x0000000082300000| Untracked 
|  36|0x0000000082400000, 0x0000000082400000, 0x0000000082500000|  0%| F|  |TAMS 0x0000000082400000, 0x0000000082400000| Untracked 
|  37|0x0000000082500000, 0x0000000082500000, 0x0000000082600000|  0%| F|  |TAMS 0x0000000082500000, 0x0000000082500000| Untracked 
|  38|0x0000000082600000, 0x0000000082600000, 0x0000000082700000|  0%| F|  |TAMS 0x0000000082600000, 0x0000000082600000| Untracked 
|  39|0x0000000082700000, 0x0000000082700000, 0x0000000082800000|  0%| F|  |TAMS 0x0000000082700000, 0x0000000082700000| Untracked 
|  40|0x0000000082800000, 0x0000000082800000, 0x0000000082900000|  0%| F|  |TAMS 0x0000000082800000, 0x0000000082800000| Untracked 
|  41|0x0000000082900000, 0x0000000082900000, 0x0000000082a00000|  0%| F|  |TAMS 0x0000000082900000, 0x0000000082900000| Untracked 
|  42|0x0000000082a00000, 0x0000000082a00000, 0x0000000082b00000|  0%| F|  |TAMS 0x0000000082a00000, 0x0000000082a00000| Untracked 
|  43|0x0000000082b00000, 0x0000000082b00000, 0x0000000082c00000|  0%| F|  |TAMS 0x0000000082b00000, 0x0000000082b00000| Untracked 
|  44|0x0000000082c00000, 0x0000000082c00000, 0x0000000082d00000|  0%| F|  |TAMS 0x0000000082c00000, 0x0000000082c00000| Untracked 
|  45|0x0000000082d00000, 0x0000000082d00000, 0x0000000082e00000|  0%| F|  |TAMS 0x0000000082d00000, 0x0000000082d00000| Untracked 
|  46|0x0000000082e00000, 0x0000000082e00000, 0x0000000082f00000|  0%| F|  |TAMS 0x0000000082e00000, 0x0000000082e00000| Untracked 
|  47|0x0000000082f00000, 0x0000000082f00000, 0x0000000083000000|  0%| F|  |TAMS 0x0000000082f00000, 0x0000000082f00000| Untracked 
|  48|0x0000000083000000, 0x0000000083000000, 0x0000000083100000|  0%| F|  |TAMS 0x0000000083000000, 0x0000000083000000| Untracked 
|  49|0x0000000083100000, 0x0000000083100000, 0x0000000083200000|  0%| F|  |TAMS 0x0000000083100000, 0x0000000083100000| Untracked 
|  50|0x0000000083200000, 0x0000000083200000, 0x0000000083300000|  0%| F|  |TAMS 0x0000000083200000, 0x0000000083200000| Untracked 
|  51|0x0000000083300000, 0x0000000083300000, 0x0000000083400000|  0%| F|  |TAMS 0x0000000083300000, 0x0000000083300000| Untracked 
|  52|0x0000000083400000, 0x0000000083400000, 0x0000000083500000|  0%| F|  |TAMS 0x0000000083400000, 0x0000000083400000| Untracked 
|  53|0x0000000083500000, 0x0000000083500000, 0x0000000083600000|  0%| F|  |TAMS 0x0000000083500000, 0x0000000083500000| Untracked 
|  54|0x0000000083600000, 0x0000000083600000, 0x0000000083700000|  0%| F|  |TAMS 0x0000000083600000, 0x0000000083600000| Untracked 
|  55|0x0000000083700000, 0x0000000083700000, 0x0000000083800000|  0%| F|  |TAMS 0x0000000083700000, 0x0000000083700000| Untracked 
|  56|0x0000000083800000, 0x0000000083800000, 0x0000000083900000|  0%| F|  |TAMS 0x0000000083800000, 0x0000000083800000| Untracked 
|  57|0x0000000083900000, 0x0000000083900000, 0x0000000083a00000|  0%| F|  |TAMS 0x0000000083900000, 0x0000000083900000| Untracked 
|  58|0x0000000083a00000, 0x0000000083a00000, 0x0000000083b00000|  0%| F|  |TAMS 0x0000000083a00000, 0x0000000083a00000| Untracked 
|  59|0x0000000083b00000, 0x0000000083b00000, 0x0000000083c00000|  0%| F|  |TAMS 0x0000000083b00000, 0x0000000083b00000| Untracked 
|  60|0x0000000083c00000, 0x0000000083c00000, 0x0000000083d00000|  0%| F|  |TAMS 0x0000000083c00000, 0x0000000083c00000| Untracked 
|  61|0x0000000083d00000, 0x0000000083d00000, 0x0000000083e00000|  0%| F|  |TAMS 0x0000000083d00000, 0x0000000083d00000| Untracked 
|  62|0x0000000083e00000, 0x0000000083e00000, 0x0000000083f00000|  0%| F|  |TAMS 0x0000000083e00000, 0x0000000083e00000| Untracked 
|  63|0x0000000083f00000, 0x0000000083f00000, 0x0000000084000000|  0%| F|  |TAMS 0x0000000083f00000, 0x0000000083f00000| Untracked 
|  64|0x0000000084000000, 0x0000000084000000, 0x0000000084100000|  0%| F|  |TAMS 0x0000000084000000, 0x0000000084000000| Untracked 
|  65|0x0000000084100000, 0x0000000084100000, 0x0000000084200000|  0%| F|  |TAMS 0x0000000084100000, 0x0000000084100000| Untracked 
|  66|0x0000000084200000, 0x0000000084200000, 0x0000000084300000|  0%| F|  |TAMS 0x0000000084200000, 0x0000000084200000| Untracked 
|  67|0x0000000084300000, 0x0000000084300000, 0x0000000084400000|  0%| F|  |TAMS 0x0000000084300000, 0x0000000084300000| Untracked 
|  68|0x0000000084400000, 0x0000000084400000, 0x0000000084500000|  0%| F|  |TAMS 0x0000000084400000, 0x0000000084400000| Untracked 
|  69|0x0000000084500000, 0x0000000084500000, 0x0000000084600000|  0%| F|  |TAMS 0x0000000084500000, 0x0000000084500000| Untracked 
|  70|0x0000000084600000, 0x0000000084600000, 0x0000000084700000|  0%| F|  |TAMS 0x0000000084600000, 0x0000000084600000| Untracked 
|  71|0x0000000084700000, 0x0000000084700000, 0x0000000084800000|  0%| F|  |TAMS 0x0000000084700000, 0x0000000084700000| Untracked 
|  72|0x0000000084800000, 0x0000000084800000, 0x0000000084900000|  0%| F|  |TAMS 0x0000000084800000, 0x0000000084800000| Untracked 
|  73|0x0000000084900000, 0x0000000084900000, 0x0000000084a00000|  0%| F|  |TAMS 0x0000000084900000, 0x0000000084900000| Untracked 
|  74|0x0000000084a00000, 0x0000000084a00000, 0x0000000084b00000|  0%| F|  |TAMS 0x0000000084a00000, 0x0000000084a00000| Untracked 
|  75|0x0000000084b00000, 0x0000000084b00000, 0x0000000084c00000|  0%| F|  |TAMS 0x0000000084b00000, 0x0000000084b00000| Untracked 
|  76|0x0000000084c00000, 0x0000000084c00000, 0x0000000084d00000|  0%| F|  |TAMS 0x0000000084c00000, 0x0000000084c00000| Untracked 
|  77|0x0000000084d00000, 0x0000000084d00000, 0x0000000084e00000|  0%| F|  |TAMS 0x0000000084d00000, 0x0000000084d00000| Untracked 
|  78|0x0000000084e00000, 0x0000000084e00000, 0x0000000084f00000|  0%| F|  |TAMS 0x0000000084e00000, 0x0000000084e00000| Untracked 
|  79|0x0000000084f00000, 0x0000000084f00000, 0x0000000085000000|  0%| F|  |TAMS 0x0000000084f00000, 0x0000000084f00000| Untracked 
|  80|0x0000000085000000, 0x0000000085000000, 0x0000000085100000|  0%| F|  |TAMS 0x0000000085000000, 0x0000000085000000| Untracked 
|  81|0x0000000085100000, 0x0000000085100000, 0x0000000085200000|  0%| F|  |TAMS 0x0000000085100000, 0x0000000085100000| Untracked 
|  82|0x0000000085200000, 0x0000000085200000, 0x0000000085300000|  0%| F|  |TAMS 0x0000000085200000, 0x0000000085200000| Untracked 
|  83|0x0000000085300000, 0x0000000085300000, 0x0000000085400000|  0%| F|  |TAMS 0x0000000085300000, 0x0000000085300000| Untracked 
|  84|0x0000000085400000, 0x0000000085400000, 0x0000000085500000|  0%| F|  |TAMS 0x0000000085400000, 0x0000000085400000| Untracked 
|  85|0x0000000085500000, 0x0000000085500000, 0x0000000085600000|  0%| F|  |TAMS 0x0000000085500000, 0x0000000085500000| Untracked 
|  86|0x0000000085600000, 0x0000000085600000, 0x0000000085700000|  0%| F|  |TAMS 0x0000000085600000, 0x0000000085600000| Untracked 
|  87|0x0000000085700000, 0x0000000085700000, 0x0000000085800000|  0%| F|  |TAMS 0x0000000085700000, 0x0000000085700000| Untracked 
|  88|0x0000000085800000, 0x0000000085800000, 0x0000000085900000|  0%| F|  |TAMS 0x0000000085800000, 0x0000000085800000| Untracked 
|  89|0x0000000085900000, 0x0000000085900000, 0x0000000085a00000|  0%| F|  |TAMS 0x0000000085900000, 0x0000000085900000| Untracked 
|  90|0x0000000085a00000, 0x0000000085a00000, 0x0000000085b00000|  0%| F|  |TAMS 0x0000000085a00000, 0x0000000085a00000| Untracked 
|  91|0x0000000085b00000, 0x0000000085b00000, 0x0000000085c00000|  0%| F|  |TAMS 0x0000000085b00000, 0x0000000085b00000| Untracked 
|  92|0x0000000085c00000, 0x0000000085c00000, 0x0000000085d00000|  0%| F|  |TAMS 0x0000000085c00000, 0x0000000085c00000| Untracked 
|  93|0x0000000085d00000, 0x0000000085d00000, 0x0000000085e00000|  0%| F|  |TAMS 0x0000000085d00000, 0x0000000085d00000| Untracked 
|  94|0x0000000085e00000, 0x0000000085e00000, 0x0000000085f00000|  0%| F|  |TAMS 0x0000000085e00000, 0x0000000085e00000| Untracked 
|  95|0x0000000085f00000, 0x0000000085f00000, 0x0000000086000000|  0%| F|  |TAMS 0x0000000085f00000, 0x0000000085f00000| Untracked 
|  96|0x0000000086000000, 0x0000000086000000, 0x0000000086100000|  0%| F|  |TAMS 0x0000000086000000, 0x0000000086000000| Untracked 
|  97|0x0000000086100000, 0x0000000086100000, 0x0000000086200000|  0%| F|  |TAMS 0x0000000086100000, 0x0000000086100000| Untracked 
|  98|0x0000000086200000, 0x0000000086200000, 0x0000000086300000|  0%| F|  |TAMS 0x0000000086200000, 0x0000000086200000| Untracked 
|  99|0x0000000086300000, 0x0000000086300000, 0x0000000086400000|  0%| F|  |TAMS 0x0000000086300000, 0x0000000086300000| Untracked 
| 100|0x0000000086400000, 0x0000000086400000, 0x0000000086500000|  0%| F|  |TAMS 0x0000000086400000, 0x0000000086400000| Untracked 
| 101|0x0000000086500000, 0x0000000086500000, 0x0000000086600000|  0%| F|  |TAMS 0x0000000086500000, 0x0000000086500000| Untracked 
| 102|0x0000000086600000, 0x0000000086600000, 0x0000000086700000|  0%| F|  |TAMS 0x0000000086600000, 0x0000000086600000| Untracked 
| 103|0x0000000086700000, 0x0000000086700000, 0x0000000086800000|  0%| F|  |TAMS 0x0000000086700000, 0x0000000086700000| Untracked 
| 104|0x0000000086800000, 0x0000000086800000, 0x0000000086900000|  0%| F|  |TAMS 0x0000000086800000, 0x0000000086800000| Untracked 
| 105|0x0000000086900000, 0x0000000086900000, 0x0000000086a00000|  0%| F|  |TAMS 0x0000000086900000, 0x0000000086900000| Untracked 
| 106|0x0000000086a00000, 0x0000000086a00000, 0x0000000086b00000|  0%| F|  |TAMS 0x0000000086a00000, 0x0000000086a00000| Untracked 
| 107|0x0000000086b00000, 0x0000000086b00000, 0x0000000086c00000|  0%| F|  |TAMS 0x0000000086b00000, 0x0000000086b00000| Untracked 
| 108|0x0000000086c00000, 0x0000000086c00000, 0x0000000086d00000|  0%| F|  |TAMS 0x0000000086c00000, 0x0000000086c00000| Untracked 
| 109|0x0000000086d00000, 0x0000000086d00000, 0x0000000086e00000|  0%| F|  |TAMS 0x0000000086d00000, 0x0000000086d00000| Untracked 
| 110|0x0000000086e00000, 0x0000000086e00000, 0x0000000086f00000|  0%| F|  |TAMS 0x0000000086e00000, 0x0000000086e00000| Untracked 
| 111|0x0000000086f00000, 0x0000000086f00000, 0x0000000087000000|  0%| F|  |TAMS 0x0000000086f00000, 0x0000000086f00000| Untracked 
| 112|0x0000000087000000, 0x0000000087000000, 0x0000000087100000|  0%| F|  |TAMS 0x0000000087000000, 0x0000000087000000| Untracked 
| 113|0x0000000087100000, 0x0000000087100000, 0x0000000087200000|  0%| F|  |TAMS 0x0000000087100000, 0x0000000087100000| Untracked 
| 114|0x0000000087200000, 0x000000008727b4e0, 0x0000000087300000| 48%| S|CS|TAMS 0x0000000087200000, 0x0000000087200000| Complete 
| 115|0x0000000087300000, 0x0000000087400000, 0x0000000087400000|100%| S|CS|TAMS 0x0000000087300000, 0x0000000087300000| Complete 
| 116|0x0000000087400000, 0x0000000087500000, 0x0000000087500000|100%| S|CS|TAMS 0x0000000087400000, 0x0000000087400000| Complete 
| 117|0x0000000087500000, 0x0000000087500000, 0x0000000087600000|  0%| F|  |TAMS 0x0000000087500000, 0x0000000087500000| Untracked 
| 118|0x0000000087600000, 0x0000000087600000, 0x0000000087700000|  0%| F|  |TAMS 0x0000000087600000, 0x0000000087600000| Untracked 
| 119|0x0000000087700000, 0x0000000087700000, 0x0000000087800000|  0%| F|  |TAMS 0x0000000087700000, 0x0000000087700000| Untracked 
| 120|0x0000000087800000, 0x0000000087800000, 0x0000000087900000|  0%| F|  |TAMS 0x0000000087800000, 0x0000000087800000| Untracked 
| 121|0x0000000087900000, 0x0000000087900000, 0x0000000087a00000|  0%| F|  |TAMS 0x0000000087900000, 0x0000000087900000| Untracked 
| 122|0x0000000087a00000, 0x0000000087a00000, 0x0000000087b00000|  0%| F|  |TAMS 0x0000000087a00000, 0x0000000087a00000| Untracked 
| 123|0x0000000087b00000, 0x0000000087b00000, 0x0000000087c00000|  0%| F|  |TAMS 0x0000000087b00000, 0x0000000087b00000| Untracked 
| 124|0x0000000087c00000, 0x0000000087c00000, 0x0000000087d00000|  0%| F|  |TAMS 0x0000000087c00000, 0x0000000087c00000| Untracked 
| 125|0x0000000087d00000, 0x0000000087d00000, 0x0000000087e00000|  0%| F|  |TAMS 0x0000000087d00000, 0x0000000087d00000| Untracked 
| 126|0x0000000087e00000, 0x0000000087e00000, 0x0000000087f00000|  0%| F|  |TAMS 0x0000000087e00000, 0x0000000087e00000| Untracked 
| 127|0x0000000087f00000, 0x0000000087f00000, 0x0000000088000000|  0%| F|  |TAMS 0x0000000087f00000, 0x0000000087f00000| Untracked 

Card table byte_map: [0x000001c316e00000,0x000001c317200000] _byte_map_base: 0x000001c316a00000

Marking Bits (Prev, Next): (CMBitMap*) 0x000001c379be9748, (CMBitMap*) 0x000001c379be9780
 Prev Bits: [0x000001c317600000, 0x000001c319600000)
 Next Bits: [0x000001c319600000, 0x000001c31b600000)

Polling page: 0x000001c300000000

Metaspace:

Usage:
  Non-class:     18.33 MB capacity,    18.11 MB ( 99%) used,   180.92 KB ( <1%) free+waste,    36.19 KB ( <1%) overhead. 
      Class:      2.34 MB capacity,     2.21 MB ( 94%) used,   116.72 KB (  5%) free+waste,    16.69 KB ( <1%) overhead. 
       Both:     20.67 MB capacity,    20.32 MB ( 98%) used,   297.64 KB (  1%) free+waste,    52.88 KB ( <1%) overhead. 

Virtual space:
  Non-class space:       20.00 MB reserved,      18.42 MB ( 92%) committed 
      Class space:        1.00 GB reserved,       2.38 MB ( <1%) committed 
             Both:        1.02 GB reserved,      20.80 MB (  2%) committed 

Chunk freelists:
   Non-Class:  6.38 KB
       Class:  384 bytes
        Both:  6.75 KB

CodeHeap 'non-profiled nmethods': size=120064Kb used=636Kb max_used=636Kb free=119427Kb
 bounds [0x000001c30f0b0000, 0x000001c30f320000, 0x000001c3165f0000]
CodeHeap 'profiled nmethods': size=120000Kb used=3341Kb max_used=3341Kb free=116658Kb
 bounds [0x000001c307b80000, 0x000001c307ed0000, 0x000001c30f0b0000]
CodeHeap 'non-nmethods': size=5696Kb used=1121Kb max_used=1146Kb free=4574Kb
 bounds [0x000001c3075f0000, 0x000001c307860000, 0x000001c307b80000]
 total_blobs=2140 nmethods=1709 adapters=343
 compilation: enabled
              stopped_count=0, restarted_count=0
 full_count=0

Compilation events (10 events):
Event: 2.792 Thread 0x000001c31e403000 1709       3       sun.net.www.ParseUtil::firstEncodeIndex (86 bytes)
Event: 2.793 Thread 0x000001c31e403000 nmethod 1709 0x000001c307ec1d90 code [0x000001c307ec1fc0, 0x000001c307ec2968]
Event: 2.804 Thread 0x000001c31e403000 1711       1       java.util.logging.Logger::getName (5 bytes)
Event: 2.804 Thread 0x000001c31e403000 nmethod 1711 0x000001c30f14c810 code [0x000001c30f14c9a0, 0x000001c30f14ca58]
Event: 2.811 Thread 0x000001c31e403000 1713       1       java.security.PermissionCollection::isReadOnly (5 bytes)
Event: 2.811 Thread 0x000001c31e403000 nmethod 1713 0x000001c30f14cb10 code [0x000001c30f14cca0, 0x000001c30f14cd58]
Event: 2.812 Thread 0x000001c31da44000 nmethod 1631 0x000001c30f14ce10 code [0x000001c30f14d040, 0x000001c30f14ead0]
Event: 2.812 Thread 0x000001c31da44000 1710       4       java.util.zip.ZipFile$Source::getEntryPos (206 bytes)
Event: 2.817 Thread 0x000001c31e403000 1714       3       java.lang.invoke.MethodHandleNatives::isCallerSensitive (29 bytes)
Event: 2.818 Thread 0x000001c31e403000 nmethod 1714 0x000001c307ec2d10 code [0x000001c307ec2f00, 0x000001c307ec3468]

GC Heap History (9 events):
Event: 0.733 GC heap before
{Heap before GC invocations=0 (full 0):
 garbage-first heap   total 131072K, used 7168K [0x0000000080000000, 0x0000000100000000)
  region size 1024K, 7 young (7168K), 0 survivors (0K)
 Metaspace       used 8800K, capacity 8966K, committed 9088K, reserved 1056768K
  class space    used 802K, capacity 839K, committed 896K, reserved 1048576K
}
Event: 0.743 GC heap after
{Heap after GC invocations=1 (full 0):
 garbage-first heap   total 131072K, used 3342K [0x0000000080000000, 0x0000000100000000)
  region size 1024K, 1 young (1024K), 1 survivors (1024K)
 Metaspace       used 8800K, capacity 8966K, committed 9088K, reserved 1056768K
  class space    used 802K, capacity 839K, committed 896K, reserved 1048576K
}
Event: 1.137 GC heap before
{Heap before GC invocations=1 (full 0):
 garbage-first heap   total 131072K, used 8462K [0x0000000080000000, 0x0000000100000000)
  region size 1024K, 6 young (6144K), 1 survivors (1024K)
 Metaspace       used 10414K, capacity 10533K, committed 10880K, reserved 1058816K
  class space    used 1001K, capacity 1039K, committed 1152K, reserved 1048576K
}
Event: 1.145 GC heap after
{Heap after GC invocations=2 (full 0):
 garbage-first heap   total 131072K, used 3813K [0x0000000080000000, 0x0000000100000000)
  region size 1024K, 1 young (1024K), 1 survivors (1024K)
 Metaspace       used 10414K, capacity 10533K, committed 10880K, reserved 1058816K
  class space    used 1001K, capacity 1039K, committed 1152K, reserved 1048576K
}
Event: 1.891 GC heap before
{Heap before GC invocations=2 (full 0):
 garbage-first heap   total 131072K, used 14053K [0x0000000080000000, 0x0000000100000000)
  region size 1024K, 12 young (12288K), 1 survivors (1024K)
 Metaspace       used 14093K, capacity 14343K, committed 14464K, reserved 1062912K
  class space    used 1482K, capacity 1572K, committed 1664K, reserved 1048576K
}
Event: 1.896 GC heap after
{Heap after GC invocations=3 (full 0):
 garbage-first heap   total 131072K, used 4751K [0x0000000080000000, 0x0000000100000000)
  region size 1024K, 2 young (2048K), 2 survivors (2048K)
 Metaspace       used 14093K, capacity 14343K, committed 14464K, reserved 1062912K
  class space    used 1482K, capacity 1572K, committed 1664K, reserved 1048576K
}
Event: 2.451 GC heap before
{Heap before GC invocations=3 (full 0):
 garbage-first heap   total 131072K, used 24207K [0x0000000080000000, 0x0000000100000000)
  region size 1024K, 21 young (21504K), 2 survivors (2048K)
 Metaspace       used 18442K, capacity 18755K, committed 18816K, reserved 1067008K
  class space    used 2012K, capacity 2128K, committed 2176K, reserved 1048576K
}
Event: 2.458 GC heap after
{Heap after GC invocations=4 (full 0):
 garbage-first heap   total 131072K, used 5389K [0x0000000080000000, 0x0000000100000000)
  region size 1024K, 2 young (2048K), 2 survivors (2048K)
 Metaspace       used 18442K, capacity 18755K, committed 18816K, reserved 1067008K
  class space    used 2012K, capacity 2128K, committed 2176K, reserved 1048576K
}
Event: 2.834 GC heap before
{Heap before GC invocations=4 (full 0):
 garbage-first heap   total 131072K, used 15629K [0x0000000080000000, 0x0000000100000000)
  region size 1024K, 13 young (13312K), 2 survivors (2048K)
 Metaspace       used 20811K, capacity 21162K, committed 21296K, reserved 1069056K
  class space    used 2263K, capacity 2397K, committed 2432K, reserved 1048576K
}

Deoptimization events (10 events):
Event: 2.358 Thread 0x000001c379bac000 Uncommon trap: reason=bimorphic_or_optimized_type_check action=maybe_recompile pc=0x000001c30f13018c method=java.util.HashMap.putVal(ILjava/lang/Object;Ljava/lang/Object;ZZ)Ljava/lang/Object; @ 253 c2
Event: 2.512 Thread 0x000001c379bac000 Uncommon trap: reason=unstable_if action=reinterpret pc=0x000001c30f1030f8 method=java.io.WinNTFileSystem.normalize(Ljava/lang/String;)Ljava/lang/String; @ 128 c2
Event: 2.513 Thread 0x000001c379bac000 Uncommon trap: reason=unstable_if action=reinterpret pc=0x000001c30f0dbaec method=java.util.zip.ZipFile$Source.getEntryPos([BZ)I @ 156 c2
Event: 2.521 Thread 0x000001c379bac000 Uncommon trap: reason=bimorphic_or_optimized_type_check action=maybe_recompile pc=0x000001c30f11ae18 method=java.util.regex.Pattern$Start.match(Ljava/util/regex/Matcher;ILjava/lang/CharSequence;)Z @ 44 c2
Event: 2.521 Thread 0x000001c379bac000 Uncommon trap: reason=bimorphic_or_optimized_type_check action=maybe_recompile pc=0x000001c30f11ae18 method=java.util.regex.Pattern$Start.match(Ljava/util/regex/Matcher;ILjava/lang/CharSequence;)Z @ 44 c2
Event: 2.521 Thread 0x000001c379bac000 Uncommon trap: reason=bimorphic_or_optimized_type_check action=maybe_recompile pc=0x000001c30f11ae18 method=java.util.regex.Pattern$Start.match(Ljava/util/regex/Matcher;ILjava/lang/CharSequence;)Z @ 44 c2
Event: 2.522 Thread 0x000001c379bac000 Uncommon trap: reason=bimorphic_or_optimized_type_check action=maybe_recompile pc=0x000001c30f11ae18 method=java.util.regex.Pattern$Start.match(Ljava/util/regex/Matcher;ILjava/lang/CharSequence;)Z @ 44 c2
Event: 2.778 Thread 0x000001c31ef35800 Uncommon trap: reason=unstable_if action=reinterpret pc=0x000001c30f108550 method=java.util.Properties$LineReader.readLine()I @ 25 c2
Event: 2.786 Thread 0x000001c31ef35800 Uncommon trap: reason=unstable_if action=reinterpret pc=0x000001c30f11551c method=java.nio.Buffer.position(I)Ljava/nio/Buffer; @ 37 c2
Event: 2.787 Thread 0x000001c31ef35800 Uncommon trap: reason=unstable_if action=reinterpret pc=0x000001c30f106204 method=sun.net.www.ParseUtil.firstEncodeIndex(Ljava/lang/String;)I @ 51 c2

Classes redefined (0 events):
No events

Internal exceptions (10 events):
Event: 2.041 Thread 0x000001c31ef35800 Exception <a 'java/lang/NoSuchMethodError'{0x0000000087b1a378}: java.lang.invoke.DelegatingMethodHandle$Holder.reinvoke_L(Ljava/lang/Object;IILjava/lang/Object;Ljava/lang/Object;Ljava/lang/Object;)Ljava/lang/Object;> (0x0000000087b1a378) thrown at [./open
Event: 2.042 Thread 0x000001c31ef35800 Exception <a 'java/lang/NoSuchMethodError'{0x0000000087b1e458}: java.lang.invoke.DirectMethodHandle$Holder.invokeStatic(Ljava/lang/Object;Ljava/lang/Object;Ljava/lang/Object;Ljava/lang/Object;I)Ljava/lang/Object;> (0x0000000087b1e458) thrown at [./open/sr
Event: 2.209 Thread 0x000001c379bac000 Exception <a 'java/lang/NoSuchMethodError'{0x0000000087620c60}: org.slf4j.impl.StaticMDCBinder.getSingleton()Lorg/slf4j/impl/StaticMDCBinder;> (0x0000000087620c60) thrown at [./open/src/hotspot/share/interpreter/linkResolver.cpp, line 772]
Event: 2.468 Thread 0x000001c379bac000 Exception <a 'java/lang/ClassNotFoundException'{0x0000000087f15108}: java/lang/ObjectCustomizer> (0x0000000087f15108) thrown at [./open/src/hotspot/share/classfile/systemDictionary.cpp, line 226]
Event: 2.469 Thread 0x000001c379bac000 Exception <a 'java/lang/ClassNotFoundException'{0x0000000087f1f6a0}: org/springframework/context/annotation/ConfigurationClassPostProcessorCustomizer> (0x0000000087f1f6a0) thrown at [./open/src/hotspot/share/classfile/systemDictionary.cpp, line 226]
Event: 2.474 Thread 0x000001c379bac000 Exception <a 'java/lang/ClassNotFoundException'{0x0000000087f36678}: org/springframework/beans/factory/support/BeanDefinitionRegistryPostProcessorCustomizer> (0x0000000087f36678) thrown at [./open/src/hotspot/share/classfile/systemDictionary.cpp, line 226
Event: 2.475 Thread 0x000001c379bac000 Exception <a 'java/lang/ClassNotFoundException'{0x0000000087f3d3e8}: org/springframework/core/PriorityOrderedCustomizer> (0x0000000087f3d3e8) thrown at [./open/src/hotspot/share/classfile/systemDictionary.cpp, line 226]
Event: 2.475 Thread 0x000001c379bac000 Exception <a 'java/lang/ClassNotFoundException'{0x0000000087f436e8}: org/springframework/context/ResourceLoaderAwareCustomizer> (0x0000000087f436e8) thrown at [./open/src/hotspot/share/classfile/systemDictionary.cpp, line 226]
Event: 2.477 Thread 0x000001c379bac000 Exception <a 'java/lang/ClassNotFoundException'{0x0000000087f4b188}: org/springframework/beans/factory/BeanClassLoaderAwareCustomizer> (0x0000000087f4b188) thrown at [./open/src/hotspot/share/classfile/systemDictionary.cpp, line 226]
Event: 2.478 Thread 0x000001c379bac000 Exception <a 'java/lang/ClassNotFoundException'{0x0000000087f52610}: org/springframework/context/EnvironmentAwareCustomizer> (0x0000000087f52610) thrown at [./open/src/hotspot/share/classfile/systemDictionary.cpp, line 226]

Events (10 events):
Event: 2.833 loading class com/sun/org/apache/xerces/internal/xni/parser/XMLDTDContentModelSource
Event: 2.833 loading class com/sun/org/apache/xerces/internal/xni/parser/XMLDTDContentModelSource done
Event: 2.833 loading class com/sun/org/apache/xerces/internal/xni/parser/XMLDTDScanner done
Event: 2.833 loading class com/sun/org/apache/xerces/internal/impl/XMLDTDScannerImpl done
Event: 2.833 loading class com/sun/org/apache/xerces/internal/impl/dtd/XMLDTDProcessor
Event: 2.834 loading class com/sun/org/apache/xerces/internal/xni/parser/XMLDTDFilter
Event: 2.834 loading class com/sun/org/apache/xerces/internal/xni/parser/XMLDTDFilter done
Event: 2.834 loading class com/sun/org/apache/xerces/internal/xni/parser/XMLDTDContentModelFilter
Event: 2.834 loading class com/sun/org/apache/xerces/internal/xni/parser/XMLDTDContentModelFilter done
Event: 2.834 Executing VM operation: CollectForMetadataAllocation


Dynamic libraries:
0x00007ff61fc30000 - 0x00007ff61fc3f000 	C:\Program Files\Java\jdk-11.0.15\bin\java.exe
0x00007ff9b99d0000 - 0x00007ff9b9bc8000 	C:\Windows\SYSTEM32\ntdll.dll
0x00007ff9b81e0000 - 0x00007ff9b829d000 	C:\Windows\System32\KERNEL32.DLL
0x00007ff9b70f0000 - 0x00007ff9b73be000 	C:\Windows\System32\KERNELBASE.dll
0x00007ff9b73f0000 - 0x00007ff9b74f0000 	C:\Windows\System32\ucrtbase.dll
0x00007ff9a38a0000 - 0x00007ff9a38b8000 	C:\Program Files\Java\jdk-11.0.15\bin\jli.dll
0x00007ff9b9590000 - 0x00007ff9b963e000 	C:\Windows\System32\ADVAPI32.dll
0x00007ff9b9640000 - 0x00007ff9b96de000 	C:\Windows\System32\msvcrt.dll
0x00007ff9b8fc0000 - 0x00007ff9b905c000 	C:\Windows\System32\sechost.dll
0x00007ff9b9290000 - 0x00007ff9b93b5000 	C:\Windows\System32\RPCRT4.dll
0x00007ff9b9740000 - 0x00007ff9b98e0000 	C:\Windows\System32\USER32.dll
0x00007ff9b7960000 - 0x00007ff9b7982000 	C:\Windows\System32\win32u.dll
0x00007ff9b8ed0000 - 0x00007ff9b8efa000 	C:\Windows\System32\GDI32.dll
0x00007ff9b75d0000 - 0x00007ff9b76db000 	C:\Windows\System32\gdi32full.dll
0x00007ff9b7990000 - 0x00007ff9b7a2d000 	C:\Windows\System32\msvcp_win.dll
0x00007ff9a3880000 - 0x00007ff9a3895000 	C:\Program Files\Java\jdk-11.0.15\bin\VCRUNTIME140.dll
0x00007ff9a35e0000 - 0x00007ff9a387a000 	C:\Windows\WinSxS\amd64_microsoft.windows.common-controls_6595b64144ccf1df_6.0.19041.1110_none_60b5254171f9507e\COMCTL32.dll
0x00007ff9af150000 - 0x00007ff9af15a000 	C:\Windows\SYSTEM32\VERSION.dll
0x00007ff9b7cb0000 - 0x00007ff9b7ce0000 	C:\Windows\System32\IMM32.DLL
0x00007ff9a3540000 - 0x00007ff9a35db000 	C:\Program Files\Java\jdk-11.0.15\bin\msvcp140.dll
0x00007ff9a2a20000 - 0x00007ff9a3536000 	C:\Program Files\Java\jdk-11.0.15\bin\server\jvm.dll
0x00007ff9b8fb0000 - 0x00007ff9b8fb8000 	C:\Windows\System32\PSAPI.DLL
0x00007ff9a5100000 - 0x00007ff9a5109000 	C:\Windows\SYSTEM32\WSOCK32.dll
0x00007ff9b8e60000 - 0x00007ff9b8ecb000 	C:\Windows\System32\WS2_32.dll
0x00007ff9aa7a0000 - 0x00007ff9aa7c7000 	C:\Windows\SYSTEM32\WINMM.dll
0x00007ff9b4fd0000 - 0x00007ff9b4fe2000 	C:\Windows\SYSTEM32\kernel.appcore.dll
0x00007ff9a2600000 - 0x00007ff9a2610000 	C:\Program Files\Java\jdk-11.0.15\bin\verify.dll
0x00007ff9aa820000 - 0x00007ff9aaa04000 	C:\Windows\SYSTEM32\DBGHELP.DLL
0x00007ff9aa6b0000 - 0x00007ff9aa6dc000 	C:\Windows\SYSTEM32\dbgcore.DLL
0x00007ff9b7540000 - 0x00007ff9b75c2000 	C:\Windows\System32\bcryptPrimitives.dll
0x00007ff9a25d0000 - 0x00007ff9a25f8000 	C:\Program Files\Java\jdk-11.0.15\bin\java.dll
0x00007ff9a25c0000 - 0x00007ff9a25ca000 	C:\Program Files\Java\jdk-11.0.15\bin\jimage.dll
0x00007ff9b2ab0000 - 0x00007ff9b2abe000 	C:\Program Files\Java\jdk-11.0.15\bin\instrument.dll
0x00007ff9a25a0000 - 0x00007ff9a25b6000 	C:\Program Files\Java\jdk-11.0.15\bin\zip.dll
0x00007ff9b82a0000 - 0x00007ff9b89e4000 	C:\Windows\System32\SHELL32.dll
0x00007ff9b51d0000 - 0x00007ff9b5964000 	C:\Windows\SYSTEM32\windows.storage.dll
0x00007ff9b7d40000 - 0x00007ff9b8094000 	C:\Windows\System32\combase.dll
0x00007ff9b69a0000 - 0x00007ff9b69d0000 	C:\Windows\SYSTEM32\Wldp.dll
0x00007ff9b8f00000 - 0x00007ff9b8fad000 	C:\Windows\System32\SHCORE.dll
0x00007ff9b93c0000 - 0x00007ff9b9415000 	C:\Windows\System32\shlwapi.dll
0x00007ff9b7030000 - 0x00007ff9b704f000 	C:\Windows\SYSTEM32\profapi.dll
0x00007ff9a2170000 - 0x00007ff9a2189000 	C:\Program Files\Java\jdk-11.0.15\bin\net.dll
0x00007ff9aec80000 - 0x00007ff9aed8a000 	C:\Windows\SYSTEM32\WINHTTP.dll
0x00007ff9b6780000 - 0x00007ff9b67ea000 	C:\Windows\system32\mswsock.dll
0x00007ff9a2150000 - 0x00007ff9a2162000 	C:\Program Files\Java\jdk-11.0.15\bin\nio.dll
0x00007ff99e030000 - 0x00007ff99e04a000 	C:\Program Files\JetBrains\IntelliJ IDEA Community Edition 2022.2.1\bin\breakgen64.dll
0x00007ff9a0c30000 - 0x00007ff9a0c39000 	C:\Program Files\Java\jdk-11.0.15\bin\management.dll
0x00007ff9a0c20000 - 0x00007ff9a0c2b000 	C:\Program Files\Java\jdk-11.0.15\bin\management_ext.dll
0x00007ff9a5110000 - 0x00007ff9a5127000 	C:\Windows\system32\napinsp.dll
0x00007ff9a4820000 - 0x00007ff9a483b000 	C:\Windows\system32\pnrpnsp.dll
0x00007ff9a4800000 - 0x00007ff9a4815000 	C:\Windows\system32\wshbth.dll
0x00007ff9b2a90000 - 0x00007ff9b2aad000 	C:\Windows\system32\NLAapi.dll
0x00007ff9b6490000 - 0x00007ff9b64cb000 	C:\Windows\SYSTEM32\IPHLPAPI.DLL
0x00007ff9b6530000 - 0x00007ff9b65fa000 	C:\Windows\SYSTEM32\DNSAPI.dll
0x00007ff9b7a30000 - 0x00007ff9b7a38000 	C:\Windows\System32\NSI.dll
0x00007ff9a47e0000 - 0x00007ff9a47f2000 	C:\Windows\System32\winrnr.dll
0x00007ff9ae8e0000 - 0x00007ff9ae8ea000 	C:\Windows\System32\rasadhlp.dll
0x00007ff9aeba0000 - 0x00007ff9aec20000 	C:\Windows\System32\fwpuclnt.dll
0x00007ff9b73c0000 - 0x00007ff9b73e7000 	C:\Windows\System32\bcrypt.dll

dbghelp: loaded successfully - version: 4.0.5 - missing functions: none
symbol engine: initialized successfully - sym options: 0x614 - pdb path: .;C:\Program Files\Java\jdk-11.0.15\bin;C:\Windows\SYSTEM32;C:\Windows\WinSxS\amd64_microsoft.windows.common-controls_6595b64144ccf1df_6.0.19041.1110_none_60b5254171f9507e;C:\Program Files\Java\jdk-11.0.15\bin\server;C:\Program Files\JetBrains\IntelliJ IDEA Community Edition 2022.2.1\bin

VM Arguments:
jvm_args: -javaagent:C:\Program Files\JetBrains\IntelliJ IDEA Community Edition 2022.2.1\lib\idea_rt.jar=53050:C:\Program Files\JetBrains\IntelliJ IDEA Community Edition 2022.2.1\bin -Dfile.encoding=UTF-8 
java_command: com.training.messaging.inmemoryactivemqexample.InmemoryActivemqExampleApplication
java_class_path (initial): C:\Users\sfjbs\Downloads\spring_boot_activemq-main\spring_boot_activemq-main\inmemory-spring-boot-activemq\target\classes;C:\Users\sfjbs\.m2\repository\org\springframework\boot\spring-boot-starter-activemq\1.5.6.RELEASE\spring-boot-starter-activemq-1.5.6.RELEASE.jar;C:\Users\sfjbs\.m2\repository\org\springframework\boot\spring-boot-starter\1.5.6.RELEASE\spring-boot-starter-1.5.6.RELEASE.jar;C:\Users\sfjbs\.m2\repository\org\springframework\boot\spring-boot\1.5.6.RELEASE\spring-boot-1.5.6.RELEASE.jar;C:\Users\sfjbs\.m2\repository\org\springframework\boot\spring-boot-autoconfigure\1.5.6.RELEASE\spring-boot-autoconfigure-1.5.6.RELEASE.jar;C:\Users\sfjbs\.m2\repository\org\springframework\boot\spring-boot-starter-logging\1.5.6.RELEASE\spring-boot-starter-logging-1.5.6.RELEASE.jar;C:\Users\sfjbs\.m2\repository\ch\qos\logback\logback-classic\1.1.11\logback-classic-1.1.11.jar;C:\Users\sfjbs\.m2\repository\ch\qos\logback\logback-core\1.1.11\logback-core-1.1.11.jar;C:\Users\sfjbs\.m2\repository\org\slf4j\jcl-over-slf4j\1.7.25\jcl-over-slf4j-1.7.25.jar;C:\Users\sfjbs\.m2\repository\org\slf4j\jul-to-slf4j\1.7.25\jul-to-slf4j-1.7.25.jar;C:\Users\sfjbs\.m2\repository\org\slf4j\log4j-over-slf4j\1.7.25\log4j-over-slf4j-1.7.25.jar;C:\Users\sfjbs\.m2\repository\org\yaml\snakeyaml\1.17\snakeyaml-1.17.jar;C:\Users\sfjbs\.m2\repository\org\springframework\spring-jms\4.3.10.RELEASE\spring-jms-4.3.10.RELEASE.jar;C:\Users\sfjbs\.m2\repository\org\springframework\spring-aop\4.3.10.RELEASE\spring-aop-4.3.10.RELEASE.jar;C:\Users\sfjbs\.m2\repository\org\springframework\spring-beans\4.3.10.RELEASE\spring-beans-4.3.10.RELEASE.jar;C:\Users\sfjbs\.m2\repository\org\springframework\spring-context\4.3.10.RELEASE\spring-context-4.3.10.RELEASE.jar;C:\Users\sfjbs\.m2\repository\org\springframework\spring-messaging\4.3.10.RELEASE\spring-messaging-4.3.10.RELEASE.jar;C:\Users\sfjbs\.m2\repository\org\springframework\spring-tx\4.3.10.RELEASE\spring-tx-4.3.10.RELEASE.jar;C:\Us
Launcher Type: SUN_STANDARD

[Global flags]
     intx CICompilerCount                          = 2                                         {product} {ergonomic}
     uint ConcGCThreads                            = 1                                         {product} {ergonomic}
     uint G1ConcRefinementThreads                  = 2                                         {product} {ergonomic}
   size_t G1HeapRegionSize                         = 1048576                                   {product} {ergonomic}
    uintx GCDrainStackTargetSize                   = 64                                        {product} {ergonomic}
   size_t InitialHeapSize                          = 134217728                                 {product} {ergonomic}
   size_t MarkStackSize                            = 4194304                                   {product} {ergonomic}
   size_t MaxHeapSize                              = 2147483648                                {product} {ergonomic}
   size_t MaxNewSize                               = 1287651328                                {product} {ergonomic}
   size_t MinHeapDeltaBytes                        = 1048576                                   {product} {ergonomic}
    uintx NonNMethodCodeHeapSize                   = 5825164                                {pd product} {ergonomic}
    uintx NonProfiledCodeHeapSize                  = 122916538                              {pd product} {ergonomic}
    uintx ProfiledCodeHeapSize                     = 122916538                              {pd product} {ergonomic}
    uintx ReservedCodeCacheSize                    = 251658240                              {pd product} {ergonomic}
     bool SegmentedCodeCache                       = true                                      {product} {ergonomic}
     bool UseCompressedClassPointers               = true                                 {lp64_product} {ergonomic}
     bool UseCompressedOops                        = true                                 {lp64_product} {ergonomic}
     bool UseG1GC                                  = true                                      {product} {ergonomic}
     bool UseLargePagesIndividualAllocation        = false                                  {pd product} {ergonomic}

Logging:
Log output configuration:
 #0: stdout all=warning uptime,level,tags
 #1: stderr all=off uptime,level,tags

Environment Variables:
PATH=C:\Program Files\Common Files\Oracle\Java\javapath;C:\Windows\system32;C:\Windows;C:\Windows\System32\Wbem;C:\Windows\System32\WindowsPowerShell\v1.0\;C:\Windows\System32\OpenSSH\;C:\Program Files\PuTTY\;C:\Program Files\Git\cmd;C:\Program Files\Docker\Docker\resources\bin;C:\ProgramData\DockerDesktop\version-bin;C:\Users\sfjbs\Downloads\apache-maven-3.8.6-bin\apache-maven-3.8.6\bin;C:\Users\sfjbs\Downloads\apache-maven-3.8.6-bin\apache-maven-3.8.6\lib;C:\Users\sfjbs\AppData\Local\Microsoft\WindowsApps;C:\Program Files\JetBrains\IntelliJ IDEA Community Edition 2022.2.1\bin;;C:\Users\sfjbs\Downloads\apache-maven-3.8.6-bin\apache-maven-3.8.6\bin;C:\Users\sfjbs\Downloads\apache-maven-3.8.6-bin\apache-maven-3.8.6\lib;
USERNAME=sfjbs
OS=Windows_NT
PROCESSOR_IDENTIFIER=Intel64 Family 6 Model 85 Stepping 7, GenuineIntel



---------------  S Y S T E M  ---------------

OS: Windows 10 , 64 bit Build 19041 (10.0.19041.1889)
Hyper-V role detected

CPU:total 2 (initial active 2) (1 cores per cpu, 2 threads per core) family 6 model 85 stepping 7 microcode 0xffffffff, cmov, cx8, fxsr, mmx, sse, sse2, sse3, ssse3, sse4.1, sse4.2, popcnt, avx, avx2, aes, clmul, erms, rtm, 3dnowpref, lzcnt, ht, tsc, bmi1, bmi2, adx, evex, fma

Memory: 4k page, system-wide physical 8190M (841M free)
TotalPageFile size 10238M (AvailPageFile size 14M)
current process WorkingSet (physical memory assigned to process): 95M, peak: 95M
current process commit charge ("private bytes"): 225M, peak: 251M

vm_info: Java HotSpot(TM) 64-Bit Server VM (11.0.15+8-LTS-149) for windows-amd64 JRE (11.0.15+8-LTS-149), built on Mar  9 2022 22:42:32 by "mach5one" with MS VC++ 15.9 (VS2017)

END.
