#
# A fatal error has been detected by the Java Runtime Environment:
#
#  EXCEPTION_ACCESS_VIOLATION (0xc0000005) at pc=0x00007ff9a2d82d67, pid=1292, tid=6956
#
# JRE version: Java(TM) SE Runtime Environment 18.9 (11.0.15+8) (build 11.0.15+8-LTS-149)
# Java VM: Java HotSpot(TM) 64-Bit Server VM 18.9 (11.0.15+8-LTS-149, mixed mode, tiered, compressed oops, g1 gc, windows-amd64)
# Problematic frame:
# V  [jvm.dll+0x362d67]
#
# No core dump will be written. Minidumps are not enabled by default on client versions of Windows
#
# If you would like to submit a bug report, please visit:
#   https://bugreport.java.com/bugreport/crash.jsp
#

---------------  S U M M A R Y ------------

Command Line: -javaagent:C:\Program Files\JetBrains\IntelliJ IDEA Community Edition 2022.2.1\lib\idea_rt.jar=58471:C:\Program Files\JetBrains\IntelliJ IDEA Community Edition 2022.2.1\bin -Dfile.encoding=UTF-8 com.training.messaging.inmemoryactivemqexample.InmemoryActivemqExampleApplication

Host: Intel(R) Xeon(R) Platinum 8272CL CPU @ 2.60GHz, 2 cores, 7G,  Windows 10 , 64 bit Build 19041 (10.0.19041.1889)
Time: Mon Sep  5 04:54:14 2022 Coordinated Universal Time elapsed time: 2710.631867 seconds (0d 0h 45m 10s)

---------------  T H R E A D  ---------------

Current thread (0x00000219c32e7000):  JavaThread "ActiveMQ BrokerService[localhost] Task-73" daemon [_thread_in_vm, id=6956, stack(0x000000f778c00000,0x000000f778d00000)]

Stack: [0x000000f778c00000,0x000000f778d00000],  sp=0x000000f778cff6c0,  free space=1021k
Native frames: (J=compiled Java code, j=interpreted, Vv=VM code, C=native code)
V  [jvm.dll+0x362d67]
V  [jvm.dll+0x629cb2]
V  [jvm.dll+0x36382a]
V  [jvm.dll+0x363ab7]
V  [jvm.dll+0x3dcbe1]
V  [jvm.dll+0x729820]
V  [jvm.dll+0x7223f4]
