#
# There is insufficient memory for the Java Runtime Environment to continue.
# Native memory allocation (malloc) failed to allocate 645200 bytes for Chunk::new
# Possible reasons:
#   The system is out of physical RAM or swap space
#   The process is running with CompressedOops enabled, and the Java Heap may be blocking the growth of the native heap
# Possible solutions:
#   Reduce memory load on the system
#   Increase physical memory or swap space
#   Check if swap backing store is full
#   Decrease Java heap size (-Xmx/-Xms)
#   Decrease number of Java threads
#   Decrease Java thread stack sizes (-Xss)
#   Set larger code cache with -XX:ReservedCodeCacheSize=
#   JVM is running with Unscaled Compressed Oops mode in which the Java heap is
#     placed in the first 4GB address space. The Java Heap base address is the
#     maximum limit for the native heap growth. Please use -XX:HeapBaseMinAddress
#     to set the Java Heap base and to place the Java Heap above 4GB virtual address.
# This output file may be truncated or incomplete.
#
#  Out of Memory Error (./open/src/hotspot/share/memory/arena.cpp:197), pid=8532, tid=8992
#
# JRE version: Java(TM) SE Runtime Environment 18.9 (11.0.15+8) (build 11.0.15+8-LTS-149)
# Java VM: Java HotSpot(TM) 64-Bit Server VM 18.9 (11.0.15+8-LTS-149, mixed mode, tiered, compressed oops, g1 gc, windows-amd64)
# No core dump will be written. Minidumps are not enabled by default on client versions of Windows
#

---------------  S U M M A R Y ------------

Command Line: -javaagent:C:\Program Files\JetBrains\IntelliJ IDEA Community Edition 2022.2.1\lib\idea_rt.jar=57623:C:\Program Files\JetBrains\IntelliJ IDEA Community Edition 2022.2.1\bin -Dfile.encoding=UTF-8 com.training.activemq.SpringMain

Host: Intel(R) Xeon(R) Platinum 8272CL CPU @ 2.60GHz, 2 cores, 7G,  Windows 10 , 64 bit Build 19041 (10.0.19041.1889)
Time: Mon Sep  5 05:27:04 2022 Coordinated Universal Time elapsed time: 5390.915630 seconds (0d 1h 29m 50s)

---------------  T H R E A D  ---------------

Current thread (0x0000013228475000):  JavaThread "C2 CompilerThread0" daemon [_thread_in_native, id=8992, stack(0x0000002386000000,0x0000002386100000)]


Current CompileTask:
C2:5390915 4405       4       java.text.SimpleDateFormat::subFormat (1260 bytes)

Stack: [0x0000002386000000,0x0000002386100000]
Native frames: (J=compiled Java code, j=interpreted, Vv=VM code, C=native code)
V  [jvm.dll+0x629d8a]
V  [jvm.dll+0x7638ff]
V  [jvm.dll+0x764fa9]
V  [jvm.dll+0x765633]
V  [jvm.dll+0x23d9c8]
V  [jvm.dll+0xb2a1c]
V  [jvm.dll+0xb2fdc]
V  [jvm.dll+0x1f7dd7]
V  [jvm.dll+0x5c0195]
V  [jvm.dll+0x5bf04e]
V  [jvm.dll+0x1f8407]
V  [jvm.dll+0x1f774d]
V  [jvm.dll+0x177c51]
V  [jvm.dll+0x207026]
V  [jvm.dll+0x2051bb]
V  [jvm.dll+0x729820]
V  [jvm.dll+0x7223f4]
V  [jvm.dll+0x628c26]
C  [ucrtbase.dll+0x21bb2]
C  [KERNEL32.DLL+0x17034]
C  [ntdll.dll+0x52651]


---------------  P R O C E S S  ---------------

Threads class SMR info:
_java_thread_list=0x000001322a1e9c40, length=17, elements={
0x0000013228451800, 0x000001322845b000, 0x0000013228df2800, 0x000001322846f800,
0x0000013228472800, 0x0000013228475000, 0x0000013228e18000, 0x0000013228e2b000,
0x0000013228f22800, 0x000001322a3cd000, 0x000001322aade800, 0x000001322a793800,
0x000001322c966000, 0x000001322a6da800, 0x000001322d19e000, 0x000001322a327000,
0x00000132091b1000
}

Java Threads: ( => current thread )
  0x0000013228451800 JavaThread "Reference Handler" daemon [_thread_blocked, id=10592, stack(0x0000002385b00000,0x0000002385c00000)]
  0x000001322845b000 JavaThread "Finalizer" daemon [_thread_blocked, id=10564, stack(0x0000002385c00000,0x0000002385d00000)]
  0x0000013228df2800 JavaThread "Signal Dispatcher" daemon [_thread_blocked, id=11956, stack(0x0000002385d00000,0x0000002385e00000)]
  0x000001322846f800 JavaThread "Attach Listener" daemon [_thread_blocked, id=4464, stack(0x0000002385e00000,0x0000002385f00000)]
  0x0000013228472800 JavaThread "Service Thread" daemon [_thread_blocked, id=2076, stack(0x0000002385f00000,0x0000002386000000)]
=>0x0000013228475000 JavaThread "C2 CompilerThread0" daemon [_thread_in_native, id=8992, stack(0x0000002386000000,0x0000002386100000)]
  0x0000013228e18000 JavaThread "C1 CompilerThread0" daemon [_thread_blocked, id=1756, stack(0x0000002386100000,0x0000002386200000)]
  0x0000013228e2b000 JavaThread "Sweeper thread" daemon [_thread_blocked, id=7896, stack(0x0000002386200000,0x0000002386300000)]
  0x0000013228f22800 JavaThread "Common-Cleaner" daemon [_thread_blocked, id=10388, stack(0x0000002386300000,0x0000002386400000)]
  0x000001322a3cd000 JavaThread "Catalina-utility-1" [_thread_blocked, id=11608, stack(0x0000002386700000,0x0000002386800000)]
  0x000001322aade800 JavaThread "Catalina-utility-2" [_thread_blocked, id=7264, stack(0x0000002386800000,0x0000002386900000)]
  0x000001322a793800 JavaThread "container-0" [_thread_blocked, id=4844, stack(0x0000002386900000,0x0000002386a00000)]
  0x000001322c966000 JavaThread "http-nio-9092-Poller" daemon [_thread_in_native, id=9584, stack(0x0000002386a00000,0x0000002386b00000)]
  0x000001322a6da800 JavaThread "http-nio-9092-Acceptor" daemon [_thread_in_native, id=8556, stack(0x0000002386b00000,0x0000002386c00000)]
  0x000001322d19e000 JavaThread "ActiveMQ InactivityMonitor ReadCheckTimer" daemon [_thread_blocked, id=7296, stack(0x0000002386c00000,0x0000002386d00000)]
  0x000001322a327000 JavaThread "org.springframework.jms.JmsListenerEndpointContainer#0-1" [_thread_blocked, id=100, stack(0x0000002386e00000,0x0000002386f00000)]
  0x00000132091b1000 JavaThread "DestroyJavaVM" [_thread_blocked, id=1744, stack(0x0000002385300000,0x0000002385400000)]

Other Threads:
  0x0000013228450800 VMThread "VM Thread" [stack: 0x0000002385a00000,0x0000002385b00000] [id=8984]
  0x000001322910f800 WatcherThread [stack: 0x0000002386500000,0x0000002386600000] [id=6212]
  0x00000132091c6800 GCTaskThread "GC Thread#0" [stack: 0x0000002385500000,0x0000002385600000] [id=12224]
  0x00000132297d5000 GCTaskThread "GC Thread#1" [stack: 0x0000002386600000,0x0000002386700000] [id=11728]
  0x00000132091f2000 ConcurrentGCThread "G1 Main Marker" [stack: 0x0000002385600000,0x0000002385700000] [id=7236]
  0x00000132091f4800 ConcurrentGCThread "G1 Conc#0" [stack: 0x0000002385700000,0x0000002385800000] [id=8508]
  0x000001320927d000 ConcurrentGCThread "G1 Refine#0" [stack: 0x0000002385800000,0x0000002385900000] [id=4408]
  0x000001320927e000 ConcurrentGCThread "G1 Young RemSet Sampling" [stack: 0x0000002385900000,0x0000002385a00000] [id=4352]

Threads with active compile tasks:
C2 CompilerThread05390959 4405       4       java.text.SimpleDateFormat::subFormat (1260 bytes)

VM state:not at safepoint (normal execution)

VM Mutex/Monitor currently owned by a thread: None

Heap address: 0x0000000080000000, size: 2048 MB, Compressed Oops mode: 32-bit
Narrow klass base: 0x0000000000000000, Narrow klass shift: 3
Compressed class space size: 1073741824 Address: 0x0000000100000000

Heap:
 garbage-first heap   total 197632K, used 56735K [0x0000000080000000, 0x0000000100000000)
  region size 1024K, 47 young (48128K), 3 survivors (3072K)
 Metaspace       used 38306K, capacity 39361K, committed 39552K, reserved 1083392K
  class space    used 4433K, capacity 4892K, committed 4992K, reserved 1048576K
Heap Regions: E=young(eden), S=young(survivor), O=old, HS=humongous(starts), HC=humongous(continues), CS=collection set, F=free, A=archive, TAMS=top-at-mark-start (previous, next)
|   0|0x0000000080000000, 0x0000000080100000, 0x0000000080100000|100%| O|  |TAMS 0x0000000080100000, 0x0000000080000000| Untracked 
|   1|0x0000000080100000, 0x0000000080200000, 0x0000000080200000|100%| O|  |TAMS 0x0000000080200000, 0x0000000080100000| Untracked 
|   2|0x0000000080200000, 0x0000000080300000, 0x0000000080300000|100%| O|  |TAMS 0x0000000080300000, 0x0000000080200000| Untracked 
|   3|0x0000000080300000, 0x0000000080400000, 0x0000000080400000|100%| O|  |TAMS 0x0000000080400000, 0x0000000080300000| Untracked 
|   4|0x0000000080400000, 0x0000000080500000, 0x0000000080500000|100%| O|  |TAMS 0x0000000080500000, 0x0000000080400000| Untracked 
|   5|0x0000000080500000, 0x0000000080600000, 0x0000000080600000|100%| O|  |TAMS 0x0000000080600000, 0x0000000080500000| Untracked 
|   6|0x0000000080600000, 0x0000000080700000, 0x0000000080700000|100%| O|  |TAMS 0x0000000080632c00, 0x0000000080600000| Untracked 
|   7|0x0000000080700000, 0x0000000080800000, 0x0000000080800000|100%| O|  |TAMS 0x0000000080700000, 0x0000000080700000| Untracked 
|   8|0x0000000080800000, 0x0000000080900000, 0x0000000080900000|100%| O|  |TAMS 0x0000000080800000, 0x0000000080800000| Untracked 
|   9|0x0000000080900000, 0x0000000080a00000, 0x0000000080a00000|100%| O|  |TAMS 0x0000000080900000, 0x0000000080900000| Untracked 
|  10|0x0000000080a00000, 0x0000000080a1e200, 0x0000000080b00000| 11%| O|  |TAMS 0x0000000080a00000, 0x0000000080a00000| Untracked 
|  11|0x0000000080b00000, 0x0000000080b00000, 0x0000000080c00000|  0%| F|  |TAMS 0x0000000080b00000, 0x0000000080b00000| Untracked 
|  12|0x0000000080c00000, 0x0000000080c00000, 0x0000000080d00000|  0%| F|  |TAMS 0x0000000080c00000, 0x0000000080c00000| Untracked 
|  13|0x0000000080d00000, 0x0000000080d00000, 0x0000000080e00000|  0%| F|  |TAMS 0x0000000080d00000, 0x0000000080d00000| Untracked 
|  14|0x0000000080e00000, 0x0000000080e00000, 0x0000000080f00000|  0%| F|  |TAMS 0x0000000080e00000, 0x0000000080e00000| Untracked 
|  15|0x0000000080f00000, 0x0000000080f00000, 0x0000000081000000|  0%| F|  |TAMS 0x0000000080f00000, 0x0000000080f00000| Untracked 
|  16|0x0000000081000000, 0x0000000081000000, 0x0000000081100000|  0%| F|  |TAMS 0x0000000081000000, 0x0000000081000000| Untracked 
|  17|0x0000000081100000, 0x0000000081100000, 0x0000000081200000|  0%| F|  |TAMS 0x0000000081100000, 0x0000000081100000| Untracked 
|  18|0x0000000081200000, 0x0000000081200000, 0x0000000081300000|  0%| F|  |TAMS 0x0000000081200000, 0x0000000081200000| Untracked 
|  19|0x0000000081300000, 0x0000000081300000, 0x0000000081400000|  0%| F|  |TAMS 0x0000000081300000, 0x0000000081300000| Untracked 
|  20|0x0000000081400000, 0x0000000081400000, 0x0000000081500000|  0%| F|  |TAMS 0x0000000081400000, 0x0000000081400000| Untracked 
|  21|0x0000000081500000, 0x0000000081500000, 0x0000000081600000|  0%| F|  |TAMS 0x0000000081500000, 0x0000000081500000| Untracked 
|  22|0x0000000081600000, 0x0000000081600000, 0x0000000081700000|  0%| F|  |TAMS 0x0000000081600000, 0x0000000081600000| Untracked 
|  23|0x0000000081700000, 0x0000000081700000, 0x0000000081800000|  0%| F|  |TAMS 0x0000000081700000, 0x0000000081700000| Untracked 
|  24|0x0000000081800000, 0x0000000081800000, 0x0000000081900000|  0%| F|  |TAMS 0x0000000081800000, 0x0000000081800000| Untracked 
|  25|0x0000000081900000, 0x0000000081900000, 0x0000000081a00000|  0%| F|  |TAMS 0x0000000081900000, 0x0000000081900000| Untracked 
|  26|0x0000000081a00000, 0x0000000081a00000, 0x0000000081b00000|  0%| F|  |TAMS 0x0000000081a00000, 0x0000000081a00000| Untracked 
|  27|0x0000000081b00000, 0x0000000081b00000, 0x0000000081c00000|  0%| F|  |TAMS 0x0000000081b00000, 0x0000000081b00000| Untracked 
|  28|0x0000000081c00000, 0x0000000081c00000, 0x0000000081d00000|  0%| F|  |TAMS 0x0000000081c00000, 0x0000000081c00000| Untracked 
|  29|0x0000000081d00000, 0x0000000081d00000, 0x0000000081e00000|  0%| F|  |TAMS 0x0000000081d00000, 0x0000000081d00000| Untracked 
|  30|0x0000000081e00000, 0x0000000081e00000, 0x0000000081f00000|  0%| F|  |TAMS 0x0000000081e00000, 0x0000000081e00000| Untracked 
|  31|0x0000000081f00000, 0x0000000081f00000, 0x0000000082000000|  0%| F|  |TAMS 0x0000000081f00000, 0x0000000081f00000| Untracked 
|  32|0x0000000082000000, 0x0000000082000000, 0x0000000082100000|  0%| F|  |TAMS 0x0000000082000000, 0x0000000082000000| Untracked 
|  33|0x0000000082100000, 0x0000000082100000, 0x0000000082200000|  0%| F|  |TAMS 0x0000000082100000, 0x0000000082100000| Untracked 
|  34|0x0000000082200000, 0x0000000082200000, 0x0000000082300000|  0%| F|  |TAMS 0x0000000082200000, 0x0000000082200000| Untracked 
|  35|0x0000000082300000, 0x0000000082300000, 0x0000000082400000|  0%| F|  |TAMS 0x0000000082300000, 0x0000000082300000| Untracked 
|  36|0x0000000082400000, 0x0000000082400000, 0x0000000082500000|  0%| F|  |TAMS 0x0000000082400000, 0x0000000082400000| Untracked 
|  37|0x0000000082500000, 0x0000000082500000, 0x0000000082600000|  0%| F|  |TAMS 0x0000000082500000, 0x0000000082500000| Untracked 
|  38|0x0000000082600000, 0x0000000082600000, 0x0000000082700000|  0%| F|  |TAMS 0x0000000082600000, 0x0000000082600000| Untracked 
|  39|0x0000000082700000, 0x0000000082700000, 0x0000000082800000|  0%| F|  |TAMS 0x0000000082700000, 0x0000000082700000| Untracked 
|  40|0x0000000082800000, 0x0000000082800000, 0x0000000082900000|  0%| F|  |TAMS 0x0000000082800000, 0x0000000082800000| Untracked 
|  41|0x0000000082900000, 0x0000000082900000, 0x0000000082a00000|  0%| F|  |TAMS 0x0000000082900000, 0x0000000082900000| Untracked 
|  42|0x0000000082a00000, 0x0000000082a00000, 0x0000000082b00000|  0%| F|  |TAMS 0x0000000082a00000, 0x0000000082a00000| Untracked 
|  43|0x0000000082b00000, 0x0000000082b00000, 0x0000000082c00000|  0%| F|  |TAMS 0x0000000082b00000, 0x0000000082b00000| Untracked 
|  44|0x0000000082c00000, 0x0000000082c00000, 0x0000000082d00000|  0%| F|  |TAMS 0x0000000082c00000, 0x0000000082c00000| Untracked 
|  45|0x0000000082d00000, 0x0000000082d00000, 0x0000000082e00000|  0%| F|  |TAMS 0x0000000082d00000, 0x0000000082d00000| Untracked 
|  46|0x0000000082e00000, 0x0000000082e00000, 0x0000000082f00000|  0%| F|  |TAMS 0x0000000082e00000, 0x0000000082e00000| Untracked 
|  47|0x0000000082f00000, 0x0000000082f00000, 0x0000000083000000|  0%| F|  |TAMS 0x0000000082f00000, 0x0000000082f00000| Untracked 
|  48|0x0000000083000000, 0x0000000083000000, 0x0000000083100000|  0%| F|  |TAMS 0x0000000083000000, 0x0000000083000000| Untracked 
|  49|0x0000000083100000, 0x0000000083100000, 0x0000000083200000|  0%| F|  |TAMS 0x0000000083100000, 0x0000000083100000| Untracked 
|  50|0x0000000083200000, 0x0000000083200000, 0x0000000083300000|  0%| F|  |TAMS 0x0000000083200000, 0x0000000083200000| Untracked 
|  51|0x0000000083300000, 0x0000000083300000, 0x0000000083400000|  0%| F|  |TAMS 0x0000000083300000, 0x0000000083300000| Untracked 
|  52|0x0000000083400000, 0x0000000083400000, 0x0000000083500000|  0%| F|  |TAMS 0x0000000083400000, 0x0000000083400000| Untracked 
|  53|0x0000000083500000, 0x0000000083500000, 0x0000000083600000|  0%| F|  |TAMS 0x0000000083500000, 0x0000000083500000| Untracked 
|  54|0x0000000083600000, 0x0000000083600000, 0x0000000083700000|  0%| F|  |TAMS 0x0000000083600000, 0x0000000083600000| Untracked 
|  55|0x0000000083700000, 0x0000000083700000, 0x0000000083800000|  0%| F|  |TAMS 0x0000000083700000, 0x0000000083700000| Untracked 
|  56|0x0000000083800000, 0x0000000083800000, 0x0000000083900000|  0%| F|  |TAMS 0x0000000083800000, 0x0000000083800000| Untracked 
|  57|0x0000000083900000, 0x0000000083900000, 0x0000000083a00000|  0%| F|  |TAMS 0x0000000083900000, 0x0000000083900000| Untracked 
|  58|0x0000000083a00000, 0x0000000083a00000, 0x0000000083b00000|  0%| F|  |TAMS 0x0000000083a00000, 0x0000000083a00000| Untracked 
|  59|0x0000000083b00000, 0x0000000083b00000, 0x0000000083c00000|  0%| F|  |TAMS 0x0000000083b00000, 0x0000000083b00000| Untracked 
|  60|0x0000000083c00000, 0x0000000083c00000, 0x0000000083d00000|  0%| F|  |TAMS 0x0000000083c00000, 0x0000000083c00000| Untracked 
|  61|0x0000000083d00000, 0x0000000083d00000, 0x0000000083e00000|  0%| F|  |TAMS 0x0000000083d00000, 0x0000000083d00000| Untracked 
|  62|0x0000000083e00000, 0x0000000083e00000, 0x0000000083f00000|  0%| F|  |TAMS 0x0000000083e00000, 0x0000000083e00000| Untracked 
|  63|0x0000000083f00000, 0x0000000083f00000, 0x0000000084000000|  0%| F|  |TAMS 0x0000000083f00000, 0x0000000083f00000| Untracked 
|  64|0x0000000084000000, 0x0000000084000000, 0x0000000084100000|  0%| F|  |TAMS 0x0000000084000000, 0x0000000084000000| Untracked 
|  65|0x0000000084100000, 0x0000000084100000, 0x0000000084200000|  0%| F|  |TAMS 0x0000000084100000, 0x0000000084100000| Untracked 
|  66|0x0000000084200000, 0x0000000084200000, 0x0000000084300000|  0%| F|  |TAMS 0x0000000084200000, 0x0000000084200000| Untracked 
|  67|0x0000000084300000, 0x0000000084300000, 0x0000000084400000|  0%| F|  |TAMS 0x0000000084300000, 0x0000000084300000| Untracked 
|  68|0x0000000084400000, 0x0000000084400000, 0x0000000084500000|  0%| F|  |TAMS 0x0000000084400000, 0x0000000084400000| Untracked 
|  69|0x0000000084500000, 0x0000000084500000, 0x0000000084600000|  0%| F|  |TAMS 0x0000000084500000, 0x0000000084500000| Untracked 
|  70|0x0000000084600000, 0x0000000084600000, 0x0000000084700000|  0%| F|  |TAMS 0x0000000084600000, 0x0000000084600000| Untracked 
|  71|0x0000000084700000, 0x0000000084700000, 0x0000000084800000|  0%| F|  |TAMS 0x0000000084700000, 0x0000000084700000| Untracked 
|  72|0x0000000084800000, 0x0000000084800000, 0x0000000084900000|  0%| F|  |TAMS 0x0000000084800000, 0x0000000084800000| Untracked 
|  73|0x0000000084900000, 0x0000000084900000, 0x0000000084a00000|  0%| F|  |TAMS 0x0000000084900000, 0x0000000084900000| Untracked 
|  74|0x0000000084a00000, 0x0000000084a00000, 0x0000000084b00000|  0%| F|  |TAMS 0x0000000084a00000, 0x0000000084a00000| Untracked 
|  75|0x0000000084b00000, 0x0000000084b00000, 0x0000000084c00000|  0%| F|  |TAMS 0x0000000084b00000, 0x0000000084b00000| Untracked 
|  76|0x0000000084c00000, 0x0000000084c00000, 0x0000000084d00000|  0%| F|  |TAMS 0x0000000084c00000, 0x0000000084c00000| Untracked 
|  77|0x0000000084d00000, 0x0000000084d00000, 0x0000000084e00000|  0%| F|  |TAMS 0x0000000084d00000, 0x0000000084d00000| Untracked 
|  78|0x0000000084e00000, 0x0000000084e00000, 0x0000000084f00000|  0%| F|  |TAMS 0x0000000084e00000, 0x0000000084e00000| Untracked 
|  79|0x0000000084f00000, 0x0000000084f00000, 0x0000000085000000|  0%| F|  |TAMS 0x0000000084f00000, 0x0000000084f00000| Untracked 
|  80|0x0000000085000000, 0x0000000085000000, 0x0000000085100000|  0%| F|  |TAMS 0x0000000085000000, 0x0000000085000000| Untracked 
|  81|0x0000000085100000, 0x0000000085100000, 0x0000000085200000|  0%| F|  |TAMS 0x0000000085100000, 0x0000000085100000| Untracked 
|  82|0x0000000085200000, 0x0000000085200000, 0x0000000085300000|  0%| F|  |TAMS 0x0000000085200000, 0x0000000085200000| Untracked 
|  83|0x0000000085300000, 0x0000000085300000, 0x0000000085400000|  0%| F|  |TAMS 0x0000000085300000, 0x0000000085300000| Untracked 
|  84|0x0000000085400000, 0x0000000085400000, 0x0000000085500000|  0%| F|  |TAMS 0x0000000085400000, 0x0000000085400000| Untracked 
|  85|0x0000000085500000, 0x0000000085500000, 0x0000000085600000|  0%| F|  |TAMS 0x0000000085500000, 0x0000000085500000| Untracked 
|  86|0x0000000085600000, 0x0000000085600000, 0x0000000085700000|  0%| F|  |TAMS 0x0000000085600000, 0x0000000085600000| Untracked 
|  87|0x0000000085700000, 0x0000000085700000, 0x0000000085800000|  0%| F|  |TAMS 0x0000000085700000, 0x0000000085700000| Untracked 
|  88|0x0000000085800000, 0x0000000085800000, 0x0000000085900000|  0%| F|  |TAMS 0x0000000085800000, 0x0000000085800000| Untracked 
|  89|0x0000000085900000, 0x0000000085900000, 0x0000000085a00000|  0%| F|  |TAMS 0x0000000085900000, 0x0000000085900000| Untracked 
|  90|0x0000000085a00000, 0x0000000085a00000, 0x0000000085b00000|  0%| F|  |TAMS 0x0000000085a00000, 0x0000000085a00000| Untracked 
|  91|0x0000000085b00000, 0x0000000085b00000, 0x0000000085c00000|  0%| F|  |TAMS 0x0000000085b00000, 0x0000000085b00000| Untracked 
|  92|0x0000000085c00000, 0x0000000085c00000, 0x0000000085d00000|  0%| F|  |TAMS 0x0000000085c00000, 0x0000000085c00000| Untracked 
|  93|0x0000000085d00000, 0x0000000085d00000, 0x0000000085e00000|  0%| F|  |TAMS 0x0000000085d00000, 0x0000000085d00000| Untracked 
|  94|0x0000000085e00000, 0x0000000085e00000, 0x0000000085f00000|  0%| F|  |TAMS 0x0000000085e00000, 0x0000000085e00000| Untracked 
|  95|0x0000000085f00000, 0x0000000085f00000, 0x0000000086000000|  0%| F|  |TAMS 0x0000000085f00000, 0x0000000085f00000| Untracked 
|  96|0x0000000086000000, 0x0000000086000000, 0x0000000086100000|  0%| F|  |TAMS 0x0000000086000000, 0x0000000086000000| Untracked 
|  97|0x0000000086100000, 0x0000000086100000, 0x0000000086200000|  0%| F|  |TAMS 0x0000000086100000, 0x0000000086100000| Untracked 
|  98|0x0000000086200000, 0x0000000086200000, 0x0000000086300000|  0%| F|  |TAMS 0x0000000086200000, 0x0000000086200000| Untracked 
|  99|0x0000000086300000, 0x0000000086300000, 0x0000000086400000|  0%| F|  |TAMS 0x0000000086300000, 0x0000000086300000| Untracked 
| 100|0x0000000086400000, 0x0000000086400000, 0x0000000086500000|  0%| F|  |TAMS 0x0000000086400000, 0x0000000086400000| Untracked 
| 101|0x0000000086500000, 0x0000000086500000, 0x0000000086600000|  0%| F|  |TAMS 0x0000000086500000, 0x0000000086500000| Untracked 
| 102|0x0000000086600000, 0x0000000086600000, 0x0000000086700000|  0%| F|  |TAMS 0x0000000086600000, 0x0000000086600000| Untracked 
| 103|0x0000000086700000, 0x0000000086700000, 0x0000000086800000|  0%| F|  |TAMS 0x0000000086700000, 0x0000000086700000| Untracked 
| 104|0x0000000086800000, 0x0000000086800000, 0x0000000086900000|  0%| F|  |TAMS 0x0000000086800000, 0x0000000086800000| Untracked 
| 105|0x0000000086900000, 0x0000000086900000, 0x0000000086a00000|  0%| F|  |TAMS 0x0000000086900000, 0x0000000086900000| Untracked 
| 106|0x0000000086a00000, 0x0000000086a00000, 0x0000000086b00000|  0%| F|  |TAMS 0x0000000086a00000, 0x0000000086a00000| Untracked 
| 107|0x0000000086b00000, 0x0000000086b00000, 0x0000000086c00000|  0%| F|  |TAMS 0x0000000086b00000, 0x0000000086b00000| Untracked 
| 108|0x0000000086c00000, 0x0000000086c00000, 0x0000000086d00000|  0%| F|  |TAMS 0x0000000086c00000, 0x0000000086c00000| Untracked 
| 109|0x0000000086d00000, 0x0000000086d00000, 0x0000000086e00000|  0%| F|  |TAMS 0x0000000086d00000, 0x0000000086d00000| Untracked 
| 110|0x0000000086e00000, 0x0000000086e00000, 0x0000000086f00000|  0%| F|  |TAMS 0x0000000086e00000, 0x0000000086e00000| Untracked 
| 111|0x0000000086f00000, 0x0000000086f00000, 0x0000000087000000|  0%| F|  |TAMS 0x0000000086f00000, 0x0000000086f00000| Untracked 
| 112|0x0000000087000000, 0x0000000087000000, 0x0000000087100000|  0%| F|  |TAMS 0x0000000087000000, 0x0000000087000000| Untracked 
| 113|0x0000000087100000, 0x0000000087100000, 0x0000000087200000|  0%| F|  |TAMS 0x0000000087100000, 0x0000000087100000| Untracked 
| 114|0x0000000087200000, 0x0000000087200000, 0x0000000087300000|  0%| F|  |TAMS 0x0000000087200000, 0x0000000087200000| Untracked 
| 115|0x0000000087300000, 0x0000000087300000, 0x0000000087400000|  0%| F|  |TAMS 0x0000000087300000, 0x0000000087300000| Untracked 
| 116|0x0000000087400000, 0x0000000087449d70, 0x0000000087500000| 28%| S|CS|TAMS 0x0000000087400000, 0x0000000087400000| Complete 
| 117|0x0000000087500000, 0x0000000087600000, 0x0000000087600000|100%| S|CS|TAMS 0x0000000087500000, 0x0000000087500000| Complete 
| 118|0x0000000087600000, 0x0000000087700000, 0x0000000087700000|100%| S|CS|TAMS 0x0000000087600000, 0x0000000087600000| Complete 
| 119|0x0000000087700000, 0x0000000087700000, 0x0000000087800000|  0%| F|  |TAMS 0x0000000087700000, 0x0000000087700000| Untracked 
| 120|0x0000000087800000, 0x0000000087800000, 0x0000000087900000|  0%| F|  |TAMS 0x0000000087800000, 0x0000000087800000| Untracked 
| 121|0x0000000087900000, 0x0000000087900000, 0x0000000087a00000|  0%| F|  |TAMS 0x0000000087900000, 0x0000000087900000| Untracked 
| 122|0x0000000087a00000, 0x0000000087a00000, 0x0000000087b00000|  0%| F|  |TAMS 0x0000000087a00000, 0x0000000087a00000| Untracked 
| 123|0x0000000087b00000, 0x0000000087b00000, 0x0000000087c00000|  0%| F|  |TAMS 0x0000000087b00000, 0x0000000087b00000| Untracked 
| 124|0x0000000087c00000, 0x0000000087c00000, 0x0000000087d00000|  0%| F|  |TAMS 0x0000000087c00000, 0x0000000087c00000| Untracked 
| 125|0x0000000087d00000, 0x0000000087d00000, 0x0000000087e00000|  0%| F|  |TAMS 0x0000000087d00000, 0x0000000087d00000| Untracked 
| 126|0x0000000087e00000, 0x0000000087e00000, 0x0000000087f00000|  0%| F|  |TAMS 0x0000000087e00000, 0x0000000087e00000| Untracked 
| 127|0x0000000087f00000, 0x0000000087f00000, 0x0000000088000000|  0%| F|  |TAMS 0x0000000087f00000, 0x0000000087f00000| Untracked 
| 128|0x0000000088000000, 0x0000000088000000, 0x0000000088100000|  0%| F|  |TAMS 0x0000000088000000, 0x0000000088000000| Untracked 
| 129|0x0000000088100000, 0x0000000088100000, 0x0000000088200000|  0%| F|  |TAMS 0x0000000088100000, 0x0000000088100000| Untracked 
| 130|0x0000000088200000, 0x0000000088200000, 0x0000000088300000|  0%| F|  |TAMS 0x0000000088200000, 0x0000000088200000| Untracked 
| 131|0x0000000088300000, 0x0000000088300000, 0x0000000088400000|  0%| F|  |TAMS 0x0000000088300000, 0x0000000088300000| Untracked 
| 132|0x0000000088400000, 0x0000000088400000, 0x0000000088500000|  0%| F|  |TAMS 0x0000000088400000, 0x0000000088400000| Untracked 
| 133|0x0000000088500000, 0x0000000088500000, 0x0000000088600000|  0%| F|  |TAMS 0x0000000088500000, 0x0000000088500000| Untracked 
| 134|0x0000000088600000, 0x0000000088600000, 0x0000000088700000|  0%| F|  |TAMS 0x0000000088600000, 0x0000000088600000| Untracked 
| 135|0x0000000088700000, 0x0000000088700000, 0x0000000088800000|  0%| F|  |TAMS 0x0000000088700000, 0x0000000088700000| Untracked 
| 136|0x0000000088800000, 0x0000000088800000, 0x0000000088900000|  0%| F|  |TAMS 0x0000000088800000, 0x0000000088800000| Untracked 
| 137|0x0000000088900000, 0x0000000088900000, 0x0000000088a00000|  0%| F|  |TAMS 0x0000000088900000, 0x0000000088900000| Untracked 
| 138|0x0000000088a00000, 0x0000000088a00000, 0x0000000088b00000|  0%| F|  |TAMS 0x0000000088a00000, 0x0000000088a00000| Untracked 
| 139|0x0000000088b00000, 0x0000000088b00000, 0x0000000088c00000|  0%| F|  |TAMS 0x0000000088b00000, 0x0000000088b00000| Untracked 
| 140|0x0000000088c00000, 0x0000000088c00000, 0x0000000088d00000|  0%| F|  |TAMS 0x0000000088c00000, 0x0000000088c00000| Untracked 
| 141|0x0000000088d00000, 0x0000000088d00000, 0x0000000088e00000|  0%| F|  |TAMS 0x0000000088d00000, 0x0000000088d00000| Untracked 
| 142|0x0000000088e00000, 0x0000000088e00000, 0x0000000088f00000|  0%| F|  |TAMS 0x0000000088e00000, 0x0000000088e00000| Untracked 
| 143|0x0000000088f00000, 0x0000000088f00000, 0x0000000089000000|  0%| F|  |TAMS 0x0000000088f00000, 0x0000000088f00000| Untracked 
| 144|0x0000000089000000, 0x0000000089000000, 0x0000000089100000|  0%| F|  |TAMS 0x0000000089000000, 0x0000000089000000| Untracked 
| 145|0x0000000089100000, 0x0000000089100000, 0x0000000089200000|  0%| F|  |TAMS 0x0000000089100000, 0x0000000089100000| Untracked 
| 146|0x0000000089200000, 0x0000000089200000, 0x0000000089300000|  0%| F|  |TAMS 0x0000000089200000, 0x0000000089200000| Untracked 
| 147|0x0000000089300000, 0x0000000089300000, 0x0000000089400000|  0%| F|  |TAMS 0x0000000089300000, 0x0000000089300000| Untracked 
| 148|0x0000000089400000, 0x0000000089400000, 0x0000000089500000|  0%| F|  |TAMS 0x0000000089400000, 0x0000000089400000| Untracked 
| 149|0x0000000089500000, 0x00000000895f2130, 0x0000000089600000| 94%| E|  |TAMS 0x0000000089500000, 0x0000000089500000| Complete 
| 150|0x0000000089600000, 0x0000000089700000, 0x0000000089700000|100%| E|CS|TAMS 0x0000000089600000, 0x0000000089600000| Complete 
| 151|0x0000000089700000, 0x0000000089800000, 0x0000000089800000|100%| E|CS|TAMS 0x0000000089700000, 0x0000000089700000| Complete 
| 152|0x0000000089800000, 0x0000000089900000, 0x0000000089900000|100%| E|CS|TAMS 0x0000000089800000, 0x0000000089800000| Complete 
| 153|0x0000000089900000, 0x0000000089a00000, 0x0000000089a00000|100%| E|CS|TAMS 0x0000000089900000, 0x0000000089900000| Complete 
| 154|0x0000000089a00000, 0x0000000089b00000, 0x0000000089b00000|100%| E|CS|TAMS 0x0000000089a00000, 0x0000000089a00000| Complete 
| 155|0x0000000089b00000, 0x0000000089c00000, 0x0000000089c00000|100%| E|CS|TAMS 0x0000000089b00000, 0x0000000089b00000| Complete 
| 156|0x0000000089c00000, 0x0000000089d00000, 0x0000000089d00000|100%| E|CS|TAMS 0x0000000089c00000, 0x0000000089c00000| Complete 
| 157|0x0000000089d00000, 0x0000000089e00000, 0x0000000089e00000|100%| E|CS|TAMS 0x0000000089d00000, 0x0000000089d00000| Complete 
| 158|0x0000000089e00000, 0x0000000089f00000, 0x0000000089f00000|100%| E|CS|TAMS 0x0000000089e00000, 0x0000000089e00000| Complete 
| 159|0x0000000089f00000, 0x000000008a000000, 0x000000008a000000|100%| E|CS|TAMS 0x0000000089f00000, 0x0000000089f00000| Complete 
| 160|0x000000008a000000, 0x000000008a100000, 0x000000008a100000|100%| E|CS|TAMS 0x000000008a000000, 0x000000008a000000| Complete 
| 161|0x000000008a100000, 0x000000008a200000, 0x000000008a200000|100%| E|CS|TAMS 0x000000008a100000, 0x000000008a100000| Complete 
| 162|0x000000008a200000, 0x000000008a300000, 0x000000008a300000|100%| E|CS|TAMS 0x000000008a200000, 0x000000008a200000| Complete 
| 163|0x000000008a300000, 0x000000008a400000, 0x000000008a400000|100%| E|CS|TAMS 0x000000008a300000, 0x000000008a300000| Complete 
| 164|0x000000008a400000, 0x000000008a500000, 0x000000008a500000|100%| E|CS|TAMS 0x000000008a400000, 0x000000008a400000| Complete 
| 165|0x000000008a500000, 0x000000008a600000, 0x000000008a600000|100%| E|CS|TAMS 0x000000008a500000, 0x000000008a500000| Complete 
| 166|0x000000008a600000, 0x000000008a700000, 0x000000008a700000|100%| E|CS|TAMS 0x000000008a600000, 0x000000008a600000| Complete 
| 167|0x000000008a700000, 0x000000008a800000, 0x000000008a800000|100%| E|CS|TAMS 0x000000008a700000, 0x000000008a700000| Complete 
| 168|0x000000008a800000, 0x000000008a900000, 0x000000008a900000|100%| E|CS|TAMS 0x000000008a800000, 0x000000008a800000| Complete 
| 169|0x000000008a900000, 0x000000008aa00000, 0x000000008aa00000|100%| E|CS|TAMS 0x000000008a900000, 0x000000008a900000| Complete 
| 170|0x000000008aa00000, 0x000000008ab00000, 0x000000008ab00000|100%| E|CS|TAMS 0x000000008aa00000, 0x000000008aa00000| Complete 
| 171|0x000000008ab00000, 0x000000008ac00000, 0x000000008ac00000|100%| E|CS|TAMS 0x000000008ab00000, 0x000000008ab00000| Complete 
| 172|0x000000008ac00000, 0x000000008ad00000, 0x000000008ad00000|100%| E|CS|TAMS 0x000000008ac00000, 0x000000008ac00000| Complete 
| 173|0x000000008ad00000, 0x000000008ae00000, 0x000000008ae00000|100%| E|CS|TAMS 0x000000008ad00000, 0x000000008ad00000| Complete 
| 174|0x000000008ae00000, 0x000000008af00000, 0x000000008af00000|100%| E|CS|TAMS 0x000000008ae00000, 0x000000008ae00000| Complete 
| 175|0x000000008af00000, 0x000000008b000000, 0x000000008b000000|100%| E|CS|TAMS 0x000000008af00000, 0x000000008af00000| Complete 
| 176|0x000000008b000000, 0x000000008b100000, 0x000000008b100000|100%| E|CS|TAMS 0x000000008b000000, 0x000000008b000000| Complete 
| 177|0x000000008b100000, 0x000000008b200000, 0x000000008b200000|100%| E|CS|TAMS 0x000000008b100000, 0x000000008b100000| Complete 
| 178|0x000000008b200000, 0x000000008b300000, 0x000000008b300000|100%| E|CS|TAMS 0x000000008b200000, 0x000000008b200000| Complete 
| 179|0x000000008b300000, 0x000000008b400000, 0x000000008b400000|100%| E|CS|TAMS 0x000000008b300000, 0x000000008b300000| Complete 
| 180|0x000000008b400000, 0x000000008b500000, 0x000000008b500000|100%| E|CS|TAMS 0x000000008b400000, 0x000000008b400000| Complete 
| 181|0x000000008b500000, 0x000000008b600000, 0x000000008b600000|100%| E|CS|TAMS 0x000000008b500000, 0x000000008b500000| Complete 
| 182|0x000000008b600000, 0x000000008b700000, 0x000000008b700000|100%| E|CS|TAMS 0x000000008b600000, 0x000000008b600000| Complete 
| 183|0x000000008b700000, 0x000000008b800000, 0x000000008b800000|100%| E|CS|TAMS 0x000000008b700000, 0x000000008b700000| Complete 
| 184|0x000000008b800000, 0x000000008b900000, 0x000000008b900000|100%| E|CS|TAMS 0x000000008b800000, 0x000000008b800000| Complete 
| 185|0x000000008b900000, 0x000000008ba00000, 0x000000008ba00000|100%| E|CS|TAMS 0x000000008b900000, 0x000000008b900000| Complete 
| 186|0x000000008ba00000, 0x000000008bb00000, 0x000000008bb00000|100%| E|CS|TAMS 0x000000008ba00000, 0x000000008ba00000| Complete 
| 187|0x000000008bb00000, 0x000000008bc00000, 0x000000008bc00000|100%| E|CS|TAMS 0x000000008bb00000, 0x000000008bb00000| Complete 
| 188|0x000000008bc00000, 0x000000008bd00000, 0x000000008bd00000|100%| E|CS|TAMS 0x000000008bc00000, 0x000000008bc00000| Complete 
| 189|0x000000008bd00000, 0x000000008be00000, 0x000000008be00000|100%| E|CS|TAMS 0x000000008bd00000, 0x000000008bd00000| Complete 
| 190|0x000000008be00000, 0x000000008bf00000, 0x000000008bf00000|100%| E|CS|TAMS 0x000000008be00000, 0x000000008be00000| Complete 
| 191|0x000000008bf00000, 0x000000008c000000, 0x000000008c000000|100%| E|CS|TAMS 0x000000008bf00000, 0x000000008bf00000| Complete 
| 192|0x000000008c000000, 0x000000008c100000, 0x000000008c100000|100%| E|CS|TAMS 0x000000008c000000, 0x000000008c000000| Complete 

Card table byte_map: [0x0000013221840000,0x0000013221c40000] _byte_map_base: 0x0000013221440000

Marking Bits (Prev, Next): (CMBitMap*) 0x00000132090be798, (CMBitMap*) 0x00000132090be7d0
 Prev Bits: [0x0000013222040000, 0x0000013224040000)
 Next Bits: [0x0000013224040000, 0x0000013226040000)

Polling page: 0x0000013208f90000

Metaspace:

Usage:
  Non-class:     33.66 MB capacity,    33.08 MB ( 98%) used,   468.60 KB (  1%) free+waste,   127.81 KB ( <1%) overhead. 
      Class:      4.78 MB capacity,     4.33 MB ( 91%) used,   395.98 KB (  8%) free+waste,    62.25 KB (  1%) overhead. 
       Both:     38.44 MB capacity,    37.41 MB ( 97%) used,   864.59 KB (  2%) free+waste,   190.06 KB ( <1%) overhead. 

Virtual space:
  Non-class space:       34.00 MB reserved,      33.75 MB (>99%) committed 
      Class space:        1.00 GB reserved,       4.88 MB ( <1%) committed 
             Both:        1.03 GB reserved,      38.63 MB (  4%) committed 

Chunk freelists:
   Non-Class:  3.38 KB
       Class:  512 bytes
        Both:  3.88 KB

CodeHeap 'non-profiled nmethods': size=120064Kb used=1847Kb max_used=1847Kb free=118216Kb
 bounds [0x0000013219b00000, 0x0000013219d70000, 0x0000013221040000]
CodeHeap 'profiled nmethods': size=120000Kb used=9747Kb max_used=9747Kb free=110252Kb
 bounds [0x00000132125d0000, 0x0000013212f60000, 0x0000013219b00000]
CodeHeap 'non-nmethods': size=5696Kb used=1154Kb max_used=1205Kb free=4541Kb
 bounds [0x0000013212040000, 0x00000132122b0000, 0x00000132125d0000]
 total_blobs=4865 nmethods=4393 adapters=382
 compilation: enabled
              stopped_count=0, restarted_count=0
 full_count=0

Compilation events (10 events):
Event: 5228.987 Thread 0x0000013228e18000 nmethod 4400 0x0000013212f54c10 code [0x0000013212f54da0, 0x0000013212f54ef8]
Event: 5381.220 Thread 0x0000013228475000 4401       4       java.util.Collections$SetFromMap::iterator (10 bytes)
Event: 5381.231 Thread 0x0000013228475000 nmethod 4401 0x0000013219ccc090 code [0x0000013219ccc220, 0x0000013219ccc698]
Event: 5382.216 Thread 0x0000013228475000 4402       4       org.apache.coyote.AbstractProtocol$$Lambda$639/0x000000010048c440::run (8 bytes)
Event: 5382.228 Thread 0x0000013228475000 nmethod 4402 0x0000013219ccc990 code [0x0000013219cccb20, 0x0000013219ccce38]
Event: 5382.234 Thread 0x0000013228475000 4403       4       org.apache.coyote.AbstractProtocol::lambda$startAsyncTimeout$1 (46 bytes)
Event: 5382.243 Thread 0x0000013228475000 nmethod 4403 0x0000013219ccd290 code [0x0000013219ccd420, 0x0000013219ccd738]
Event: 5383.266 Thread 0x0000013228475000 4404       4       java.util.concurrent.locks.AbstractQueuedSynchronizer$ConditionObject::unlinkCancelledWaiters (67 bytes)
Event: 5383.270 Thread 0x0000013228475000 nmethod 4404 0x0000013219ccdb10 code [0x0000013219ccdc80, 0x0000013219ccdeb8]
Event: 5390.843 Thread 0x0000013228475000 4405       4       java.text.SimpleDateFormat::subFormat (1260 bytes)

GC Heap History (10 events):
Event: 3.339 GC heap before
{Heap before GC invocations=6 (full 0):
 garbage-first heap   total 157696K, used 36268K [0x0000000080000000, 0x0000000100000000)
  region size 1024K, 33 young (33792K), 3 survivors (3072K)
 Metaspace       used 24903K, capacity 25509K, committed 25600K, reserved 1071104K
  class space    used 2791K, capacity 3054K, committed 3072K, reserved 1048576K
}
Event: 3.356 GC heap after
{Heap after GC invocations=7 (full 0):
 garbage-first heap   total 157696K, used 8080K [0x0000000080000000, 0x0000000100000000)
  region size 1024K, 4 young (4096K), 4 survivors (4096K)
 Metaspace       used 24903K, capacity 25509K, committed 25600K, reserved 1071104K
  class space    used 2791K, capacity 3054K, committed 3072K, reserved 1048576K
}
Event: 5.264 GC heap before
{Heap before GC invocations=7 (full 0):
 garbage-first heap   total 157696K, used 57232K [0x0000000080000000, 0x0000000100000000)
  region size 1024K, 52 young (53248K), 4 survivors (4096K)
 Metaspace       used 33315K, capacity 34229K, committed 34432K, reserved 1079296K
  class space    used 3848K, capacity 4209K, committed 4224K, reserved 1048576K
}
Event: 5.289 GC heap after
{Heap after GC invocations=8 (full 0):
 garbage-first heap   total 157696K, used 11052K [0x0000000080000000, 0x0000000100000000)
  region size 1024K, 6 young (6144K), 6 survivors (6144K)
 Metaspace       used 33315K, capacity 34229K, committed 34432K, reserved 1079296K
  class space    used 3848K, capacity 4209K, committed 4224K, reserved 1048576K
}
Event: 5.695 GC heap before
{Heap before GC invocations=8 (full 0):
 garbage-first heap   total 157696K, used 23340K [0x0000000080000000, 0x0000000100000000)
  region size 1024K, 19 young (19456K), 6 survivors (6144K)
 Metaspace       used 34883K, capacity 35798K, committed 35840K, reserved 1081344K
  class space    used 4055K, capacity 4448K, committed 4480K, reserved 1048576K
}
Event: 5.714 GC heap after
{Heap after GC invocations=9 (full 0):
 garbage-first heap   total 157696K, used 12491K [0x0000000080000000, 0x0000000100000000)
  region size 1024K, 6 young (6144K), 6 survivors (6144K)
 Metaspace       used 34883K, capacity 35798K, committed 35840K, reserved 1081344K
  class space    used 4055K, capacity 4448K, committed 4480K, reserved 1048576K
}
Event: 1302.656 GC heap before
{Heap before GC invocations=10 (full 0):
 garbage-first heap   total 157696K, used 68811K [0x0000000080000000, 0x0000000100000000)
  region size 1024K, 61 young (62464K), 6 survivors (6144K)
 Metaspace       used 37817K, capacity 38879K, committed 38912K, reserved 1083392K
  class space    used 4432K, capacity 4860K, committed 4864K, reserved 1048576K
}
Event: 1302.678 GC heap after
{Heap after GC invocations=11 (full 0):
 garbage-first heap   total 197632K, used 12920K [0x0000000080000000, 0x0000000100000000)
  region size 1024K, 3 young (3072K), 3 survivors (3072K)
 Metaspace       used 37817K, capacity 38879K, committed 38912K, reserved 1083392K
  class space    used 4432K, capacity 4860K, committed 4864K, reserved 1048576K
}
Event: 3759.007 GC heap before
{Heap before GC invocations=11 (full 0):
 garbage-first heap   total 197632K, used 88696K [0x0000000080000000, 0x0000000100000000)
  region size 1024K, 77 young (78848K), 3 survivors (3072K)
 Metaspace       used 38250K, capacity 39265K, committed 39424K, reserved 1083392K
  class space    used 4432K, capacity 4860K, committed 4864K, reserved 1048576K
}
Event: 3759.015 GC heap after
{Heap after GC invocations=12 (full 0):
 garbage-first heap   total 197632K, used 12703K [0x0000000080000000, 0x0000000100000000)
  region size 1024K, 3 young (3072K), 3 survivors (3072K)
 Metaspace       used 38250K, capacity 39265K, committed 39424K, reserved 1083392K
  class space    used 4432K, capacity 4860K, committed 4864K, reserved 1048576K
}

Deoptimization events (10 events):
Event: 3840.217 Thread 0x000001322aade800 Uncommon trap: reason=unstable_if action=reinterpret pc=0x0000013219cae248 method=java.util.concurrent.locks.AbstractQueuedSynchronizer.acquireQueued(Ljava/util/concurrent/locks/AbstractQueuedSynchronizer$Node;I)Z @ 14 c2
Event: 3840.279 Thread 0x000001322aade800 Uncommon trap: reason=unstable_if action=reinterpret pc=0x0000013219ca5448 method=java.util.concurrent.locks.AbstractQueuedSynchronizer$ConditionObject.addConditionWaiter()Ljava/util/concurrent/locks/AbstractQueuedSynchronizer$Node; @ 33 c2
Event: 3850.218 Thread 0x000001322aade800 Uncommon trap: reason=unstable_if action=reinterpret pc=0x0000013219ca2ac8 method=java.util.concurrent.locks.AbstractQueuedSynchronizer.acquireQueued(Ljava/util/concurrent/locks/AbstractQueuedSynchronizer$Node;I)Z @ 14 c2
Event: 3888.377 Thread 0x000001322aade800 Uncommon trap: reason=unstable_if action=reinterpret pc=0x0000013219cbcb90 method=java.util.concurrent.locks.AbstractQueuedSynchronizer.transferForSignal(Ljava/util/concurrent/locks/AbstractQueuedSynchronizer$Node;)Z @ 7 c2
Event: 3901.023 Thread 0x000001322a3cd000 Uncommon trap: reason=unstable_if action=reinterpret pc=0x0000013219cacd64 method=java.util.concurrent.locks.AbstractQueuedSynchronizer.transferForSignal(Ljava/util/concurrent/locks/AbstractQueuedSynchronizer$Node;)Z @ 7 c2
Event: 5383.272 Thread 0x000001322a3cd000 Uncommon trap: reason=profile_predicate action=maybe_recompile pc=0x0000013219ccce14 method=java.util.concurrent.ConcurrentHashMap$Traverser.advance()Ljava/util/concurrent/ConcurrentHashMap$Node; @ 15 c2
Event: 5386.068 Thread 0x000001322aade800 Uncommon trap: reason=profile_predicate action=maybe_recompile pc=0x0000013219ccce14 method=java.util.concurrent.ConcurrentHashMap$Traverser.advance()Ljava/util/concurrent/ConcurrentHashMap$Node; @ 15 c2
Event: 5386.072 Thread 0x000001322a3cd000 Uncommon trap: reason=profile_predicate action=maybe_recompile pc=0x0000013219ccce14 method=java.util.concurrent.ConcurrentHashMap$Traverser.advance()Ljava/util/concurrent/ConcurrentHashMap$Node; @ 15 c2
Event: 5386.222 Thread 0x000001322a3cd000 Uncommon trap: reason=profile_predicate action=maybe_recompile pc=0x0000013219ccce14 method=java.util.concurrent.ConcurrentHashMap$Traverser.advance()Ljava/util/concurrent/ConcurrentHashMap$Node; @ 15 c2
Event: 5387.389 Thread 0x000001322aade800 Uncommon trap: reason=profile_predicate action=maybe_recompile pc=0x0000013219ccd708 method=java.util.concurrent.ConcurrentHashMap$Traverser.advance()Ljava/util/concurrent/ConcurrentHashMap$Node; @ 15 c2

Classes redefined (0 events):
No events

Internal exceptions (10 events):
Event: 5376.176 Thread 0x000001322a327000 Exception <a 'java/io/IOException'{0x000000008959bdd0}> (0x000000008959bdd0) thrown at [./open/src/hotspot/share/prims/jni.cpp, line 611]
Event: 5383.272 Thread 0x000001322a3cd000 Implicit null exception at 0x0000013219cccba8 to 0x0000013219cccdf8
Event: 5383.450 Thread 0x000001322a327000 Exception <a 'java/net/ConnectException'{0x000000008959f3a8}: Connection refused: connect> (0x000000008959f3a8) thrown at [./open/src/hotspot/share/prims/jni.cpp, line 632]
Event: 5383.453 Thread 0x000001322a327000 Exception <a 'java/io/IOException'{0x00000000895a21f0}> (0x00000000895a21f0) thrown at [./open/src/hotspot/share/prims/jni.cpp, line 611]
Event: 5385.605 Thread 0x000001322aade800 Implicit null exception at 0x0000013219cccba8 to 0x0000013219cccdf8
Event: 5386.072 Thread 0x000001322a3cd000 Implicit null exception at 0x0000013219cccba8 to 0x0000013219cccdf8
Event: 5386.221 Thread 0x000001322a3cd000 Implicit null exception at 0x0000013219cccba8 to 0x0000013219cccdf8
Event: 5387.389 Thread 0x000001322aade800 Implicit null exception at 0x0000013219ccd4a6 to 0x0000013219ccd6ec
Event: 5390.839 Thread 0x000001322a327000 Exception <a 'java/net/ConnectException'{0x00000000895a57c8}: Connection refused: connect> (0x00000000895a57c8) thrown at [./open/src/hotspot/share/prims/jni.cpp, line 632]
Event: 5390.844 Thread 0x000001322a327000 Exception <a 'java/io/IOException'{0x00000000895a8858}> (0x00000000895a8858) thrown at [./open/src/hotspot/share/prims/jni.cpp, line 611]

Events (10 events):
Event: 5386.222 Thread 0x000001322a3cd000 Uncommon trap: trap_request=0xffffffbe fr.pc=0x0000013219ccce14 relative=0x00000000000002f4
Event: 5386.223 Thread 0x000001322a3cd000 DEOPT PACKING pc=0x0000013219ccce14 sp=0x00000023867ff090
Event: 5386.223 Thread 0x000001322a3cd000 DEOPT UNPACKING pc=0x00000132120483af sp=0x00000023867fed88 mode 2
Event: 5387.389 Thread 0x000001322aade800 Uncommon trap: trap_request=0xffffffbe fr.pc=0x0000013219ccd708 relative=0x00000000000002e8
Event: 5387.390 Thread 0x000001322aade800 DEOPT PACKING pc=0x0000013219ccd708 sp=0x00000023868ff1c0
Event: 5387.391 Thread 0x000001322aade800 DEOPT UNPACKING pc=0x00000132120483af sp=0x00000023868fef20 mode 2
Event: 5390.840 Thread 0x000001322a1f7800 Thread added: 0x000001322a1f7800
Event: 5390.851 Executing VM operation: RevokeBias
Event: 5390.851 Executing VM operation: RevokeBias done
Event: 5390.852 Thread 0x000001322a1f7800 Thread exited: 0x000001322a1f7800


Dynamic libraries:
0x00007ff61fc30000 - 0x00007ff61fc3f000 	C:\Program Files\Java\jdk-11.0.15\bin\java.exe
0x00007ff9b99d0000 - 0x00007ff9b9bc8000 	C:\Windows\SYSTEM32\ntdll.dll
0x00007ff9b81e0000 - 0x00007ff9b829d000 	C:\Windows\System32\KERNEL32.DLL
0x00007ff9b70f0000 - 0x00007ff9b73be000 	C:\Windows\System32\KERNELBASE.dll
0x00007ff9b73f0000 - 0x00007ff9b74f0000 	C:\Windows\System32\ucrtbase.dll
0x00007ff9a38a0000 - 0x00007ff9a38b8000 	C:\Program Files\Java\jdk-11.0.15\bin\jli.dll
0x00007ff9b9590000 - 0x00007ff9b963e000 	C:\Windows\System32\ADVAPI32.dll
0x00007ff9b9640000 - 0x00007ff9b96de000 	C:\Windows\System32\msvcrt.dll
0x00007ff9b8fc0000 - 0x00007ff9b905c000 	C:\Windows\System32\sechost.dll
0x00007ff9b9290000 - 0x00007ff9b93b5000 	C:\Windows\System32\RPCRT4.dll
0x00007ff9b9740000 - 0x00007ff9b98e0000 	C:\Windows\System32\USER32.dll
0x00007ff9b7960000 - 0x00007ff9b7982000 	C:\Windows\System32\win32u.dll
0x00007ff9b8ed0000 - 0x00007ff9b8efa000 	C:\Windows\System32\GDI32.dll
0x00007ff9b75d0000 - 0x00007ff9b76db000 	C:\Windows\System32\gdi32full.dll
0x00007ff9b7990000 - 0x00007ff9b7a2d000 	C:\Windows\System32\msvcp_win.dll
0x00007ff9a3880000 - 0x00007ff9a3895000 	C:\Program Files\Java\jdk-11.0.15\bin\VCRUNTIME140.dll
0x00007ff9a35e0000 - 0x00007ff9a387a000 	C:\Windows\WinSxS\amd64_microsoft.windows.common-controls_6595b64144ccf1df_6.0.19041.1110_none_60b5254171f9507e\COMCTL32.dll
0x00007ff9af150000 - 0x00007ff9af15a000 	C:\Windows\SYSTEM32\VERSION.dll
0x00007ff9b7cb0000 - 0x00007ff9b7ce0000 	C:\Windows\System32\IMM32.DLL
0x00007ff9a3540000 - 0x00007ff9a35db000 	C:\Program Files\Java\jdk-11.0.15\bin\msvcp140.dll
0x00007ff9a2a20000 - 0x00007ff9a3536000 	C:\Program Files\Java\jdk-11.0.15\bin\server\jvm.dll
0x00007ff9b8fb0000 - 0x00007ff9b8fb8000 	C:\Windows\System32\PSAPI.DLL
0x00007ff9a5100000 - 0x00007ff9a5109000 	C:\Windows\SYSTEM32\WSOCK32.dll
0x00007ff9b8e60000 - 0x00007ff9b8ecb000 	C:\Windows\System32\WS2_32.dll
0x00007ff9aa7a0000 - 0x00007ff9aa7c7000 	C:\Windows\SYSTEM32\WINMM.dll
0x00007ff9b4fd0000 - 0x00007ff9b4fe2000 	C:\Windows\SYSTEM32\kernel.appcore.dll
0x00007ff9a2600000 - 0x00007ff9a2610000 	C:\Program Files\Java\jdk-11.0.15\bin\verify.dll
0x00007ff9aa820000 - 0x00007ff9aaa04000 	C:\Windows\SYSTEM32\DBGHELP.DLL
0x00007ff9aa6b0000 - 0x00007ff9aa6dc000 	C:\Windows\SYSTEM32\dbgcore.DLL
0x00007ff9b7540000 - 0x00007ff9b75c2000 	C:\Windows\System32\bcryptPrimitives.dll
0x00007ff9a25d0000 - 0x00007ff9a25f8000 	C:\Program Files\Java\jdk-11.0.15\bin\java.dll
0x00007ff9a25c0000 - 0x00007ff9a25ca000 	C:\Program Files\Java\jdk-11.0.15\bin\jimage.dll
0x00007ff9b2ab0000 - 0x00007ff9b2abe000 	C:\Program Files\Java\jdk-11.0.15\bin\instrument.dll
0x00007ff9a25a0000 - 0x00007ff9a25b6000 	C:\Program Files\Java\jdk-11.0.15\bin\zip.dll
0x00007ff9b82a0000 - 0x00007ff9b89e4000 	C:\Windows\System32\SHELL32.dll
0x00007ff9b51d0000 - 0x00007ff9b5964000 	C:\Windows\SYSTEM32\windows.storage.dll
0x00007ff9b7d40000 - 0x00007ff9b8094000 	C:\Windows\System32\combase.dll
0x00007ff9b69a0000 - 0x00007ff9b69d0000 	C:\Windows\SYSTEM32\Wldp.dll
0x00007ff9b8f00000 - 0x00007ff9b8fad000 	C:\Windows\System32\SHCORE.dll
0x00007ff9b93c0000 - 0x00007ff9b9415000 	C:\Windows\System32\shlwapi.dll
0x00007ff9b7030000 - 0x00007ff9b704f000 	C:\Windows\SYSTEM32\profapi.dll
0x00007ff9a2170000 - 0x00007ff9a2189000 	C:\Program Files\Java\jdk-11.0.15\bin\net.dll
0x00007ff9aec80000 - 0x00007ff9aed8a000 	C:\Windows\SYSTEM32\WINHTTP.dll
0x00007ff9b6780000 - 0x00007ff9b67ea000 	C:\Windows\system32\mswsock.dll
0x00007ff9a2150000 - 0x00007ff9a2162000 	C:\Program Files\Java\jdk-11.0.15\bin\nio.dll
0x00007ff99e030000 - 0x00007ff99e04a000 	C:\Program Files\JetBrains\IntelliJ IDEA Community Edition 2022.2.1\bin\breakgen64.dll
0x00007ff9a0c30000 - 0x00007ff9a0c39000 	C:\Program Files\Java\jdk-11.0.15\bin\management.dll
0x00007ff9a0c20000 - 0x00007ff9a0c2b000 	C:\Program Files\Java\jdk-11.0.15\bin\management_ext.dll
0x00007ff9a5110000 - 0x00007ff9a5127000 	C:\Windows\system32\napinsp.dll
0x00007ff9a4820000 - 0x00007ff9a483b000 	C:\Windows\system32\pnrpnsp.dll
0x00007ff9a4800000 - 0x00007ff9a4815000 	C:\Windows\system32\wshbth.dll
0x00007ff9b2a90000 - 0x00007ff9b2aad000 	C:\Windows\system32\NLAapi.dll
0x00007ff9b6490000 - 0x00007ff9b64cb000 	C:\Windows\SYSTEM32\IPHLPAPI.DLL
0x00007ff9b6530000 - 0x00007ff9b65fa000 	C:\Windows\SYSTEM32\DNSAPI.dll
0x00007ff9b7a30000 - 0x00007ff9b7a38000 	C:\Windows\System32\NSI.dll
0x00007ff9a47e0000 - 0x00007ff9a47f2000 	C:\Windows\System32\winrnr.dll
0x00007ff9ae8e0000 - 0x00007ff9ae8ea000 	C:\Windows\System32\rasadhlp.dll
0x00007ff9aeba0000 - 0x00007ff9aec20000 	C:\Windows\System32\fwpuclnt.dll
0x00007ff9b73c0000 - 0x00007ff9b73e7000 	C:\Windows\System32\bcrypt.dll
0x00007ff9b69e0000 - 0x00007ff9b69f8000 	C:\Windows\SYSTEM32\CRYPTSP.dll
0x00007ff9b6120000 - 0x00007ff9b6154000 	C:\Windows\system32\rsaenh.dll
0x00007ff9b6ff0000 - 0x00007ff9b701e000 	C:\Windows\SYSTEM32\USERENV.dll
0x00007ff9b6910000 - 0x00007ff9b691c000 	C:\Windows\SYSTEM32\CRYPTBASE.dll
0x00007ff9afc50000 - 0x00007ff9afc67000 	C:\Windows\SYSTEM32\dhcpcsvc6.DLL
0x00007ff9afc30000 - 0x00007ff9afc4d000 	C:\Windows\SYSTEM32\dhcpcsvc.DLL

dbghelp: loaded successfully - version: 4.0.5 - missing functions: none
symbol engine: initialized successfully - sym options: 0x614 - pdb path: .;C:\Program Files\Java\jdk-11.0.15\bin;C:\Windows\SYSTEM32;C:\Windows\WinSxS\amd64_microsoft.windows.common-controls_6595b64144ccf1df_6.0.19041.1110_none_60b5254171f9507e;C:\Program Files\Java\jdk-11.0.15\bin\server;C:\Program Files\JetBrains\IntelliJ IDEA Community Edition 2022.2.1\bin

VM Arguments:
jvm_args: -javaagent:C:\Program Files\JetBrains\IntelliJ IDEA Community Edition 2022.2.1\lib\idea_rt.jar=57623:C:\Program Files\JetBrains\IntelliJ IDEA Community Edition 2022.2.1\bin -Dfile.encoding=UTF-8 
java_command: com.training.activemq.SpringMain
java_class_path (initial): C:\Users\sfjbs\Downloads\spring_boot_activemq-main\spring_boot_activemq-main\Spring-Boot-JMS-ActiveMQ\target\classes;C:\Users\sfjbs\.m2\repository\org\springframework\boot\spring-boot-starter-web\2.6.2\spring-boot-starter-web-2.6.2.jar;C:\Users\sfjbs\.m2\repository\org\springframework\boot\spring-boot-starter\2.6.2\spring-boot-starter-2.6.2.jar;C:\Users\sfjbs\.m2\repository\org\springframework\boot\spring-boot\2.6.2\spring-boot-2.6.2.jar;C:\Users\sfjbs\.m2\repository\org\springframework\boot\spring-boot-autoconfigure\2.6.2\spring-boot-autoconfigure-2.6.2.jar;C:\Users\sfjbs\.m2\repository\org\springframework\boot\spring-boot-starter-logging\2.6.2\spring-boot-starter-logging-2.6.2.jar;C:\Users\sfjbs\.m2\repository\ch\qos\logback\logback-classic\1.2.9\logback-classic-1.2.9.jar;C:\Users\sfjbs\.m2\repository\ch\qos\logback\logback-core\1.2.9\logback-core-1.2.9.jar;C:\Users\sfjbs\.m2\repository\org\apache\logging\log4j\log4j-to-slf4j\2.17.0\log4j-to-slf4j-2.17.0.jar;C:\Users\sfjbs\.m2\repository\org\apache\logging\log4j\log4j-api\2.17.0\log4j-api-2.17.0.jar;C:\Users\sfjbs\.m2\repository\org\slf4j\jul-to-slf4j\1.7.32\jul-to-slf4j-1.7.32.jar;C:\Users\sfjbs\.m2\repository\jakarta\annotation\jakarta.annotation-api\1.3.5\jakarta.annotation-api-1.3.5.jar;C:\Users\sfjbs\.m2\repository\org\springframework\spring-core\5.3.14\spring-core-5.3.14.jar;C:\Users\sfjbs\.m2\repository\org\springframework\spring-jcl\5.3.14\spring-jcl-5.3.14.jar;C:\Users\sfjbs\.m2\repository\org\yaml\snakeyaml\1.29\snakeyaml-1.29.jar;C:\Users\sfjbs\.m2\repository\org\springframework\boot\spring-boot-starter-json\2.6.2\spring-boot-starter-json-2.6.2.jar;C:\Users\sfjbs\.m2\repository\com\fasterxml\jackson\core\jackson-databind\2.13.1\jackson-databind-2.13.1.jar;C:\Users\sfjbs\.m2\repository\com\fasterxml\jackson\core\jackson-annotations\2.13.1\jackson-annotations-2.13.1.jar;C:\Users\sfjbs\.m2\repository\com\fasterxml\jackson\core\jackson-core\2.13.1\jackson-core-2.13.1.jar;C:\User
Launcher Type: SUN_STANDARD

[Global flags]
     intx CICompilerCount                          = 2                                         {product} {ergonomic}
     uint ConcGCThreads                            = 1                                         {product} {ergonomic}
     uint G1ConcRefinementThreads                  = 2                                         {product} {ergonomic}
   size_t G1HeapRegionSize                         = 1048576                                   {product} {ergonomic}
    uintx GCDrainStackTargetSize                   = 64                                        {product} {ergonomic}
   size_t InitialHeapSize                          = 134217728                                 {product} {ergonomic}
   size_t MarkStackSize                            = 4194304                                   {product} {ergonomic}
   size_t MaxHeapSize                              = 2147483648                                {product} {ergonomic}
   size_t MaxNewSize                               = 1287651328                                {product} {ergonomic}
   size_t MinHeapDeltaBytes                        = 1048576                                   {product} {ergonomic}
    uintx NonNMethodCodeHeapSize                   = 5825164                                {pd product} {ergonomic}
    uintx NonProfiledCodeHeapSize                  = 122916538                              {pd product} {ergonomic}
    uintx ProfiledCodeHeapSize                     = 122916538                              {pd product} {ergonomic}
    uintx ReservedCodeCacheSize                    = 251658240                              {pd product} {ergonomic}
     bool SegmentedCodeCache                       = true                                      {product} {ergonomic}
     bool UseCompressedClassPointers               = true                                 {lp64_product} {ergonomic}
     bool UseCompressedOops                        = true                                 {lp64_product} {ergonomic}
     bool UseG1GC                                  = true                                      {product} {ergonomic}
     bool UseLargePagesIndividualAllocation        = false                                  {pd product} {ergonomic}

Logging:
Log output configuration:
 #0: stdout all=warning uptime,level,tags
 #1: stderr all=off uptime,level,tags

Environment Variables:
PATH=C:\Program Files\Common Files\Oracle\Java\javapath;C:\Windows\system32;C:\Windows;C:\Windows\System32\Wbem;C:\Windows\System32\WindowsPowerShell\v1.0\;C:\Windows\System32\OpenSSH\;C:\Program Files\PuTTY\;C:\Program Files\Git\cmd;C:\Program Files\Docker\Docker\resources\bin;C:\ProgramData\DockerDesktop\version-bin;C:\Users\sfjbs\Downloads\apache-maven-3.8.6-bin\apache-maven-3.8.6\bin;C:\Users\sfjbs\Downloads\apache-maven-3.8.6-bin\apache-maven-3.8.6\lib;C:\Users\sfjbs\AppData\Local\Microsoft\WindowsApps;C:\Program Files\JetBrains\IntelliJ IDEA Community Edition 2022.2.1\bin;;C:\Users\sfjbs\Downloads\apache-maven-3.8.6-bin\apache-maven-3.8.6\bin;C:\Users\sfjbs\Downloads\apache-maven-3.8.6-bin\apache-maven-3.8.6\lib;
USERNAME=sfjbs
OS=Windows_NT
PROCESSOR_IDENTIFIER=Intel64 Family 6 Model 85 Stepping 7, GenuineIntel



---------------  S Y S T E M  ---------------

OS: Windows 10 , 64 bit Build 19041 (10.0.19041.1889)
Hyper-V role detected

CPU:total 2 (initial active 2) (1 cores per cpu, 2 threads per core) family 6 model 85 stepping 7 microcode 0xffffffff, cmov, cx8, fxsr, mmx, sse, sse2, sse3, ssse3, sse4.1, sse4.2, popcnt, avx, avx2, aes, clmul, erms, rtm, 3dnowpref, lzcnt, ht, tsc, bmi1, bmi2, adx, evex, fma

Memory: 4k page, system-wide physical 8190M (788M free)
TotalPageFile size 10238M (AvailPageFile size 5M)
current process WorkingSet (physical memory assigned to process): 72M, peak: 192M
current process commit charge ("private bytes"): 327M, peak: 334M

vm_info: Java HotSpot(TM) 64-Bit Server VM (11.0.15+8-LTS-149) for windows-amd64 JRE (11.0.15+8-LTS-149), built on Mar  9 2022 22:42:32 by "mach5one" with MS VC++ 15.9 (VS2017)

END.
